  0.00167|D|logging| -- Log started - v 0.32.4.0 - x64 - build 16656 - 2024-08-08 -- 15:01:39 -----
  0.00169|D|logging| -- buildbot build 16656 on winbuildbot3 - 11/07/2024 - 13:21:15
  0.00169|D|logging| -- Log Format: Time since startup | Message level: D(ebug), I(nfo), W(arning), E(rror), A(lways) | Message
  0.00173|D|bng::Env::initialize| Initializing VFS
  0.00191|D|bng::Env::initialize| Installing SQLLite3 VFS wrapper
  0.00195|D|bng::Env::initialize| Loading settings from files
  0.00306|D|bng::Env::initialize| Initializing platform
  0.00306|D|bng::Env::initialize| Initializing Env done
  0.11493|I|engine::initFS| Virtual Filesystem: user path: D:\miracle\code\game\user\0.32\
  0.11494|D|engine::initFS|  - user path reason: Command argument -userpath
  0.11494|D|engine::initFS|  - user mods path: D:\miracle\code\game\user\0.32\mods/
  0.11494|D|engine::initFS|  - game mods path: D:/SteamLibrary/steamapps/common/BeamNG.drive/content/
  0.11503|I|engine::Processor::init| 11th Gen Intel(R) Core(TM) i7-11800H @ 2.30GHz ~2.30 GHz [HT,] 1 physical, 8 cores, 16 logical
  0.11505|D|main| H2 6B40197ECECCB9562E4FFE0290A495AA4209
  0.11624|D|engine::Platform::init| Initializing platform...
  0.11873|D|engine::DirectInputInputDeviceSystem::initialize| Initializing DirectInput...
  0.12733|D|engine::DirectInputInputDeviceSystem::enumerateDevices|  *** DirectInput device enumeration about to begin
  0.13206|D|engine::DirectInputDevice::initialize| Mouse [instance: Mouse] detected, created as mouse0 (asynchronous)
  0.13208|D|engine::DirectInputDevice::initialize|  - devtype 0x112
  0.13209|D|engine::DirectInputDevice::initialize|  - A mouse or mouse-like device (such as a trackball)
  0.13209|D|engine::DirectInputDevice::initialize|  + 3 axes
  0.13210|D|engine::DirectInputDevice::initialize|  + 5 buttons
  0.13215|D|engine::DirectInputDevice::initialize| created device 'mouse0', took 0.000s: create:0.005ms, caps:0.002ms, txts:0.050ms, enum:0.015ms, fmt:0.007ms, buff:0.011ms, axis:0.000ms
  0.13217|D|engine::DirectInputInputDeviceSystem::EnumDevicesProc| EnumDevicesProc() for device 'Mouse' took 0.000s: conv:0.002ms, type:0.000ms, xinp:0.177ms, add/create:0.144ms, create():0.000ms
  0.13344|D|engine::DirectInputDevice::initialize| Keyboard [instance: Keyboard] detected, created as keyboard0 (asynchronous)
  0.13345|D|engine::DirectInputDevice::initialize|  - devtype 0x413
  0.13346|D|engine::DirectInputDevice::initialize|  - Keyboard or keyboard-like:
  0.13346|D|engine::DirectInputDevice::initialize|   - IBM PC Enhanced 101/102-key or Microsoft Natural keyboard.
  0.13347|D|engine::DirectInputDevice::initialize|  + 128 buttons
  0.13691|D|engine::DirectInputDevice::initialize| created device 'keyboard0', took 0.004s: create:0.978ms, caps:0.001ms, txts:0.036ms, enum:3.403ms, fmt:0.025ms, buff:0.000ms, axis:0.000ms
  0.13693|D|engine::DirectInputInputDeviceSystem::EnumDevicesProc| EnumDevicesProc() for device 'Keyboard' took 0.004s: conv:0.001ms, type:0.000ms, xinp:0.000ms, add/create:4.491ms, create():0.000ms
  0.14574|D|engine::DirectInputInputDeviceSystem::EnumDevicesProc| Ignoring unsuitable didevice_type 0x11 (17) for device 'HID-compliant consumer control device'
  0.14575|D|engine::DirectInputInputDeviceSystem::EnumDevicesProc| EnumDevicesProc() for device 'HID-compliant consumer control device' took 0.000s: conv:0.001ms, type:0.013ms
  0.14664|D|engine::DirectInputInputDeviceSystem::EnumDevicesProc| Ignoring unsuitable didevice_type 0x11 (17) for device 'HID-compliant system controller'
  0.14666|D|engine::DirectInputInputDeviceSystem::EnumDevicesProc| EnumDevicesProc() for device 'HID-compliant system controller' took 0.000s: conv:0.001ms, type:0.013ms
  0.14759|D|engine::DirectInputInputDeviceSystem::EnumDevicesProc| Ignoring unsuitable didevice_type 0x11 (17) for device 'Intel(R) HID Event Filter'
  0.14760|D|engine::DirectInputInputDeviceSystem::EnumDevicesProc| EnumDevicesProc() for device 'Intel(R) HID Event Filter' took 0.000s: conv:0.001ms, type:0.012ms
  0.14862|D|engine::DirectInputInputDeviceSystem::EnumDevicesProc| Ignoring unsuitable didevice_type 0x11 (17) for device 'Converted Portable Device Control device'
  0.14865|D|engine::DirectInputInputDeviceSystem::EnumDevicesProc| EnumDevicesProc() for device 'Converted Portable Device Control device' took 0.000s: conv:0.002ms, type:0.028ms
  0.15010|D|engine::DirectInputInputDeviceSystem::EnumDevicesProc| Ignoring unsuitable didevice_type 0x11 (17) for device 'Converted Portable Device Control device'
  0.15011|D|engine::DirectInputInputDeviceSystem::EnumDevicesProc| EnumDevicesProc() for device 'Converted Portable Device Control device' took 0.000s: conv:0.001ms, type:0.013ms
  0.15060|D|engine::DirectInputInputDeviceSystem::EnumDevicesProc| Ignoring unsuitable didevice_type 0x11 (17) for device 'HIDI2C Device'
  0.15061|D|engine::DirectInputInputDeviceSystem::EnumDevicesProc| EnumDevicesProc() for device 'HIDI2C Device' took 0.000s: conv:0.000ms, type:0.010ms
  0.15101|D|engine::DirectInputInputDeviceSystem::EnumDevicesProc| Ignoring unsuitable didevice_type 0x11 (17) for device 'HIDI2C Device'
  0.15102|D|engine::DirectInputInputDeviceSystem::EnumDevicesProc| EnumDevicesProc() for device 'HIDI2C Device' took 0.000s: conv:0.000ms, type:0.009ms
  0.15126|D|engine::DirectInputInputDeviceSystem::enumerateDevices|  *** DirectInput device enumeration finished after 0.024s: DirectInput code:18.25ms, BeamNG code:5.637ms
  0.15166|D|engine::DirectInputInputDeviceSystem::enumerateDevices|  *** DirectInput device enumeration about to begin
  0.15558|D|engine::DirectInputDevice::initialize| Mouse [instance: Mouse] detected, created as mouse0 (asynchronous)
  0.15560|D|engine::DirectInputDevice::initialize|  - devtype 0x112
  0.15560|D|engine::DirectInputDevice::initialize|  - A mouse or mouse-like device (such as a trackball)
  0.15561|D|engine::DirectInputDevice::initialize|  + 3 axes
  0.15561|D|engine::DirectInputDevice::initialize|  + 5 buttons
  0.15566|D|engine::DirectInputDevice::initialize| created device 'mouse0', took 0.000s: create:0.001ms, caps:0.000ms, txts:0.032ms, enum:0.036ms, fmt:0.002ms, buff:0.000ms, axis:0.001ms
  0.15568|D|engine::DirectInputInputDeviceSystem::EnumDevicesProc| EnumDevicesProc() for device 'Mouse' took 0.000s: conv:0.001ms, type:0.000ms, xinp:0.001ms, add/create:0.103ms, create():0.000ms
  0.15571|D|engine::DirectInputDevice::initialize| Keyboard [instance: Keyboard] detected, created as keyboard0 (asynchronous)
  0.15572|D|engine::DirectInputDevice::initialize|  - devtype 0x413
  0.15572|D|engine::DirectInputDevice::initialize|  - Keyboard or keyboard-like:
  0.15572|D|engine::DirectInputDevice::initialize|   - IBM PC Enhanced 101/102-key or Microsoft Natural keyboard.
  0.15573|D|engine::DirectInputDevice::initialize|  + 128 buttons
  0.15645|D|engine::DirectInputDevice::initialize| created device 'keyboard0', took 0.001s: create:0.005ms, caps:0.000ms, txts:0.021ms, enum:0.668ms, fmt:0.035ms, buff:0.000ms, axis:0.000ms
  0.15649|D|engine::DirectInputInputDeviceSystem::EnumDevicesProc| EnumDevicesProc() for device 'Keyboard' took 0.001s: conv:0.000ms, type:0.000ms, xinp:0.000ms, add/create:0.780ms, create():0.000ms
  0.16556|D|engine::DirectInputInputDeviceSystem::EnumDevicesProc| Ignoring unsuitable didevice_type 0x11 (17) for device 'HID-compliant consumer control device'
  0.16560|D|engine::DirectInputInputDeviceSystem::EnumDevicesProc| EnumDevicesProc() for device 'HID-compliant consumer control device' took 0.000s: conv:0.003ms, type:0.035ms
  0.16649|D|engine::DirectInputInputDeviceSystem::EnumDevicesProc| Ignoring unsuitable didevice_type 0x11 (17) for device 'HID-compliant system controller'
  0.16651|D|engine::DirectInputInputDeviceSystem::EnumDevicesProc| EnumDevicesProc() for device 'HID-compliant system controller' took 0.000s: conv:0.001ms, type:0.019ms
  0.16738|D|engine::DirectInputInputDeviceSystem::EnumDevicesProc| Ignoring unsuitable didevice_type 0x11 (17) for device 'Intel(R) HID Event Filter'
  0.16740|D|engine::DirectInputInputDeviceSystem::EnumDevicesProc| EnumDevicesProc() for device 'Intel(R) HID Event Filter' took 0.000s: conv:0.001ms, type:0.014ms
  0.16821|D|engine::DirectInputInputDeviceSystem::EnumDevicesProc| Ignoring unsuitable didevice_type 0x11 (17) for device 'Converted Portable Device Control device'
  0.16824|D|engine::DirectInputInputDeviceSystem::EnumDevicesProc| EnumDevicesProc() for device 'Converted Portable Device Control device' took 0.000s: conv:0.000ms, type:0.013ms
  0.16905|D|engine::DirectInputInputDeviceSystem::EnumDevicesProc| Ignoring unsuitable didevice_type 0x11 (17) for device 'Converted Portable Device Control device'
  0.16906|D|engine::DirectInputInputDeviceSystem::EnumDevicesProc| EnumDevicesProc() for device 'Converted Portable Device Control device' took 0.000s: conv:0.001ms, type:0.011ms
  0.16950|D|engine::DirectInputInputDeviceSystem::EnumDevicesProc| Ignoring unsuitable didevice_type 0x11 (17) for device 'HIDI2C Device'
  0.16951|D|engine::DirectInputInputDeviceSystem::EnumDevicesProc| EnumDevicesProc() for device 'HIDI2C Device' took 0.000s: conv:0.000ms, type:0.010ms
  0.16987|D|engine::DirectInputInputDeviceSystem::EnumDevicesProc| Ignoring unsuitable didevice_type 0x11 (17) for device 'HIDI2C Device'
  0.16988|D|engine::DirectInputInputDeviceSystem::EnumDevicesProc| EnumDevicesProc() for device 'HIDI2C Device' took 0.000s: conv:0.000ms, type:0.008ms
  0.16989|D|engine::DirectInputInputDeviceSystem::enumerateDevices|  *** DirectInput device enumeration finished after 0.018s: DirectInput code:17.05ms, BeamNG code:1.168ms
  0.16995|D|engine::Platform::init| 11th Gen Intel(R) Core(TM) i7-11800H @ 2.30GHz GenuineIntel x64
  0.17000|D|engine::Platform::init| Microsoft Windows 11  (v10.0) (build 22631), 64-bit
  0.17001|D|engine::Platform::init| Physical memory: 31.73 GB
  0.17002|D|engine::Platform::init| Battery: state: 'high' - online
  0.17003|D|engine::Platform::init| Process Priority: Normal (0x20)
  0.17028|D|engine::ModuleManager::initializeSystem| initializing 109 modules (only displaying anything above 0.1 s)...
  0.17874|D|engine::SFXFMODProvider::init| SFXFMODProvider - FMOD API version: 2.02.17
  0.27209|D|engine::ModuleManager::initializeSystem|  - SFXModule in 0.1017915 seconds
  0.28868|D|engine::SFXSystem::createDevice| Using default audio device: Beyond TV (2- HD Audio Driver for Display Audio)
  0.38731|D|engine::SFXSystem::createDevice| Created FMOD device 'Beyond TV (2- HD Audio Driver for Display Audio)'
  0.38736|D|engine::SFXSystem::createDevice|    CAPS_VoiceManagement
  0.38759|D|engine::SFXSystem::finalizeInitialization|    Provider: FMOD
  0.38760|D|engine::SFXSystem::finalizeInitialization|    Hardware: false
  0.38760|D|engine::SFXSystem::finalizeInitialization|    Buffers: 16
  0.40022|I|GELua.| ============== GELUA VM loading ===============
  0.46826|D|GELua.gameplay_missions_progress.| Loaded 0 condition types from 0 files.
  0.46965|D|GELua.gameplay_missions_missions.| Loaded 2 procedural Mission Generators from 2 files.
  0.47173|D|GELua.gameplay_missions_unlocks.| Loaded 9 condition types from 4 files.
  0.48968|D|engine::ModuleManager::initializeSystem|  - GameEngineLua in 0.1019198 seconds
  0.48980|D|engine::GFXInit::init| GFX Init:
  0.48982|D|engine::_GFXInitReportAdapters|    Null device found
  0.49000|D|engine::ModuleManager::initializeSystem| ... all modules loaded in 0.31972560000000005 seconds
  0.49039|D|engine::MainLoop::init| OpenXR: Steam VR mode: disabled
  0.49117|D|CommandListener| CommandListener started
  0.50184|D|engine::GFXInit::createDevice| Available adapters: 2
  0.50187|D|engine::GFXInit::createDevice|  - name:NVIDIA GeForce RTX 3050 Ti Laptop GPU (D3D11), outputName:\\.\DISPLAY1, gfx:D3D11, gpu:NVIDIA GeForce RTX 3050 Ti Laptop GPU
  0.50187|D|engine::GFXInit::createDevice|  - name:GFX Null Device, outputName:, gfx:, gpu:
  0.50188|D|engine::GFXInit::createDevice| Attempting to create GFX device 0: NVIDIA GeForce RTX 3050 Ti Laptop GPU (D3D11) [with output \\.\DISPLAY1]
  0.50188|D|engine::GFXInit::createDevice| shader model: 5.0 , available video modes: 327
  0.50191|D|engine::GFXInit::createDevice| Device created, setting adapter and enumerating modes
  1.93549|D|engine::GFXD3D11Device::init| Hardware occlusion query detected: Yes
  1.93583|D|engine::GFXCardProfiler::init| D3D11 -  (NVIDIA GeForce RTX 3050 Ti Laptop GPU) [3965 MB] ver 
  1.93585|D|engine::GFXCardProfiler::setCapability| GFXCardProfiler (D3D11) - Setting capability 'maxTextureWidth' to 8192.
  1.93587|D|engine::GFXCardProfiler::setCapability| GFXCardProfiler (D3D11) - Setting capability 'maxTextureHeight' to 8192.
  1.93588|D|engine::GFXCardProfiler::setCapability| GFXCardProfiler (D3D11) - Setting capability 'maxTextureSize' to 8192.
  1.93589|D|engine::GFXCardProfiler::setCapability| GFXCardProfiler (D3D11) - Setting capability 'autoMipMapLevel' to 1.
  1.93589|D|engine::GFXCardProfiler::setCapability| GFXCardProfiler (D3D11) - Setting capability 'lerpDetailBlend' to 1.
  1.93590|D|engine::GFXCardProfiler::setCapability| GFXCardProfiler (D3D11) - Setting capability 'fourStageDetailBlend' to 1.
  1.93700|D|engine::ShaderGen::initShaderGen| Failed to remove file /temp/shaders/procedural/autogenConditioners.h
  1.93753|D|bng::VfsWrapper::sanitizePathAsStr| Empty path will be resolved to root but should not be used
  1.93777|D|bng::VfsWrapper::sanitizePathAsStr| Empty path will be resolved to root but should not be used
  1.93790|D|bng::VfsWrapper::sanitizePathAsStr| Empty path will be resolved to root but should not be used
  1.93813|D|bng::VfsWrapper::sanitizePathAsStr| Empty path will be resolved to root but should not be used
  1.93855|D|engine::GFXD3D11Device::init| GFXDevice 11 - SM 5
  1.93910|D|engine::GFXD3D11WindowTarget::init| setting video mode: Width 1280, Height 720, Format 28, Windowed 1
  1.93974|D|engine::Win32Window::setVideoMode| AntialiasLevel: 0, BitDepth: 32, DisplayMode: Window, RefreshRate: 60, Resolution: 3822x1893, wideScreen: false
  1.95348|D|engine::GFXD3D11WindowTarget::resetMode| setting video mode: Width 3822, Height 1893, Windowed 1, RefreshRate 60/1
  1.95362|D|engine::GFXD3D11WindowTarget::resetMode| D3D11Device::reset: resizing buffers: BufferCount 1, Width 3822, Height 1893, Format 28, Windowed 1
  1.95427|D|GELua.core_settings_graphic.graphic| Sanitizing display - //./DISPLAY1: Passed.
  1.95428|D|GELua.core_settings_graphic.graphic| Sanitizing display mode - Window: Passed.
  1.95429|D|GELua.core_settings_graphic.graphic| Sanitizing display resolution for Window mode - 3822 1893: Passed.
  1.96345|D|engine::GFXD3D11WindowTarget::resetMode| setting video mode: Width 3822, Height 1893, Windowed 1, RefreshRate 60/1
  1.96458|D|engine::GFXD3D11WindowTarget::resetMode| D3D11Device::reset: resizing buffers: BufferCount 1, Width 3822, Height 1893, Format 28, Windowed 1
  1.97119|D|engine::loadFonts| Loading 13 imgui fonts...
  1.97139|D|engine::imguiCreateContext| Adding fonts to imgui:
  1.97160|D|engine::imguiCreateContext| 	'cairo_bold'->'ui\common\Cairo-Bold.ttf' Scale: 1.3  RangeCount: 3
  1.97175|D|engine::imguiCreateContext| 	'cairo_regular'->'ui\common\Cairo-Regular.ttf' Scale: 1.3  RangeCount: 3
  1.97186|D|engine::imguiCreateContext| 	'cairo_regular_medium'->'ui\common\Cairo-Regular.ttf' Scale: 1.8  RangeCount: 3
  1.97201|D|engine::imguiCreateContext| 	'cairo_semibold_large'->'ui\common\Cairo-SemiBold.ttf' Scale: 2  RangeCount: 3
  1.97235|D|engine::imguiCreateContext| 	'consola_regular'->'C:\WINDOWS\Fonts\consola.ttf' Scale: 1  RangeCount: 4
  1.97265|D|engine::imguiCreateContext| 	'icons'->'ui\common\fa-solid-900.ttf' Scale: 3  RangeCount: 1
  1.97448|D|engine::imguiCreateContext| 	'notosans_jp_regular'->'ui\common\NotoSansJP-Regular.otf' Scale: 1  RangeCount: 3004
  1.97542|D|engine::imguiCreateContext| 	'notosans_kr_regular'->'ui\common\NotoSansKR-Regular.otf' Scale: 1  RangeCount: 3
  1.97844|D|engine::imguiCreateContext| 	'notosans_sc_regular'->'ui\common\NotoSansSC-Regular.otf' Scale: 1  RangeCount: 2506
  1.98045|D|engine::imguiCreateContext| 	'notosans_tc_regular'->'ui\common\NotoSansTC-Regular.otf' Scale: 1  RangeCount: 7
  1.98059|D|engine::imguiCreateContext| 	'prompt_regular'->'ui\common\Prompt-Regular.ttf' Scale: 1  RangeCount: 3
  1.98067|D|engine::imguiCreateContext| 	'robotomono_regular'->'ui\common\RobotoMono-Regular.ttf' Scale: 1  RangeCount: 4
  1.98113|D|engine::imguiCreateContext| 	'segoeui_regular'->'C:\WINDOWS\Fonts\segoeui.ttf' Scale: 1  RangeCount: 4
  2.98366|D|imgui.fonts| font texture contains 13 fonts. Atlas size: 4096x16384px
  2.98370|D|imgui.fonts|  - cairo_bold           [24.3 px]:    292 glyphs
  2.98370|D|imgui.fonts|  - cairo_regular        [24.3 px]:    292 glyphs
  2.98371|D|imgui.fonts|  - cairo_regular_medium [33.7 px]:    292 glyphs
  2.98371|D|imgui.fonts|  - cairo_semibold_large [37.4 px]:    292 glyphs
  2.98371|D|imgui.fonts|  - consola_regular      [18.7 px]:    465 glyphs
  2.98372|D|imgui.fonts|  - icons                [56.1 px]:     16 glyphs
  2.98372|D|imgui.fonts|  - notosans_jp_regular  [18.7 px]:   3685 glyphs
  2.98373|D|imgui.fonts|  - notosans_kr_regular  [18.7 px]:    388 glyphs
  2.98373|D|imgui.fonts|  - notosans_sc_regular  [18.7 px]:   3220 glyphs
  2.98374|D|imgui.fonts|  - notosans_tc_regular  [18.7 px]:  16064 glyphs
  2.98374|D|imgui.fonts|  - prompt_regular       [18.7 px]:    299 glyphs
  2.98375|D|imgui.fonts|  - robotomono_regular   [18.7 px]:    460 glyphs
  2.98375|D|imgui.fonts|  - segoeui_regular      [18.7 px]:    465 glyphs
  2.98376|D|imgui.fonts| 26230 glyphs totally
  3.09761|D|engine::SimObject::_setPersistentID| Setting a new persistent ID on an object that already has a persistent ID assigned: italy_guardrails [1532]. Old UUID: c11fd14b-8569-4389-8faa-502379c8dbab. New UUID: 5a6641e4-f09a-4d36-9dfa-a161d9a9bcaa
  3.21064|I|GELua.| ============== GELUA VM loaded ================
  3.28143|D|engine::run| Started up in 3.31 seconds: fs:31.29ms, crashrpt:16.76ms, fs:93.08ms, platform:54.11ms, modules:319.9ms, TScmdline:2756.ms, cef2:34.44ms
  3.28503|D|engine::DirectInputDevice::acquire| Succesfully acquired directinput device mouse0
  3.28564|D|engine::DirectInputDevice::acquire| Succesfully acquired directinput device keyboard0
  3.30094|W|GELua.core_levels.| info.json missing: /levels/GridMap/info.json
  3.30206|E|GELua.core_levels.| No entry point for level found: /levels/GridMap. Ignoring level.
  3.60154|D|GELua._lua_ge_extensions_gameplay_missions_proceduralMissionGenerators_timeTrialMissions.| Hid 0 prodecural TimeTrials missions because they were hidden by real missions.
  3.60187|D|GELua.gameplay_missions_missions.| Loaded 438 total missions: 399 from files, 39 from generators.
  3.95226|D|GELua.gameplay_missions_unlocks.| Processed unlock status of missions: 387/438 startable missions, 354/438 visible missions.
  3.96122|I|GELua.TechCom| Started listening on 127.0.0.1/64256.
  4.29990|D|engine::SFXFMODProject::acquire| SFXFMODProject: Opened project '/art/sound/fmod/desktop/main_preload.assets.bank' in 0.06126269999999945 seconds. Preload sample data = true.
  4.36888|D|engine::SFXFMODProject::acquire| SFXFMODProject: Opened project '/art/sound/fmod/desktop/main_preload.streams.bank' in 0.0688443999999997 seconds. Preload sample data = true.
  4.42934|D|engine::SFXFMODProject::acquire| SFXFMODProject: Opened project '/art/sound/fmod/desktop/vehicle_preload.assets.bank' in 0.0602330000000002 seconds. Preload sample data = true.
  4.48932|D|engine::SFXFMODProject::acquire| SFXFMODProject: Opened project '/art/sound/fmod/desktop/vehicle_preload.streams.bank' in 0.05978490000000036 seconds. Preload sample data = true.
  4.53859|D|engine::SFXFMODProject::acquire| SFXFMODProject: Opened project '/art/sound/fmod/desktop/ambient_maps.streams.bank' in 0.04898950000000024 seconds. Preload sample data = false.
  4.57863|D|engine::SFXFMODProject::acquire| SFXFMODProject: Opened project '/art/sound/fmod/desktop/music.assets.bank' in 0.039878900000000606 seconds. Preload sample data = false.
  4.61871|D|engine::SFXFMODProject::acquire| SFXFMODProject: Opened project '/art/sound/fmod/desktop/music.streams.bank' in 0.03992970000000007 seconds. Preload sample data = false.
  4.66878|D|engine::SFXFMODProject::acquire| SFXFMODProject: Opened project '/art/sound/fmod/desktop/ui.assets.bank' in 0.04995700000000003 seconds. Preload sample data = false.
  4.70875|D|engine::SFXFMODProject::acquire| SFXFMODProject: Opened project '/art/sound/fmod/desktop/ui.streams.bank' in 0.03981260000000031 seconds. Preload sample data = false.
  4.74933|D|engine::SFXFMODProject::acquire| SFXFMODProject: Opened project '/art/sound/fmod/desktop/vehicle.assets.bank' in 0.04040420000000022 seconds. Preload sample data = false.
  4.78856|D|engine::SFXFMODProject::acquire| SFXFMODProject: Opened project '/art/sound/fmod/desktop/vehicle.streams.bank' in 0.03909059999999975 seconds. Preload sample data = false.
  4.85950|D|engine::SFXFMODProject::acquire| SFXFMODProject: Opened project '/art/sound/fmod/desktop/main_preload.strings.bank' in 0.07066900000000054 seconds. Preload sample data = true.
  4.92500|D|engine::SFXFMODProject::acquire| SFXFMODProject: Opened project '/art/sound/fmod/desktop/main_preload.bank' in 0.06338420000000067 seconds. Preload sample data = true.
  5.19511|D|engine::SFXFMODProject::acquire| SFXFMODProject: Opened project '/art/sound/fmod/desktop/vehicle_preload.bank' in 0.2689382 seconds. Preload sample data = true.
  5.21891|D|engine::SFXFMODProject::acquire| SFXFMODProject: Opened project '/art/sound/fmod/desktop/music.bank' in 0.02209430000000001 seconds. Preload sample data = false.
  5.25915|D|engine::SFXFMODProject::acquire| SFXFMODProject: Opened project '/art/sound/fmod/desktop/ui.bank' in 0.04004389999999969 seconds. Preload sample data = false.
  5.37517|D|engine::SFXFMODProject::acquire| SFXFMODProject: Opened project '/art/sound/fmod/desktop/vehicle.bank' in 0.1150051999999997 seconds. Preload sample data = false.
  5.43017|D|GELua.core_input_bindings.bindings| Loaded 291 bindings for device keyboard0
  5.43059|D|GELua.core_input_bindings.bindings| Loaded 19 bindings for device mouse0
  5.56874|D|engine::SFXSystem::createDevice| Using default audio device: Beyond TV (2- HD Audio Driver for Display Audio)
  5.56931|D|GELua.gameplay_rawPois.| Raw Poi Lists Cleared. New Generation: 1
  5.56934|D|GELua.gameplay_rawPois.| Raw Poi Lists Cleared. New Generation: 2
  5.56954|D|GELua.gameplay_rawPois.| Raw Poi Lists Cleared. New Generation: 3
  5.56955|D|GELua.gameplay_rawPois.| Raw Poi Lists Cleared. New Generation: 4
  5.57130|D|GELua.core_settings_settings.| refreshLanguages(): oldLanguage = ""  appliedLanguage = "" userLanguage = ""
  5.57132|D|GELua.core_settings_settings.|        switching language.
  5.88544|D|engine::reloadLanguages| Switched to OS language: '' -> 'en-US' ('en-US')
  5.88718|D|GELua.core_settings_settings.| set font: segoeui_regular
  5.88989|D|GELua.core_settings_graphic.graphic| Applying graphic settings: \\.\DISPLAY1, Window, 3822 x 1893 60 Hz
  5.88994|D|engine::Win32Window::setVideoMode| AntialiasLevel: 0, BitDepth: 32, DisplayMode: Window, RefreshRate: 60, Resolution: 3822x1893, wideScreen: false
  5.90136|D|engine::GFXD3D11WindowTarget::resetMode| setting video mode: Width 3822, Height 1893, Windowed 1, RefreshRate 60/1
  5.90231|D|engine::GFXD3D11WindowTarget::resetMode| D3D11Device::reset: resizing buffers: BufferCount 1, Width 3822, Height 1893, Format 28, Windowed 1
  5.90878|D|engine::GFXD3D11WindowTarget::resetMode| setting video mode: Width 3822, Height 1893, Windowed 1, RefreshRate 60/1
  5.90912|D|engine::GFXD3D11WindowTarget::resetMode| D3D11Device::reset: resizing buffers: BufferCount 1, Width 3822, Height 1893, Format 28, Windowed 1
  5.91316|D|GELua.core_settings_graphic.graphic| Available Video Modes : { "4096 2160", "3840 2160", "2560 2048", "2560 1920", "2560 1600", "2560 1440", "2048 1536", "2048 1152", "1920 1440", "1920 1200", "1920 1080", "1856 1392", "1792 1344", "1680 1050", "1600 1200", "1600 900", "1440 900", "1400 1050", "1366 768", "1360 768", "1280 1024", "1280 960", "1280 800", "1280 768", "1280 720", "1280 600", "1152 864", "1024 768", "800 600", "720 576", "720 480", "640 480" }
  5.91328|D|engine::SFXSystem::createDevice| Using default audio device: Beyond TV (2- HD Audio Driver for Display Audio)
  6.41806|D|GELua.core_cameraModes_relative.core_camera.relative| No refNodes found, using default fallback
  6.43362|D|GELua.core_input_bindings.bindings| Loaded 291 bindings for device keyboard0
  6.43390|D|GELua.core_input_bindings.bindings| Loaded 19 bindings for device mouse0
  6.66992|D|GELua.core_gamestate.gamestate| show main menu (true)
  6.67819|D|GELua.core_gamestate.gamestate| ui finished loading
  6.72218|D|CEF.MainGEUI#local://local/ui/modules/apps/app-container.js:168| Expected AppLayout but didn't get one :-( 
  6.73441|D|GELua.core_modmanager.initDB| Notification : took 0.0068999999998098ms to reorganise 0 files
  6.82402|D|GELua.core_modmanager.initDB| Notification : took 89.5988ms to callback
  6.82860|D|GELua.gameplay_rawPois.| Raw Poi Lists Cleared. New Generation: 5
  7.04488|D|GELua._lua_ge_extensions_gameplay_missions_proceduralMissionGenerators_timeTrialMissions.| Hid 0 prodecural TimeTrials missions because they were hidden by real missions.
  7.04527|D|GELua.gameplay_missions_missions.| Loaded 438 total missions: 399 from files, 39 from generators.
  7.09709|D|GELua.gameplay_missions_unlocks.| Processed unlock status of missions: 387/438 startable missions, 354/438 visible missions.
 10.07077|I|GELua.tech_techCore.TechGE| Accepted new client: 127.0.0.1/55259
 10.18703|W|GELua.core_levels.| info.json missing: /levels/GridMap/info.json
 10.19042|E|GELua.core_levels.| No entry point for level found: /levels/GridMap. Ignoring level.
 10.24257|I|GELua.tech_techCore.TechGE| Loading scenario: /levels/automation_test_track/scenarios/Driving Analysis - Google Cloud Event.json
 10.24291|I|GELua.tech_techCore.TechGE| Scenario found...
 10.26688|W|GELua.extensions| Had to manually add the extension name to the list to unload. Auto resolution design did not work - gameplay_drift_stuntZones
 10.26868|W|GELua.extensions| Had to manually add the extension name to the list to unload. Auto resolution design did not work - gameplay_drift_display
 10.27780|D|GELua.scenario_scenarios.scenarios| loading level: /levels/automation_test_track/
 10.27783|D|GELua.core_gamestate.gamestate| loading screen request from: ; value before was: nil
 10.27783|D|GELua.core_gamestate.gamestate| sending show loading screen
 10.27786|D|GELua.core_gamestate.gamestate| ui initialised (true)
 10.27787|D|GELua.core_gamestate.gamestate| waiting for ui (false)
 10.27794|D|GELua.core_gamestate.gamestate| loading screen request from: server.lua; value before was: nil
 10.27796|D|GELua.core_gamestate.gamestate| ui initialised (true)
 10.27796|D|GELua.core_gamestate.gamestate| waiting for ui (false)
 10.27797|D|GELua.core_gamestate.gamestate| loading screen request from: worldReadyState; value before was: nil
 10.27798|D|GELua.core_gamestate.gamestate| ui initialised (true)
 10.27799|D|GELua.core_gamestate.gamestate| waiting for ui (false)
 10.27799|D|GELua.core_gamestate.gamestate| exiting : 
 10.65384|D|GELua.core_gamestate.gamestate| ui told us loading screen is now loaded
 10.65389|I|GELua.levelLoading| Level loading: '/levels/automation_test_track/'...
 10.67886|D|engine::SFXFMODProject::acquire| SFXFMODProject: Opened project '/art/sound/fmod/desktop/ambient_maps.assets.bank' in 0.021594999999999587 seconds. Preload sample data = false.
 10.76962|D|engine::SFXFMODProject::acquire| SFXFMODProject: Opened project '/art/sound/fmod/desktop/ambient_maps.bank' in 0.0486140000000006 seconds. Preload sample data = false.
 10.81109|D|GELua.core_vehicles.main| Loading default vehicle
 10.81115|D|GELua.core_vehicles.main| Loading the default vehicle pickup
 10.85604|D|engine::SimObject::_setPersistentID| Setting a new persistent ID on an object that already has a persistent ID assigned: m_line_white [1626]. Old UUID: e2345409-22a8-4baa-b3f5-b26aacff5cba. New UUID: c996ef66-d68a-4d4b-995f-f2b1ec99fe19
 10.85622|D|engine::SimObject::_setPersistentID| Setting a new persistent ID on an object that already has a persistent ID assigned: m_line_white_discontinue [1627]. Old UUID: fd47399b-2b07-46bd-b411-f79e4fb48c71. New UUID: 56dc23ba-c03d-4045-be52-9b658e08c7e6
 10.85629|D|engine::SimObject::_setPersistentID| Setting a new persistent ID on an object that already has a persistent ID assigned: m_line_yellow_double [1630]. Old UUID: a92ac7f1-f0a4-435d-8891-c5fa98d21edf. New UUID: 4db6866a-67c9-405c-8035-e76fafddf5d6
 10.85959|D|engine::SimObject::_setPersistentID| Setting a new persistent ID on an object that already has a persistent ID assigned: m_concrete_cinderblock_01 [1555]. Old UUID: 326f2115-9cbd-40c3-9d54-b34d9cd3967b. New UUID: 5f82888f-f24f-4e56-a15f-70e8a08bf49d
 10.86041|D|engine::SimObject::_setPersistentID| Setting a new persistent ID on an object that already has a persistent ID assigned: vertexColor_glow [1671]. Old UUID: 6244b732-a759-4704-8643-7d48cde33544. New UUID: 4bf9013f-5b89-4110-b073-404cf26524b3
 10.86237|D|engine::SimObject::_setPersistentID| Setting a new persistent ID on an object that already has a persistent ID assigned: sign_arrows [1662]. Old UUID: c80e9e3c-d18c-4ab1-ab02-a50b7485cded. New UUID: 5f51df4d-138f-4d52-9f14-3568473af5e7
 10.90667|D|engine::LoadingManager::loadLevelTile| Starting to load objects for /levels/automation_test_track/main/
 10.93137|D|engine::LoadingManager::loadLevelTile| * loading json took 0.025 s
 10.93184|D|engine::LoadingManager::loadLevelTile| * ordering json took 0.000 s
 11.12265|I|engine::TerrainCellMaterial::init| Loading TerrainMaterialTextureSet
 11.60446|D|LoadingManager| Loaded     1x    Terrain::TerrainBlock         in 0.655s (0.655s each; 0.655s total so far in this category)
 11.63657|D|LoadingManager| Loaded    14x Environment::GroundCover          in 0.022s (0.002s each; 0.032s total so far in this category)
 14.06621|D|LoadingManager| Loaded  3049x     Meshes::TSStatic             in 2.430s (0.001s each; 2.430s total so far in this category)
 14.11058|D|LoadingManager| Loaded   116x    Prefabs::Prefab               in 0.044s (0.000s each; 0.044s total so far in this category)
 14.61919|D|LoadingManager| Loaded  1466x      Roads::DecalRoad            in 0.509s (0.000s each; 0.509s total so far in this category)
 14.63275|D|LoadingManager| Loaded     8x      Other::River                in 0.011s (0.001s each; 0.011s total so far in this category)
 14.69525|D|engine::Forest::reloadData| Read 46339 forest items split into 53 different types
 15.38448|D|LoadingManager| Loaded     1x      Other::forest               in 0.752s (0.752s each; 0.763s total so far in this category)
 15.41322|I|engine::SceneStaticManagerRender::_onObjectsReady| *** Built static data in 0.026s
 15.41429|D|engine::LoadingManager::loadLevelTile| loadLevelTile took 4.482s
 15.41580|I|GELua.levelLoading| Level loaded: /levels/automation_test_track/info.json
 15.48479|I|engine::BeamNGPhysicsPlugin::reload| Physics collision reloading...
 16.22985|I|libbeamng.engine.staticCollision| *** Loaded Static Collision, containing 5111620 tris, in 0.379 s
 16.23046|I|engine::BeamNGPhysicsPlugin::reload| Physics collision reloaded in 0.745s (49285 entries generated in 0.365s, using  0.56mb)
 16.23199|D|GELua.spawn.lua| not spawning player upon request
 16.23204|D|GELua.core_gamestate.gamestate| exiting : server.lua
 16.23208|D|GELua.util_richPresence.Rich Presence| Playing Driving Analysis - Google Cloud Event
 16.23230|D|GELua.util_richPresence.Rich Presence| Playing Driving Analysis - Google Cloud Event on Automation Test Track
 16.23233|I|GELua.gameplay_speedTrapLeaderboards.| Loading leaderboards from settings/cloud/speedTrapLeaderboards/
 16.28222|D|GELua.clientStartMission| starting levelPath: /levels/automation_test_track/info.json
 16.28234|D|GELua.scenario_scenarios.scenarios| Starting scenario : Driving Analysis - Google Cloud Event
 16.28235|D|GELua.scenario_scenarios.scenarios| Scenario path : /levels/automation_test_track/scenarios/Driving Analysis - Google Cloud Event.json
 16.28245|D|GELua.scenario_scenarios.scenarios| spawning prefabs ...
 16.28249|D|GELua.lua| adding prefab driving analysis - google cloud event
 16.28255|D|GELua.lua| loading prefab driving analysis - google cloud event
 16.28306|I|engine::BeamNGVehicle::spawnObject| Spawning object 'pickup' with default config
 16.28703|W|engine::MaterialManager::mapMaterial| Warning, duplicate material. Overwriting. Old: /levels/automation_test_track/art/shapes/main.materials.json / pickup_orange / mapTo = orange vs new: /vehicles/pickup/main.materials.json / pickup_orange / mapTo = orange
 16.29705|D|engine::SimObject::_setPersistentID| Setting a new persistent ID on an object that already has a persistent ID assigned: van_taillight_R [16081]. Old UUID: 6f49a388-2db5-4dda-87ce-6ea675c7ac0e. New UUID: 80e6129d-5ec3-40ef-ac28-09fc043f8325
 16.35315|D|GELua.core_vehicle_manager.vehicleLoader| partConfigData [string] = ""
 16.35467|W|GELua.core_vehicle_partmgmt.| Problems reading requested configuration: ""
 16.35605|W|GELua.core_vehicle_partmgmt.main| Supplied config file:  not found. Using default config instead.
 17.14111|D|GELua.core_vehicle_manager.loader| GE load time: 0.796453 s
 17.18303|D|libbeamng.default.init| spawning vehicle /vehicles/pickup/
 17.24263|D|libbeamng.loader| Vehicle loading took: 17271.239 ms
 17.59634|D|GELua.core_cameraModes_relative.core_camera.relative| No refNodes found, using default fallback
 17.59918|D|GELua.core_camera.| Camera switched to "orbit"
 17.78430|D|GELua.util_richPresence.Rich Presence| Playing Driving Analysis - Google Cloud Event on Automation Test Track with Gavril D-Series
 17.80276|D|GELua.core_input_bindings.bindings| Loaded 297 bindings for device keyboard0
 17.80297|D|GELua.core_input_bindings.bindings| Loaded 19 bindings for device mouse0
 17.80299|D|engine::InputHelper::getFFBID|           Found 0 FFB binding candidates to be assigned for action "steering" in vehicle 'pickup', vehicle ID 21931 (sorted by suitability)
 17.80300|D|engine::InputRegistry::logFFBInterfaces| Found 0 FFBInterface candidates (unsorted)
 17.80302|D|engine::InputHelper::getFFBID| Step 2: No matches found for player 0, device 'keyboard0' (abandoning search on this device)
 17.80428|E|GELua.scenario_scenarios.scenarios| Prefab: driving analysis - google cloud event already exist in level. Rejecting loading of duplicate.
 17.80610|I|engine::BeamNGPhysicsPlugin::reload| Physics collision reloading...
 18.12737|I|engine::BeamNGPhysicsPlugin::reload| Physics collision reloaded in 0.321s (49285 entries generated in 0.321s, using  0.56mb)
 18.12951|D|GELua.scenario_scenarios.scenarios| changeState: pre-start
 18.13293|D|GELua.freeroam_facilities.| Loaded facilities on level automation_test_track (0 garages, 1 gasStations, 0 dealerships)
 18.31384|I|GELua.levelLoading| Loading screen disabled after 7.657s
 18.31514|I|GELua.levelLoading| Level loaded in 7.661s: init 0.154s + datablocks 0.040s + materials 0.055s + objects 4.510s + ai.map 0.000s + decals 0.068s + physics 0.746s + cam 0.000s + player 0.000s + fade 2.083s
 18.31800|D|GELua.serverConnection| Everything should be loaded setting worldReadyState to 1
 18.71057|I|libbeamng.engine.staticCollision| *** Loaded Static Collision, containing 5111620 tris, in 0.392 s
 19.35575|D|GELua.core_camera.| Running cameras order:
 19.35581|D|GELua.core_camera.|  #1: order=0.200, name=transition
 19.35583|D|GELua.core_camera.|  #2: order=0.500, name=trackir
 19.35584|D|GELua.core_camera.|  #3: order=0.600, name=fallback
 19.35585|D|GELua.core_camera.|  #4: order=1.000, name=gameengine
 19.35870|D|GELua.gameplay_playmodeMarkers.| Playmode markers/clusters cleared. New Generation: 5
 19.37195|D|GELua.gamestate| Checking material finished loading
 19.37197|D|GELua.core_gamestate.gamestate| exiting : worldReadyState
 19.37199|D|GELua.core_gamestate.gamestate| show main menu (false)
 19.37200|D|GELua.core_gamestate.gamestate| exiting loading screen to menu
 19.66597|D|engine::Material::_mapMaterial| [Material::mapMaterial] - Cannot map unnamed Material - /levels/automation_test_track/art/shapes/trees/trees_douglasfir/tree_douglasfir_small_d.cs
 19.99386|D|GELua.scenario_scenarios.processVehiclesInScene| processing vehicles. Found 1 vehicles
 19.99395|D|GELua.scenario_scenarios.scenarios| vehicle id: 21931 = Vehicle
 20.13010|D|GELua.util_richPresence.Rich Presence| Playing Driving Analysis - Google Cloud Event on Automation Test Track with Gavril D-Series
 20.13312|D|GELua.gameplay_playmodeMarkers.| Playmode clusters and markers cleared
 21.84826|I|libbeamng.TechCom| Started listening on 127.0.0.1/55269.
 21.88988|I|GELua.tech_techCore.TechGE| New vehicle connection: 21931, 55269
 22.07921|D|GELua.scenario_scenarios.scenarios| onScenarioUIReady(start)
 22.07931|D|GELua.scenario_scenarios.scenarios| changeState: pre-running
 22.07934|D|GELua.statistics_statistics.statistics| onRaceGoalsInitilised: called 
 22.07934|D|GELua.statistics_statistics.statistics| initialiseTables called...
 22.08091|I|GELua.scenario_waypoints.waypoints| initialise called....
 22.08187|I|GELua.scenario_waypoints.waypoints| No lapconfig found or lapconfig empty. Not initializing waypoints system
 22.08317|D|GELua.scenario_scenarios.scenarios| should run: false; state: pre-running
 23.56194|I|libbeamng.TechVE| Accepted new vehicle client: 127.0.0.1/55270
 23.62160|D|GELua.scenario_scenarios.scenarios| changeState: running
 23.62168|D|GELua.core_camera.| Camera switched to "orbit"
 23.62204|D|GELua.util_richPresence.Rich Presence| Playing Driving Analysis - Google Cloud Event on Automation Test Track with Gavril D-Series
 23.64792|D|GELua.scenario_scenarios.scenarios| onScenarioUIReady(play)
 23.64801|D|GELua.scenario_scenarios.scenarios| should run: false; state: running
 28.15257|D|engine::Win32Window::WindowProc| WM_DEVICECHANGE 'ARRIVAL' event for device dbcc_name: \\?\HID#VID_045E&PID_02FF&IG_00#7&610db76&2&0000#{4d1e55b2-f16f-11cf-88cb-001111000030}
 29.20353|D|engine::DirectInputDevice::unacquire| Succesfully unacquired directinput device mouse0
 29.20362|D|engine::DirectInputDevice::unacquire| Succesfully unacquired directinput device keyboard0
 29.20382|D|engine::DirectInputInputDeviceSystem::enumerateDevices|  *** DirectInput device enumeration about to begin
 29.21286|D|engine::DirectInputDevice::initialize| Mouse [instance: Mouse] detected, created as mouse0 (asynchronous)
 29.21289|D|engine::DirectInputDevice::initialize|  - devtype 0x112
 29.21289|D|engine::DirectInputDevice::initialize|  - A mouse or mouse-like device (such as a trackball)
 29.21290|D|engine::DirectInputDevice::initialize|  + 3 axes
 29.21290|D|engine::DirectInputDevice::initialize|  + 5 buttons
 29.21295|D|engine::DirectInputDevice::initialize| created device 'mouse0', took 0.000s: create:0.001ms, caps:0.000ms, txts:0.056ms, enum:0.012ms, fmt:0.003ms, buff:0.001ms, axis:0.000ms
 29.21296|D|engine::DirectInputInputDeviceSystem::EnumDevicesProc| EnumDevicesProc() for device 'Mouse' took 0.000s: conv:0.002ms, type:0.000ms, xinp:0.002ms, add/create:0.168ms, create():0.000ms
 29.21301|D|engine::DirectInputDevice::initialize| Keyboard [instance: Keyboard] detected, created as keyboard0 (asynchronous)
 29.21302|D|engine::DirectInputDevice::initialize|  - devtype 0x413
 29.21302|D|engine::DirectInputDevice::initialize|  - Keyboard or keyboard-like:
 29.21302|D|engine::DirectInputDevice::initialize|   - IBM PC Enhanced 101/102-key or Microsoft Natural keyboard.
 29.21303|D|engine::DirectInputDevice::initialize|  + 128 buttons
 29.21348|D|engine::DirectInputDevice::initialize| created device 'keyboard0', took 0.000s: create:0.010ms, caps:0.000ms, txts:0.023ms, enum:0.416ms, fmt:0.022ms, buff:0.000ms, axis:0.000ms
 29.21349|D|engine::DirectInputInputDeviceSystem::EnumDevicesProc| EnumDevicesProc() for device 'Keyboard' took 0.000s: conv:0.000ms, type:0.000ms, xinp:0.000ms, add/create:0.498ms, create():0.000ms
 29.22181|D|engine::DirectInputInputDeviceSystem::EnumDevicesProc| Ignoring unsuitable didevice_type 0x11 (17) for device 'HID-compliant consumer control device'
 29.22184|D|engine::DirectInputInputDeviceSystem::EnumDevicesProc| EnumDevicesProc() for device 'HID-compliant consumer control device' took 0.000s: conv:0.002ms, type:0.039ms
 29.22316|D|engine::DirectInputInputDeviceSystem::EnumDevicesProc| Ignoring unsuitable didevice_type 0x11 (17) for device 'HID-compliant system controller'
 29.22319|D|engine::DirectInputInputDeviceSystem::EnumDevicesProc| EnumDevicesProc() for device 'HID-compliant system controller' took 0.000s: conv:0.002ms, type:0.024ms
 29.22448|D|engine::DirectInputInputDeviceSystem::EnumDevicesProc| Ignoring unsuitable didevice_type 0x11 (17) for device 'Intel(R) HID Event Filter'
 29.22449|D|engine::DirectInputInputDeviceSystem::EnumDevicesProc| EnumDevicesProc() for device 'Intel(R) HID Event Filter' took 0.000s: conv:0.001ms, type:0.016ms
 29.22519|D|engine::DirectInputInputDeviceSystem::EnumDevicesProc| Direct Input device not registering, since its an XInput compatible device: 'Controller (Xbox One For Windows)', 'Controller (Xbox One For Windows)'
 29.22521|D|engine::DirectInputInputDeviceSystem::EnumDevicesProc| EnumDevicesProc() for device 'Controller (Xbox One For Windows)' took 0.000s: conv:0.001ms, type:0.001ms, xinp:0.020ms
 29.22623|D|engine::DirectInputInputDeviceSystem::EnumDevicesProc| Ignoring unsuitable didevice_type 0x11 (17) for device 'Converted Portable Device Control device'
 29.22626|D|engine::DirectInputInputDeviceSystem::EnumDevicesProc| EnumDevicesProc() for device 'Converted Portable Device Control device' took 0.000s: conv:0.001ms, type:0.020ms
 29.22709|D|engine::DirectInputInputDeviceSystem::EnumDevicesProc| Ignoring unsuitable didevice_type 0x11 (17) for device 'Converted Portable Device Control device'
 29.22711|D|engine::DirectInputInputDeviceSystem::EnumDevicesProc| EnumDevicesProc() for device 'Converted Portable Device Control device' took 0.000s: conv:0.001ms, type:0.014ms
 29.22769|D|engine::DirectInputInputDeviceSystem::EnumDevicesProc| Ignoring unsuitable didevice_type 0x11 (17) for device 'HIDI2C Device'
 29.22770|D|engine::DirectInputInputDeviceSystem::EnumDevicesProc| EnumDevicesProc() for device 'HIDI2C Device' took 0.000s: conv:0.001ms, type:0.014ms
 29.22811|D|engine::DirectInputInputDeviceSystem::EnumDevicesProc| Ignoring unsuitable didevice_type 0x11 (17) for device 'HIDI2C Device'
 29.22812|D|engine::DirectInputInputDeviceSystem::EnumDevicesProc| EnumDevicesProc() for device 'HIDI2C Device' took 0.000s: conv:0.002ms, type:0.009ms
 29.22814|D|engine::DirectInputInputDeviceSystem::enumerateDevices|  *** DirectInput device enumeration finished after 0.024s: DirectInput code:23.31ms, BeamNG code:0.968ms
 29.23492|D|engine::DirectInputDevice::acquire| Succesfully acquired directinput device mouse0
 29.23586|D|engine::DirectInputDevice::acquire| Succesfully acquired directinput device keyboard0
 29.23613|I|GELua.core_input_bindings.bindings| Controller connected: XBox Controller 1 (xinput0/0xXIDevice)
 29.26158|D|GELua.core_input_bindings.bindings| Loaded 297 bindings for device keyboard0
 29.26259|D|GELua.core_input_bindings.bindings| Loaded 19 bindings for device mouse0
 29.26374|D|GELua.core_input_bindings.bindings| Loaded 45 bindings for device xinput0
 29.26380|D|engine::InputHelper::getFFBID|           Found 1 FFB binding candidates to be assigned for action "steering" in vehicle 'pickup', vehicle ID 21931 (sorted by suitability)
 29.26380|D|engine::InputHelper::getFFBID|            * playerBinding: Player 0, devName "xinput0", control "thumblx"
 29.26381|D|engine::InputRegistry::logFFBInterfaces| Found 0 FFBInterface candidates (unsorted)
 29.26382|D|engine::InputHelper::getFFBID| Step 1: Wrong match found for player 0, device 'xinput0', control 'thumblx', ffbAxisIndex 0, ffbAxisName 'default' (has FFB disabled)
 29.26383|D|engine::InputHelper::getFFBID| Step 1: No matches found for player 0, device 'xinput0', control 'thumblx' (abandoning search on this device)
 29.26385|D|engine::InputHelper::getFFBID| Step 2: Wrong match found for player 0, device 'xinput0', ffbAxisIndex 0, ffbAxisName 'default' (has FFB disabled)
 29.26385|D|engine::InputHelper::getFFBID| Step 2: No matches found for player 0, device 'xinput0' (abandoning search on this device)
 29.26386|D|engine::InputHelper::getFFBID| Step 2: No matches found for player 0, device 'keyboard0' (abandoning search on this device)
 87.23044|E|libbeamng.TechCom| Error reading f