  0.00156|D|logging| -- Log started - v 0.32.4.0 - x64 - build 16656 - 2024-08-08 -- 15:07:44 -----
  0.00157|D|logging| -- buildbot build 16656 on winbuildbot3 - 11/07/2024 - 13:21:15
  0.00157|D|logging| -- Log Format: Time since startup | Message level: D(ebug), I(nfo), W(arning), E(rror), A(lways) | Message
  0.00162|D|bng::Env::initialize| Initializing VFS
  0.00180|D|bng::Env::initialize| Installing SQLLite3 VFS wrapper
  0.00184|D|bng::Env::initialize| Loading settings from files
  0.00286|D|bng::Env::initialize| Initializing platform
  0.00287|D|bng::Env::initialize| Initializing Env done
  0.11108|I|engine::initFS| Virtual Filesystem: user path: D:\miracle\code\game\user\0.32\
  0.11109|D|engine::initFS|  - user path reason: Command argument -userpath
  0.11110|D|engine::initFS|  - user mods path: D:\miracle\code\game\user\0.32\mods/
  0.11110|D|engine::initFS|  - game mods path: D:/SteamLibrary/steamapps/common/BeamNG.drive/content/
  0.11128|I|engine::Processor::init| 11th Gen Intel(R) Core(TM) i7-11800H @ 2.30GHz ~2.30 GHz [HT,] 1 physical, 8 cores, 16 logical
  0.11131|D|main| H2 6B40197ECECCB9562E4FFE0290A495AA4209
  0.11247|D|engine::Platform::init| Initializing platform...
  0.11737|D|engine::DirectInputInputDeviceSystem::initialize| Initializing DirectInput...
  0.12578|D|engine::DirectInputInputDeviceSystem::enumerateDevices|  *** DirectInput device enumeration about to begin
  0.13089|D|engine::DirectInputDevice::initialize| Mouse [instance: Mouse] detected, created as mouse0 (asynchronous)
  0.13091|D|engine::DirectInputDevice::initialize|  - devtype 0x112
  0.13092|D|engine::DirectInputDevice::initialize|  - A mouse or mouse-like device (such as a trackball)
  0.13092|D|engine::DirectInputDevice::initialize|  + 3 axes
  0.13093|D|engine::DirectInputDevice::initialize|  + 5 buttons
  0.13097|D|engine::DirectInputDevice::initialize| created device 'mouse0', took 0.000s: create:0.004ms, caps:0.002ms, txts:0.042ms, enum:0.014ms, fmt:0.007ms, buff:0.008ms, axis:0.000ms
  0.13099|D|engine::DirectInputInputDeviceSystem::EnumDevicesProc| EnumDevicesProc() for device 'Mouse' took 0.000s: conv:0.001ms, type:0.000ms, xinp:0.136ms, add/create:0.119ms, create():0.000ms
  0.13137|D|engine::DirectInputDevice::initialize| Keyboard [instance: Keyboard] detected, created as keyboard0 (asynchronous)
  0.13137|D|engine::DirectInputDevice::initialize|  - devtype 0x413
  0.13138|D|engine::DirectInputDevice::initialize|  - Keyboard or keyboard-like:
  0.13138|D|engine::DirectInputDevice::initialize|   - IBM PC Enhanced 101/102-key or Microsoft Natural keyboard.
  0.13139|D|engine::DirectInputDevice::initialize|  + 128 buttons
  0.13439|D|engine::DirectInputDevice::initialize| created device 'keyboard0', took 0.003s: create:0.146ms, caps:0.000ms, txts:0.026ms, enum:2.966ms, fmt:0.021ms, buff:0.000ms, axis:0.000ms
  0.13441|D|engine::DirectInputInputDeviceSystem::EnumDevicesProc| EnumDevicesProc() for device 'Keyboard' took 0.003s: conv:0.001ms, type:0.000ms, xinp:0.000ms, add/create:3.220ms, create():0.000ms
  0.14220|D|engine::DirectInputInputDeviceSystem::EnumDevicesProc| Ignoring unsuitable didevice_type 0x11 (17) for device 'HID-compliant consumer control device'
  0.14222|D|engine::DirectInputInputDeviceSystem::EnumDevicesProc| EnumDevicesProc() for device 'HID-compliant consumer control device' took 0.000s: conv:0.001ms, type:0.017ms
  0.14314|D|engine::DirectInputInputDeviceSystem::EnumDevicesProc| Ignoring unsuitable didevice_type 0x11 (17) for device 'HID-compliant system controller'
  0.14316|D|engine::DirectInputInputDeviceSystem::EnumDevicesProc| EnumDevicesProc() for device 'HID-compliant system controller' took 0.000s: conv:0.001ms, type:0.022ms
  0.14412|D|engine::DirectInputInputDeviceSystem::EnumDevicesProc| Ignoring unsuitable didevice_type 0x11 (17) for device 'Intel(R) HID Event Filter'
  0.14414|D|engine::DirectInputInputDeviceSystem::EnumDevicesProc| EnumDevicesProc() for device 'Intel(R) HID Event Filter' took 0.000s: conv:0.001ms, type:0.016ms
  0.14482|D|engine::DirectInputInputDeviceSystem::EnumDevicesProc| Direct Input device not registering, since its an XInput compatible device: 'Controller (Xbox One For Windows)', 'Controller (Xbox One For Windows)'
  0.14483|D|engine::DirectInputInputDeviceSystem::EnumDevicesProc| EnumDevicesProc() for device 'Controller (Xbox One For Windows)' took 0.000s: conv:0.001ms, type:0.000ms, xinp:0.013ms
  0.14673|D|engine::DirectInputInputDeviceSystem::EnumDevicesProc| Ignoring unsuitable didevice_type 0x11 (17) for device 'Converted Portable Device Control device'
  0.14676|D|engine::DirectInputInputDeviceSystem::EnumDevicesProc| EnumDevicesProc() for device 'Converted Portable Device Control device' took 0.000s: conv:0.003ms, type:0.029ms
  0.14764|D|engine::DirectInputInputDeviceSystem::EnumDevicesProc| Ignoring unsuitable didevice_type 0x11 (17) for device 'Converted Portable Device Control device'
  0.14767|D|engine::DirectInputInputDeviceSystem::EnumDevicesProc| EnumDevicesProc() for device 'Converted Portable Device Control device' took 0.000s: conv:0.002ms, type:0.021ms
  0.14819|D|engine::DirectInputInputDeviceSystem::EnumDevicesProc| Ignoring unsuitable didevice_type 0x11 (17) for device 'HIDI2C Device'
  0.14821|D|engine::DirectInputInputDeviceSystem::EnumDevicesProc| EnumDevicesProc() for device 'HIDI2C Device' took 0.000s: conv:0.000ms, type:0.010ms
  0.14857|D|engine::DirectInputInputDeviceSystem::EnumDevicesProc| Ignoring unsuitable didevice_type 0x11 (17) for device 'HIDI2C Device'
  0.14858|D|engine::DirectInputInputDeviceSystem::EnumDevicesProc| EnumDevicesProc() for device 'HIDI2C Device' took 0.000s: conv:0.001ms, type:0.008ms
  0.14889|D|engine::DirectInputInputDeviceSystem::enumerateDevices|  *** DirectInput device enumeration finished after 0.023s: DirectInput code:18.66ms, BeamNG code:4.400ms
  0.14947|D|engine::DirectInputInputDeviceSystem::enumerateDevices|  *** DirectInput device enumeration about to begin
  0.15449|D|engine::DirectInputDevice::initialize| Mouse [instance: Mouse] detected, created as mouse0 (asynchronous)
  0.15450|D|engine::DirectInputDevice::initialize|  - devtype 0x112
  0.15451|D|engine::DirectInputDevice::initialize|  - A mouse or mouse-like device (such as a trackball)
  0.15451|D|engine::DirectInputDevice::initialize|  + 3 axes
  0.15452|D|engine::DirectInputDevice::initialize|  + 5 buttons
  0.15454|D|engine::DirectInputDevice::initialize| created device 'mouse0', took 0.000s: create:0.001ms, caps:0.000ms, txts:0.033ms, enum:0.009ms, fmt:0.002ms, buff:0.001ms, axis:0.000ms
  0.15456|D|engine::DirectInputInputDeviceSystem::EnumDevicesProc| EnumDevicesProc() for device 'Mouse' took 0.000s: conv:0.001ms, type:0.000ms, xinp:0.001ms, add/create:0.072ms, create():0.000ms
  0.15459|D|engine::DirectInputDevice::initialize| Keyboard [instance: Keyboard] detected, created as keyboard0 (asynchronous)
  0.15460|D|engine::DirectInputDevice::initialize|  - devtype 0x413
  0.15460|D|engine::DirectInputDevice::initialize|  - Keyboard or keyboard-like:
  0.15461|D|engine::DirectInputDevice::initialize|   - IBM PC Enhanced 101/102-key or Microsoft Natural keyboard.
  0.15461|D|engine::DirectInputDevice::initialize|  + 128 buttons
  0.15483|D|engine::DirectInputDevice::initialize| created device 'keyboard0', took 0.000s: create:0.006ms, caps:0.000ms, txts:0.023ms, enum:0.189ms, fmt:0.018ms, buff:0.000ms, axis:0.000ms
  0.15484|D|engine::DirectInputInputDeviceSystem::EnumDevicesProc| EnumDevicesProc() for device 'Keyboard' took 0.000s: conv:0.000ms, type:0.000ms, xinp:0.000ms, add/create:0.253ms, create():0.000ms
  0.16199|D|engine::DirectInputInputDeviceSystem::EnumDevicesProc| Ignoring unsuitable didevice_type 0x11 (17) for device 'HID-compliant consumer control device'
  0.16201|D|engine::DirectInputInputDeviceSystem::EnumDevicesProc| EnumDevicesProc() for device 'HID-compliant consumer control device' took 0.000s: conv:0.001ms, type:0.011ms
  0.16276|D|engine::DirectInputInputDeviceSystem::EnumDevicesProc| Ignoring unsuitable didevice_type 0x11 (17) for device 'HID-compliant system controller'
  0.16278|D|engine::DirectInputInputDeviceSystem::EnumDevicesProc| EnumDevicesProc() for device 'HID-compliant system controller' took 0.000s: conv:0.000ms, type:0.011ms
  0.16355|D|engine::DirectInputInputDeviceSystem::EnumDevicesProc| Ignoring unsuitable didevice_type 0x11 (17) for device 'Intel(R) HID Event Filter'
  0.16360|D|engine::DirectInputInputDeviceSystem::EnumDevicesProc| EnumDevicesProc() for device 'Intel(R) HID Event Filter' took 0.000s: conv:0.001ms, type:0.054ms
  0.16414|D|engine::DirectInputInputDeviceSystem::EnumDevicesProc| Direct Input device not registering, since its an XInput compatible device: 'Controller (Xbox One For Windows)', 'Controller (Xbox One For Windows)'
  0.16415|D|engine::DirectInputInputDeviceSystem::EnumDevicesProc| EnumDevicesProc() for device 'Controller (Xbox One For Windows)' took 0.000s: conv:0.000ms, type:0.000ms, xinp:0.017ms
  0.16485|D|engine::DirectInputInputDeviceSystem::EnumDevicesProc| Ignoring unsuitable didevice_type 0x11 (17) for device 'Converted Portable Device Control device'
  0.16486|D|engine::DirectInputInputDeviceSystem::EnumDevicesProc| EnumDevicesProc() for device 'Converted Portable Device Control device' took 0.000s: conv:0.001ms, type:0.011ms
  0.16555|D|engine::DirectInputInputDeviceSystem::EnumDevicesProc| Ignoring unsuitable didevice_type 0x11 (17) for device 'Converted Portable Device Control device'
  0.16556|D|engine::DirectInputInputDeviceSystem::EnumDevicesProc| EnumDevicesProc() for device 'Converted Portable Device Control device' took 0.000s: conv:0.001ms, type:0.012ms
  0.16593|D|engine::DirectInputInputDeviceSystem::EnumDevicesProc| Ignoring unsuitable didevice_type 0x11 (17) for device 'HIDI2C Device'
  0.16594|D|engine::DirectInputInputDeviceSystem::EnumDevicesProc| EnumDevicesProc() for device 'HIDI2C Device' took 0.000s: conv:0.000ms, type:0.008ms
  0.16626|D|engine::DirectInputInputDeviceSystem::EnumDevicesProc| Ignoring unsuitable didevice_type 0x11 (17) for device 'HIDI2C Device'
  0.16627|D|engine::DirectInputInputDeviceSystem::EnumDevicesProc| EnumDevicesProc() for device 'HIDI2C Device' took 0.000s: conv:0.001ms, type:0.007ms
  0.16628|D|engine::DirectInputInputDeviceSystem::enumerateDevices|  *** DirectInput device enumeration finished after 0.017s: DirectInput code:16.25ms, BeamNG code:0.546ms
  0.16633|D|engine::Platform::init| 11th Gen Intel(R) Core(TM) i7-11800H @ 2.30GHz GenuineIntel x64
  0.16638|D|engine::Platform::init| Microsoft Windows 11  (v10.0) (build 22631), 64-bit
  0.16639|D|engine::Platform::init| Physical memory: 31.73 GB
  0.16641|D|engine::Platform::init| Battery: state: 'high' - online
  0.16641|D|engine::Platform::init| Process Priority: Normal (0x20)
  0.16665|D|engine::ModuleManager::initializeSystem| initializing 109 modules (only displaying anything above 0.1 s)...
  0.17426|D|engine::SFXFMODProvider::init| SFXFMODProvider - FMOD API version: 2.02.17
  0.28358|D|engine::SFXSystem::createDevice| Using default audio device: Beyond TV (2- HD Audio Driver for Display Audio)
  0.37375|D|engine::SFXSystem::createDevice| Created FMOD device 'Beyond TV (2- HD Audio Driver for Display Audio)'
  0.37379|D|engine::SFXSystem::createDevice|    CAPS_VoiceManagement
  0.37401|D|engine::SFXSystem::finalizeInitialization|    Provider: FMOD
  0.37402|D|engine::SFXSystem::finalizeInitialization|    Hardware: false
  0.37402|D|engine::SFXSystem::finalizeInitialization|    Buffers: 16
  0.38684|I|GELua.| ============== GELUA VM loading ===============
  0.45696|D|GELua.gameplay_missions_progress.| Loaded 0 condition types from 0 files.
  0.45827|D|GELua.gameplay_missions_missions.| Loaded 2 procedural Mission Generators from 2 files.
  0.46032|D|GELua.gameplay_missions_unlocks.| Loaded 9 condition types from 4 files.
  0.47867|D|engine::ModuleManager::initializeSystem|  - GameEngineLua in 0.1045202 seconds
  0.47874|D|engine::GFXInit::init| GFX Init:
  0.47875|D|engine::_GFXInitReportAdapters|    Null device found
  0.47884|D|engine::ModuleManager::initializeSystem| ... all modules loaded in 0.31218690000000004 seconds
  0.47899|D|engine::MainLoop::init| OpenXR: Steam VR mode: disabled
  0.47947|D|CommandListener| CommandListener started
  0.48968|D|engine::GFXInit::createDevice| Available adapters: 2
  0.48969|D|engine::GFXInit::createDevice|  - name:NVIDIA GeForce RTX 3050 Ti Laptop GPU (D3D11), outputName:\\.\DISPLAY1, gfx:D3D11, gpu:NVIDIA GeForce RTX 3050 Ti Laptop GPU
  0.48972|D|engine::GFXInit::createDevice|  - name:GFX Null Device, outputName:, gfx:, gpu:
  0.48972|D|engine::GFXInit::createDevice| Attempting to create GFX device 0: NVIDIA GeForce RTX 3050 Ti Laptop GPU (D3D11) [with output \\.\DISPLAY1]
  0.48973|D|engine::GFXInit::createDevice| shader model: 5.0 , available video modes: 327
  0.48975|D|engine::GFXInit::createDevice| Device created, setting adapter and enumerating modes
  1.96599|D|engine::GFXD3D11Device::init| Hardware occlusion query detected: Yes
  1.96622|D|engine::GFXCardProfiler::init| D3D11 -  (NVIDIA GeForce RTX 3050 Ti Laptop GPU) [3965 MB] ver 
  1.96624|D|engine::GFXCardProfiler::setCapability| GFXCardProfiler (D3D11) - Setting capability 'maxTextureWidth' to 8192.
  1.96624|D|engine::GFXCardProfiler::setCapability| GFXCardProfiler (D3D11) - Setting capability 'maxTextureHeight' to 8192.
  1.96625|D|engine::GFXCardProfiler::setCapability| GFXCardProfiler (D3D11) - Setting capability 'maxTextureSize' to 8192.
  1.96626|D|engine::GFXCardProfiler::setCapability| GFXCardProfiler (D3D11) - Setting capability 'autoMipMapLevel' to 1.
  1.96626|D|engine::GFXCardProfiler::setCapability| GFXCardProfiler (D3D11) - Setting capability 'lerpDetailBlend' to 1.
  1.96627|D|engine::GFXCardProfiler::setCapability| GFXCardProfiler (D3D11) - Setting capability 'fourStageDetailBlend' to 1.
  1.96723|D|engine::ShaderGen::initShaderGen| Failed to remove file /temp/shaders/procedural/autogenConditioners.h
  1.96768|D|bng::VfsWrapper::sanitizePathAsStr| Empty path will be resolved to root but should not be used
  1.96787|D|bng::VfsWrapper::sanitizePathAsStr| Empty path will be resolved to root but should not be used
  1.96807|D|bng::VfsWrapper::sanitizePathAsStr| Empty path will be resolved to root but should not be used
  1.96824|D|bng::VfsWrapper::sanitizePathAsStr| Empty path will be resolved to root but should not be used
  1.96863|D|engine::GFXD3D11Device::init| GFXDevice 11 - SM 5
  1.96911|D|engine::GFXD3D11WindowTarget::init| setting video mode: Width 1280, Height 720, Format 28, Windowed 1
  1.96938|D|engine::Win32Window::setVideoMode| AntialiasLevel: 0, BitDepth: 32, DisplayMode: Window, RefreshRate: 60, Resolution: 3822x1893, wideScreen: false
  1.98954|D|engine::GFXD3D11WindowTarget::resetMode| setting video mode: Width 3822, Height 1893, Windowed 1, RefreshRate 60/1
  1.98963|D|engine::GFXD3D11WindowTarget::resetMode| D3D11Device::reset: resizing buffers: BufferCount 1, Width 3822, Height 1893, Format 28, Windowed 1
  1.99043|D|GELua.core_settings_graphic.graphic| Sanitizing display - //./DISPLAY1: Passed.
  1.99046|D|GELua.core_settings_graphic.graphic| Sanitizing display mode - Window: Passed.
  1.99047|D|GELua.core_settings_graphic.graphic| Sanitizing display resolution for Window mode - 3822 1893: Passed.
  1.99813|D|engine::GFXD3D11WindowTarget::resetMode| setting video mode: Width 3822, Height 1893, Windowed 1, RefreshRate 60/1
  1.99911|D|engine::GFXD3D11WindowTarget::resetMode| D3D11Device::reset: resizing buffers: BufferCount 1, Width 3822, Height 1893, Format 28, Windowed 1
  2.00633|D|engine::loadFonts| Loading 13 imgui fonts...
  2.00645|D|engine::imguiCreateContext| Adding fonts to imgui:
  2.00666|D|engine::imguiCreateContext| 	'cairo_bold'->'ui\common\Cairo-Bold.ttf' Scale: 1.3  RangeCount: 3
  2.00690|D|engine::imguiCreateContext| 	'cairo_regular'->'ui\common\Cairo-Regular.ttf' Scale: 1.3  RangeCount: 3
  2.00705|D|engine::imguiCreateContext| 	'cairo_regular_medium'->'ui\common\Cairo-Regular.ttf' Scale: 1.8  RangeCount: 3
  2.00720|D|engine::imguiCreateContext| 	'cairo_semibold_large'->'ui\common\Cairo-SemiBold.ttf' Scale: 2  RangeCount: 3
  2.00759|D|engine::imguiCreateContext| 	'consola_regular'->'C:\WINDOWS\Fonts\consola.ttf' Scale: 1  RangeCount: 4
  2.00788|D|engine::imguiCreateContext| 	'icons'->'ui\common\fa-solid-900.ttf' Scale: 3  RangeCount: 1
  2.01157|D|engine::imguiCreateContext| 	'notosans_jp_regular'->'ui\common\NotoSansJP-Regular.otf' Scale: 1  RangeCount: 3004
  2.01331|D|engine::imguiCreateContext| 	'notosans_kr_regular'->'ui\common\NotoSansKR-Regular.otf' Scale: 1  RangeCount: 3
  2.01764|D|engine::imguiCreateContext| 	'notosans_sc_regular'->'ui\common\NotoSansSC-Regular.otf' Scale: 1  RangeCount: 2506
  2.02032|D|engine::imguiCreateContext| 	'notosans_tc_regular'->'ui\common\NotoSansTC-Regular.otf' Scale: 1  RangeCount: 7
  2.02066|D|engine::imguiCreateContext| 	'prompt_regular'->'ui\common\Prompt-Regular.ttf' Scale: 1  RangeCount: 3
  2.02082|D|engine::imguiCreateContext| 	'robotomono_regular'->'ui\common\RobotoMono-Regular.ttf' Scale: 1  RangeCount: 4
  2.02159|D|engine::imguiCreateContext| 	'segoeui_regular'->'C:\WINDOWS\Fonts\segoeui.ttf' Scale: 1  RangeCount: 4
  3.11851|D|imgui.fonts| font texture contains 13 fonts. Atlas size: 4096x16384px
  3.11855|D|imgui.fonts|  - cairo_bold           [24.3 px]:    292 glyphs
  3.11855|D|imgui.fonts|  - cairo_regular        [24.3 px]:    292 glyphs
  3.11856|D|imgui.fonts|  - cairo_regular_medium [33.7 px]:    292 glyphs
  3.11856|D|imgui.fonts|  - cairo_semibold_large [37.4 px]:    292 glyphs
  3.11857|D|imgui.fonts|  - consola_regular      [18.7 px]:    465 glyphs
  3.11857|D|imgui.fonts|  - icons                [56.1 px]:     16 glyphs
  3.11858|D|imgui.fonts|  - notosans_jp_regular  [18.7 px]:   3685 glyphs
  3.11858|D|imgui.fonts|  - notosans_kr_regular  [18.7 px]:    388 glyphs
  3.11859|D|imgui.fonts|  - notosans_sc_regular  [18.7 px]:   3220 glyphs
  3.11859|D|imgui.fonts|  - notosans_tc_regular  [18.7 px]:  16064 glyphs
  3.11860|D|imgui.fonts|  - prompt_regular       [18.7 px]:    299 glyphs
  3.11860|D|imgui.fonts|  - robotomono_regular   [18.7 px]:    460 glyphs
  3.11861|D|imgui.fonts|  - segoeui_regular      [18.7 px]:    465 glyphs
  3.11861|D|imgui.fonts| 26230 glyphs totally
  3.23509|D|engine::SimObject::_setPersistentID| Setting a new persistent ID on an object that already has a persistent ID assigned: italy_guardrails [1532]. Old UUID: c11fd14b-8569-4389-8faa-502379c8dbab. New UUID: 5a6641e4-f09a-4d36-9dfa-a161d9a9bcaa
  3.35189|I|GELua.| ============== GELUA VM loaded ================
  3.43432|D|engine::run| Started up in 3.46 seconds: fs:30.77ms, crashrpt:15.79ms, fs:90.64ms, platform:54.21ms, modules:312.4ms, TScmdline:2908.ms, cef2:46.65ms
  3.43852|D|engine::DirectInputDevice::acquire| Succesfully acquired directinput device mouse0
  3.43889|D|engine::DirectInputDevice::acquire| Succesfully acquired directinput device keyboard0
  3.45171|W|GELua.core_levels.| info.json missing: /levels/GridMap/info.json
  3.45299|E|GELua.core_levels.| No entry point for level found: /levels/GridMap. Ignoring level.
  3.76862|D|GELua._lua_ge_extensions_gameplay_missions_proceduralMissionGenerators_timeTrialMissions.| Hid 0 prodecural TimeTrials missions because they were hidden by real missions.
  3.76896|D|GELua.gameplay_missions_missions.| Loaded 438 total missions: 399 from files, 39 from generators.
  4.02850|D|GELua.gameplay_missions_unlocks.| Processed unlock status of missions: 387/438 startable missions, 354/438 visible missions.
  4.03670|I|GELua.TechCom| Started listening on 127.0.0.1/64256.
  4.35773|D|engine::SFXFMODProject::acquire| SFXFMODProject: Opened project '/art/sound/fmod/desktop/main_preload.assets.bank' in 0.05652269999999948 seconds. Preload sample data = true.
  4.41768|D|engine::SFXFMODProject::acquire| SFXFMODProject: Opened project '/art/sound/fmod/desktop/main_preload.streams.bank' in 0.05976960000000009 seconds. Preload sample data = true.
  4.47715|D|engine::SFXFMODProject::acquire| SFXFMODProject: Opened project '/art/sound/fmod/desktop/vehicle_preload.assets.bank' in 0.059175000000000644 seconds. Preload sample data = true.
  4.54827|D|engine::SFXFMODProject::acquire| SFXFMODProject: Opened project '/art/sound/fmod/desktop/vehicle_preload.streams.bank' in 0.07078870000000048 seconds. Preload sample data = true.
  4.58730|D|engine::SFXFMODProject::acquire| SFXFMODProject: Opened project '/art/sound/fmod/desktop/ambient_maps.streams.bank' in 0.038814599999999366 seconds. Preload sample data = false.
  4.62703|D|engine::SFXFMODProject::acquire| SFXFMODProject: Opened project '/art/sound/fmod/desktop/music.assets.bank' in 0.03954659999999954 seconds. Preload sample data = false.
  4.67721|D|engine::SFXFMODProject::acquire| SFXFMODProject: Opened project '/art/sound/fmod/desktop/music.streams.bank' in 0.05002080000000042 seconds. Preload sample data = false.
  4.71737|D|engine::SFXFMODProject::acquire| SFXFMODProject: Opened project '/art/sound/fmod/desktop/ui.assets.bank' in 0.03993890000000011 seconds. Preload sample data = false.
  4.75731|D|engine::SFXFMODProject::acquire| SFXFMODProject: Opened project '/art/sound/fmod/desktop/ui.streams.bank' in 0.039768299999999535 seconds. Preload sample data = false.
  4.79800|D|engine::SFXFMODProject::acquire| SFXFMODProject: Opened project '/art/sound/fmod/desktop/vehicle.assets.bank' in 0.04049630000000004 seconds. Preload sample data = false.
  4.84730|D|engine::SFXFMODProject::acquire| SFXFMODProject: Opened project '/art/sound/fmod/desktop/vehicle.streams.bank' in 0.0491463999999997 seconds. Preload sample data = false.
  4.90857|D|engine::SFXFMODProject::acquire| SFXFMODProject: Opened project '/art/sound/fmod/desktop/main_preload.strings.bank' in 0.061045899999999875 seconds. Preload sample data = true.
  4.98423|D|engine::SFXFMODProject::acquire| SFXFMODProject: Opened project '/art/sound/fmod/desktop/main_preload.bank' in 0.07366340000000005 seconds. Preload sample data = true.
  5.24617|D|engine::SFXFMODProject::acquire| SFXFMODProject: Opened project '/art/sound/fmod/desktop/vehicle_preload.bank' in 0.2610315000000005 seconds. Preload sample data = true.
  5.29726|D|engine::SFXFMODProject::acquire| SFXFMODProject: Opened project '/art/sound/fmod/desktop/music.bank' in 0.049463900000000116 seconds. Preload sample data = false.
  5.33742|D|engine::SFXFMODProject::acquire| SFXFMODProject: Opened project '/art/sound/fmod/desktop/ui.bank' in 0.03993780000000058 seconds. Preload sample data = false.
  5.44464|D|engine::SFXFMODProject::acquire| SFXFMODProject: Opened project '/art/sound/fmod/desktop/vehicle.bank' in 0.10629519999999992 seconds. Preload sample data = false.
  5.47908|I|GELua.core_input_bindings.bindings| Controller connected: XBox Controller 1 (xinput0/0xXIDevice)
  5.49987|D|GELua.core_input_bindings.bindings| Loaded 291 bindings for device keyboard0
  5.50016|D|GELua.core_input_bindings.bindings| Loaded 19 bindings for device mouse0
  5.50098|D|GELua.core_input_bindings.bindings| Loaded 45 bindings for device xinput0
  5.61347|D|engine::SFXSystem::createDevice| Using default audio device: Beyond TV (2- HD Audio Driver for Display Audio)
  5.61385|D|GELua.gameplay_rawPois.| Raw Poi Lists Cleared. New Generation: 1
  5.61387|D|GELua.gameplay_rawPois.| Raw Poi Lists Cleared. New Generation: 2
  5.61404|D|GELua.gameplay_rawPois.| Raw Poi Lists Cleared. New Generation: 3
  5.61405|D|GELua.gameplay_rawPois.| Raw Poi Lists Cleared. New Generation: 4
  5.61556|D|GELua.core_settings_settings.| refreshLanguages(): oldLanguage = ""  appliedLanguage = "" userLanguage = ""
  5.61559|D|GELua.core_settings_settings.|        switching language.
  5.89232|D|engine::reloadLanguages| Switched to OS language: '' -> 'en-US' ('en-US')
  5.89354|D|GELua.core_settings_settings.| set font: segoeui_regular
  5.89516|D|GELua.core_settings_graphic.graphic| Applying graphic settings: \\.\DISPLAY1, Window, 3822 x 1893 60 Hz
  5.89519|D|engine::Win32Window::setVideoMode| AntialiasLevel: 0, BitDepth: 32, DisplayMode: Window, RefreshRate: 60, Resolution: 3822x1893, wideScreen: false
  5.90858|D|engine::GFXD3D11WindowTarget::resetMode| setting video mode: Width 3822, Height 1893, Windowed 1, RefreshRate 60/1
  5.90988|D|engine::GFXD3D11WindowTarget::resetMode| D3D11Device::reset: resizing buffers: BufferCount 1, Width 3822, Height 1893, Format 28, Windowed 1
  5.91744|D|engine::GFXD3D11WindowTarget::resetMode| setting video mode: Width 3822, Height 1893, Windowed 1, RefreshRate 60/1
  5.91790|D|engine::GFXD3D11WindowTarget::resetMode| D3D11Device::reset: resizing buffers: BufferCount 1, Width 3822, Height 1893, Format 28, Windowed 1
  5.92263|D|GELua.core_settings_graphic.graphic| Available Video Modes : { "4096 2160", "3840 2160", "2560 2048", "2560 1920", "2560 1600", "2560 1440", "2048 1536", "2048 1152", "1920 1440", "1920 1200", "1920 1080", "1856 1392", "1792 1344", "1680 1050", "1600 1200", "1600 900", "1440 900", "1400 1050", "1366 768", "1360 768", "1280 1024", "1280 960", "1280 800", "1280 768", "1280 720", "1280 600", "1152 864", "1024 768", "800 600", "720 576", "720 480", "640 480" }
  5.92276|D|engine::SFXSystem::createDevice| Using default audio device: Beyond TV (2- HD Audio Driver for Display Audio)
  6.27966|D|GELua.core_cameraModes_relative.core_camera.relative| No refNodes found, using default fallback
  6.29849|D|GELua.core_input_bindings.bindings| Loaded 291 bindings for device keyboard0
  6.29874|D|GELua.core_input_bindings.bindings| Loaded 19 bindings for device mouse0
  6.29923|D|GELua.core_input_bindings.bindings| Loaded 45 bindings for device xinput0
  6.60537|D|GELua.core_gamestate.gamestate| show main menu (true)
  6.62096|D|GELua.core_gamestate.gamestate| ui finished loading
  6.64146|D|CEF.MainGEUI#local://local/ui/modules/apps/app-container.js:168| Expected AppLayout but didn't get one :-( 
  6.73710|D|GELua.core_modmanager.initDB| Notification : took 0.0067000000001372ms to reorganise 0 files
  6.81679|D|GELua.core_modmanager.initDB| Notification : took 79.6882ms to callback
  6.82036|D|GELua.gameplay_rawPois.| Raw Poi Lists Cleared. New Generation: 5
  7.02312|D|GELua._lua_ge_extensions_gameplay_missions_proceduralMissionGenerators_timeTrialMissions.| Hid 0 prodecural TimeTrials missions because they were hidden by real missions.
  7.02348|D|GELua.gameplay_missions_missions.| Loaded 438 total missions: 399 from files, 39 from generators.
  7.08034|D|GELua.gameplay_missions_unlocks.| Processed unlock status of missions: 387/438 startable missions, 354/438 visible missions.
 10.63109|I|GELua.tech_techCore.TechGE| Accepted new client: 127.0.0.1/55408
 10.76494|W|GELua.core_levels.| info.json missing: /levels/GridMap/info.json
 10.76706|E|GELua.core_levels.| No entry point for level found: /levels/GridMap. Ignoring level.
 10.80488|I|GELua.tech_techCore.TechGE| Loading scenario: /levels/automation_test_track/scenarios/Driving Analysis - Google Cloud Event.json
 10.80749|I|GELua.tech_techCore.TechGE| Scenario found...
 10.83285|W|GELua.extensions| Had to manually add the extension name to the list to unload. Auto resolution design did not work - gameplay_drift_stuntZones
 10.83537|W|GELua.extensions| Had to manually add the extension name to the list to unload. Auto resolution design did not work - gameplay_drift_display
 10.84433|D|GELua.scenario_scenarios.scenarios| loading level: /levels/automation_test_track/
 10.84436|D|GELua.core_gamestate.gamestate| loading screen request from: ; value before was: nil
 10.84436|D|GELua.core_gamestate.gamestate| sending show loading screen
 10.84439|D|GELua.core_gamestate.gamestate| ui initialised (true)
 10.84440|D|GELua.core_gamestate.gamestate| waiting for ui (false)
 10.84448|D|GELua.core_gamestate.gamestate| loading screen request from: server.lua; value before was: nil
 10.84449|D|GELua.core_gamestate.gamestate| ui initialised (true)
 10.84449|D|GELua.core_gamestate.gamestate| waiting for ui (false)
 10.84450|D|GELua.core_gamestate.gamestate| loading screen request from: worldReadyState; value before was: nil
 10.84451|D|GELua.core_gamestate.gamestate| ui initialised (true)
 10.84451|D|GELua.core_gamestate.gamestate| waiting for ui (false)
 10.84452|D|GELua.core_gamestate.gamestate| exiting : 
 11.23159|D|GELua.core_gamestate.gamestate| ui told us loading screen is now loaded
 11.23164|I|GELua.levelLoading| Level loading: '/levels/automation_test_track/'...
 11.26719|D|engine::SFXFMODProject::acquire| SFXFMODProject: Opened project '/art/sound/fmod/desktop/ambient_maps.assets.bank' in 0.033866500000000244 seconds. Preload sample data = false.
 11.34927|D|engine::SFXFMODProject::acquire| SFXFMODProject: Opened project '/art/sound/fmod/desktop/ambient_maps.bank' in 0.04084389999999871 seconds. Preload sample data = false.
 11.40082|D|GELua.core_vehicles.main| Loading default vehicle
 11.40088|D|GELua.core_vehicles.main| Loading the default vehicle pickup
 11.45176|D|engine::SimObject::_setPersistentID| Setting a new persistent ID on an object that already has a persistent ID assigned: m_line_white [1626]. Old UUID: e2345409-22a8-4baa-b3f5-b26aacff5cba. New UUID: c996ef66-d68a-4d4b-995f-f2b1ec99fe19
 11.45184|D|engine::SimObject::_setPersistentID| Setting a new persistent ID on an object that already has a persistent ID assigned: m_line_white_discontinue [1627]. Old UUID: fd47399b-2b07-46bd-b411-f79e4fb48c71. New UUID: 56dc23ba-c03d-4045-be52-9b658e08c7e6
 11.45190|D|engine::SimObject::_setPersistentID| Setting a new persistent ID on an object that already has a persistent ID assigned: m_line_yellow_double [1630]. Old UUID: a92ac7f1-f0a4-435d-8891-c5fa98d21edf. New UUID: 4db6866a-67c9-405c-8035-e76fafddf5d6
 11.45440|D|engine::SimObject::_setPersistentID| Setting a new persistent ID on an object that already has a persistent ID assigned: m_concrete_cinderblock_01 [1555]. Old UUID: 326f2115-9cbd-40c3-9d54-b34d9cd3967b. New UUID: 5f82888f-f24f-4e56-a15f-70e8a08bf49d
 11.45511|D|engine::SimObject::_setPersistentID| Setting a new persistent ID on an object that already has a persistent ID assigned: vertexColor_glow [1671]. Old UUID: 6244b732-a759-4704-8643-7d48cde33544. New UUID: 4bf9013f-5b89-4110-b073-404cf26524b3
 11.45650|D|engine::SimObject::_setPersistentID| Setting a new persistent ID on an object that already has a persistent ID assigned: sign_arrows [1662]. Old UUID: c80e9e3c-d18c-4ab1-ab02-a50b7485cded. New UUID: 5f51df4d-138f-4d52-9f14-3568473af5e7
 11.50327|D|engine::LoadingManager::loadLevelTile| Starting to load objects for /levels/automation_test_track/main/
 11.53403|D|engine::LoadingManager::loadLevelTile| * loading json took 0.031 s
 11.53438|D|engine::LoadingManager::loadLevelTile| * ordering json took 0.000 s
 11.72182|I|engine::TerrainCellMaterial::init| Loading TerrainMaterialTextureSet
 12.19785|D|LoadingManager| Loaded     1x    Terrain::TerrainBlock         in 0.642s (0.642s each; 0.642s total so far in this category)
 12.23120|D|LoadingManager| Loaded    14x Environment::GroundCover          in 0.022s (0.002s each; 0.033s total so far in this category)
 14.79282|D|LoadingManager| Loaded  3049x     Meshes::TSStatic             in 2.562s (0.001s each; 2.562s total so far in this category)
 14.83171|D|LoadingManager| Loaded   116x    Prefabs::Prefab               in 0.039s (0.000s each; 0.039s total so far in this category)
 15.16135|D|LoadingManager| Loaded  1466x      Roads::DecalRoad            in 0.330s (0.000s each; 0.330s total so far in this category)
 15.23256|D|engine::Forest::reloadData| Read 46339 forest items split into 53 different types
 15.93101|D|LoadingManager| Loaded     1x      Other::forest               in 0.758s (0.758s each; 0.767s total so far in this category)
 15.95823|I|engine::SceneStaticManagerRender::_onObjectsReady| *** Built static data in 0.025s
 15.95929|D|engine::LoadingManager::loadLevelTile| loadLevelTile took 4.425s
 15.96066|I|GELua.levelLoading| Level loaded: /levels/automation_test_track/info.json
 16.02732|I|engine::BeamNGPhysicsPlugin::reload| Physics collision reloading...
 16.76178|I|libbeamng.engine.staticCollision| *** Loaded Static Collision, containing 5111620 tris, in 0.371 s
 16.76344|I|engine::BeamNGPhysicsPlugin::reload| Physics collision reloaded in 0.736s (49285 entries generated in 0.363s, using  0.56mb)
 16.76463|D|GELua.spawn.lua| not spawning player upon request
 16.76468|D|GELua.core_gamestate.gamestate| exiting : server.lua
 16.76471|D|GELua.util_richPresence.Rich Presence| Playing Driving Analysis - Google Cloud Event
 16.76487|D|GELua.util_richPresence.Rich Presence| Playing Driving Analysis - Google Cloud Event on Automation Test Track
 16.76498|I|GELua.gameplay_speedTrapLeaderboards.| Loading leaderboards from settings/cloud/speedTrapLeaderboards/
 16.81230|D|GELua.clientStartMission| starting levelPath: /levels/automation_test_track/info.json
 16.81245|D|GELua.scenario_scenarios.scenarios| Starting scenario : Driving Analysis - Google Cloud Event
 16.81247|D|GELua.scenario_scenarios.scenarios| Scenario path : /levels/automation_test_track/scenarios/Driving Analysis - Google Cloud Event.json
 16.81257|D|GELua.scenario_scenarios.scenarios| spawning prefabs ...
 16.81261|D|GELua.lua| adding prefab driving analysis - google cloud event
 16.81269|D|GELua.lua| loading prefab driving analysis - google cloud event
 16.81334|I|engine::BeamNGVehicle::spawnObject| Spawning object 'pickup' with default config
 16.81648|W|engine::MaterialManager::mapMaterial| Warning, duplicate material. Overwriting. Old: /levels/automation_test_track/art/shapes/main.materials.json / pickup_orange / mapTo = orange vs new: /vehicles/pickup/main.materials.json / pickup_orange / mapTo = orange
 16.82422|D|engine::SimObject::_setPersistentID| Setting a new persistent ID on an object that already has a persistent ID assigned: van_taillight_R [16084]. Old UUID: 6f49a388-2db5-4dda-87ce-6ea675c7ac0e. New UUID: 80e6129d-5ec3-40ef-ac28-09fc043f8325
 16.88333|D|GELua.core_vehicle_manager.vehicleLoader| partConfigData [string] = ""
 16.88496|W|GELua.core_vehicle_partmgmt.| Problems reading requested configuration: ""
 16.88593|W|GELua.core_vehicle_partmgmt.main| Supplied config file:  not found. Using default config instead.
 17.65993|D|GELua.core_vehicle_manager.loader| GE load time: 0.787533 s
 17.70063|D|libbeamng.default.init| spawning vehicle /vehicles/pickup/
 17.75753|D|libbeamng.loader| Vehicle loading took: 17785.8224 ms
 18.12837|D|GELua.core_cameraModes_relative.core_camera.relative| No refNodes found, using default fallback
 18.12901|D|GELua.core_camera.| Camera switched to "orbit"
 18.37407|D|GELua.util_richPresence.Rich Presence| Playing Driving Analysis - Google Cloud Event on Automation Test Track with Gavril D-Series
 18.39394|D|GELua.core_input_bindings.bindings| Loaded 297 bindings for device keyboard0
 18.39413|D|GELua.core_input_bindings.bindings| Loaded 19 bindings for device mouse0
 18.39454|D|GELua.core_input_bindings.bindings| Loaded 45 bindings for device xinput0
 18.39457|D|engine::InputHelper::getFFBID|           Found 1 FFB binding candidates to be assigned for action "steering" in vehicle 'pickup', vehicle ID 21934 (sorted by suitability)
 18.39457|D|engine::InputHelper::getFFBID|            * playerBinding: Player 0, devName "xinput0", control "thumblx"
 18.39458|D|engine::InputRegistry::logFFBInterfaces| Found 0 FFBInterface candidates (unsorted)
 18.39459|D|engine::InputHelper::getFFBID| Step 1: Wrong match found for player 0, device 'xinput0', control 'thumblx', ffbAxisIndex 0, ffbAxisName 'default' (has FFB disabled)
 18.39459|D|engine::InputHelper::getFFBID| Step 1: No matches found for player 0, device 'xinput0', control 'thumblx' (abandoning search on this device)
 18.39460|D|engine::InputHelper::getFFBID| Step 2: Wrong match found for player 0, device 'xinput0', ffbAxisIndex 0, ffbAxisName 'default' (has FFB disabled)
 18.39461|D|engine::InputHelper::getFFBID| Step 2: No matches found for player 0, device 'xinput0' (abandoning search on this device)
 18.39461|D|engine::InputHelper::getFFBID| Step 2: No matches found for player 0, device 'keyboard0' (abandoning search on this device)
 18.39595|E|GELua.scenario_scenarios.scenarios| Prefab: driving analysis - google cloud event already exist in level. Rejecting loading of duplicate.
 18.39925|I|engine::BeamNGPhysicsPlugin::reload| Physics collision reloading...
 18.72416|I|engine::BeamNGPhysicsPlugin::reload| Physics collision reloaded in 0.324s (49285 entries generated in 0.324s, using  0.56mb)
 18.72550|D|GELua.scenario_scenarios.scenarios| changeState: pre-start
 18.72889|D|GELua.freeroam_facilities.| Loa