  0.00162|D|logging| -- Log started - v 0.32.4.0 - x64 - build 16656 - 2024-08-08 -- 15:17:40 -----
  0.00164|D|logging| -- buildbot build 16656 on winbuildbot3 - 11/07/2024 - 13:21:15
  0.00164|D|logging| -- Log Format: Time since startup | Message level: D(ebug), I(nfo), W(arning), E(rror), A(lways) | Message
  0.00169|D|bng::Env::initialize| Initializing VFS
  0.00185|D|bng::Env::initialize| Installing SQLLite3 VFS wrapper
  0.00190|D|bng::Env::initialize| Loading settings from files
  0.00279|D|bng::Env::initialize| Initializing platform
  0.00279|D|bng::Env::initialize| Initializing Env done
  0.11297|I|engine::initFS| Virtual Filesystem: user path: D:\miracle\code\game\user\0.32\
  0.11298|D|engine::initFS|  - user path reason: Command argument -userpath
  0.11298|D|engine::initFS|  - user mods path: D:\miracle\code\game\user\0.32\mods/
  0.11298|D|engine::initFS|  - game mods path: D:/SteamLibrary/steamapps/common/BeamNG.drive/content/
  0.11307|I|engine::Processor::init| 11th Gen Intel(R) Core(TM) i7-11800H @ 2.30GHz ~2.30 GHz [HT,] 1 physical, 8 cores, 16 logical
  0.11309|D|main| H2 6B40197ECECCB9562E4FFE0290A495AA4209
  0.11394|D|engine::Platform::init| Initializing platform...
  0.11972|D|engine::DirectInputInputDeviceSystem::initialize| Initializing DirectInput...
  0.12942|D|engine::DirectInputInputDeviceSystem::enumerateDevices|  *** DirectInput device enumeration about to begin
  0.13481|D|engine::DirectInputDevice::initialize| Mouse [instance: Mouse] detected, created as mouse0 (asynchronous)
  0.13483|D|engine::DirectInputDevice::initialize|  - devtype 0x112
  0.13484|D|engine::DirectInputDevice::initialize|  - A mouse or mouse-like device (such as a trackball)
  0.13484|D|engine::DirectInputDevice::initialize|  + 3 axes
  0.13485|D|engine::DirectInputDevice::initialize|  + 5 buttons
  0.13489|D|engine::DirectInputDevice::initialize| created device 'mouse0', took 0.000s: create:0.003ms, caps:0.002ms, txts:0.046ms, enum:0.014ms, fmt:0.007ms, buff:0.008ms, axis:0.000ms
  0.13492|D|engine::DirectInputInputDeviceSystem::EnumDevicesProc| EnumDevicesProc() for device 'Mouse' took 0.000s: conv:0.001ms, type:0.000ms, xinp:0.140ms, add/create:0.125ms, create():0.000ms
  0.13577|D|engine::DirectInputDevice::initialize| Keyboard [instance: Keyboard] detected, created as keyboard0 (asynchronous)
  0.13580|D|engine::DirectInputDevice::initialize|  - devtype 0x413
  0.13580|D|engine::DirectInputDevice::initialize|  - Keyboard or keyboard-like:
  0.13581|D|engine::DirectInputDevice::initialize|   - IBM PC Enhanced 101/102-key or Microsoft Natural keyboard.
  0.13581|D|engine::DirectInputDevice::initialize|  + 128 buttons
  0.13921|D|engine::DirectInputDevice::initialize| created device 'keyboard0', took 0.004s: create:0.503ms, caps:0.000ms, txts:0.051ms, enum:3.359ms, fmt:0.021ms, buff:0.000ms, axis:0.000ms
  0.13923|D|engine::DirectInputInputDeviceSystem::EnumDevicesProc| EnumDevicesProc() for device 'Keyboard' took 0.004s: conv:0.001ms, type:0.000ms, xinp:0.000ms, add/create:3.982ms, create():0.000ms
  0.14681|D|engine::DirectInputInputDeviceSystem::EnumDevicesProc| Ignoring unsuitable didevice_type 0x11 (17) for device 'HID-compliant consumer control device'
  0.14682|D|engine::DirectInputInputDeviceSystem::EnumDevicesProc| EnumDevicesProc() for device 'HID-compliant consumer control device' took 0.000s: conv:0.001ms, type:0.012ms
  0.14772|D|engine::DirectInputInputDeviceSystem::EnumDevicesProc| Ignoring unsuitable didevice_type 0x11 (17) for device 'HID-compliant system controller'
  0.14773|D|engine::DirectInputInputDeviceSystem::EnumDevicesProc| EnumDevicesProc() for device 'HID-compliant system controller' took 0.000s: conv:0.002ms, type:0.013ms
  0.14858|D|engine::DirectInputInputDeviceSystem::EnumDevicesProc| Ignoring unsuitable didevice_type 0x11 (17) for device 'Intel(R) HID Event Filter'
  0.14859|D|engine::DirectInputInputDeviceSystem::EnumDevicesProc| EnumDevicesProc() for device 'Intel(R) HID Event Filter' took 0.000s: conv:0.001ms, type:0.012ms
  0.14928|D|engine::DirectInputInputDeviceSystem::EnumDevicesProc| Direct Input device not registering, since its an XInput compatible device: 'Controller (Xbox One For Windows)', 'Controller (Xbox One For Windows)'
  0.14931|D|engine::DirectInputInputDeviceSystem::EnumDevicesProc| EnumDevicesProc() for device 'Controller (Xbox One For Windows)' took 0.000s: conv:0.002ms, type:0.000ms, xinp:0.030ms
  0.15126|D|engine::DirectInputInputDeviceSystem::EnumDevicesProc| Ignoring unsuitable didevice_type 0x11 (17) for device 'Converted Portable Device Control device'
  0.15130|D|engine::DirectInputInputDeviceSystem::EnumDevicesProc| EnumDevicesProc() for device 'Converted Portable Device Control device' took 0.000s: conv:0.002ms, type:0.019ms
  0.15221|D|engine::DirectInputInputDeviceSystem::EnumDevicesProc| Ignoring unsuitable didevice_type 0x11 (17) for device 'Converted Portable Device Control device'
  0.15222|D|engine::DirectInputInputDeviceSystem::EnumDevicesProc| EnumDevicesProc() for device 'Converted Portable Device Control device' took 0.000s: conv:0.001ms, type:0.018ms
  0.15280|D|engine::DirectInputInputDeviceSystem::EnumDevicesProc| Ignoring unsuitable didevice_type 0x11 (17) for device 'HIDI2C Device'
  0.15283|D|engine::DirectInputInputDeviceSystem::EnumDevicesProc| EnumDevicesProc() for device 'HIDI2C Device' took 0.000s: conv:0.000ms, type:0.028ms
  0.15327|D|engine::DirectInputInputDeviceSystem::EnumDevicesProc| Ignoring unsuitable didevice_type 0x11 (17) for device 'HIDI2C Device'
  0.15328|D|engine::DirectInputInputDeviceSystem::EnumDevicesProc| EnumDevicesProc() for device 'HIDI2C Device' took 0.000s: conv:0.002ms, type:0.012ms
  0.15369|D|engine::DirectInputInputDeviceSystem::enumerateDevices|  *** DirectInput device enumeration finished after 0.024s: DirectInput code:18.89ms, BeamNG code:5.340ms
  0.15433|D|engine::DirectInputInputDeviceSystem::enumerateDevices|  *** DirectInput device enumeration about to begin
  0.16017|D|engine::DirectInputDevice::initialize| Mouse [instance: Mouse] detected, created as mouse0 (asynchronous)
  0.16020|D|engine::DirectInputDevice::initialize|  - devtype 0x112
  0.16020|D|engine::DirectInputDevice::initialize|  - A mouse or mouse-like device (such as a trackball)
  0.16020|D|engine::DirectInputDevice::initialize|  + 3 axes
  0.16021|D|engine::DirectInputDevice::initialize|  + 5 buttons
  0.16024|D|engine::DirectInputDevice::initialize| created device 'mouse0', took 0.000s: create:0.001ms, caps:0.000ms, txts:0.049ms, enum:0.009ms, fmt:0.003ms, buff:0.001ms, axis:0.000ms
  0.16025|D|engine::DirectInputInputDeviceSystem::EnumDevicesProc| EnumDevicesProc() for device 'Mouse' took 0.000s: conv:0.002ms, type:0.000ms, xinp:0.001ms, add/create:0.094ms, create():0.000ms
  0.16030|D|engine::DirectInputDevice::initialize| Keyboard [instance: Keyboard] detected, created as keyboard0 (asynchronous)
  0.16031|D|engine::DirectInputDevice::initialize|  - devtype 0x413
  0.16031|D|engine::DirectInputDevice::initialize|  - Keyboard or keyboard-like:
  0.16032|D|engine::DirectInputDevice::initialize|   - IBM PC Enhanced 101/102-key or Microsoft Natural keyboard.
  0.16032|D|engine::DirectInputDevice::initialize|  + 128 buttons
  0.16062|D|engine::DirectInputDevice::initialize| created device 'keyboard0', took 0.000s: create:0.005ms, caps:0.000ms, txts:0.022ms, enum:0.272ms, fmt:0.019ms, buff:0.000ms, axis:0.000ms
  0.16063|D|engine::DirectInputInputDeviceSystem::EnumDevicesProc| EnumDevicesProc() for device 'Keyboard' took 0.000s: conv:0.000ms, type:0.000ms, xinp:0.000ms, add/create:0.348ms, create():0.000ms
  0.16777|D|engine::DirectInputInputDeviceSystem::EnumDevicesProc| Ignoring unsuitable didevice_type 0x11 (17) for device 'HID-compliant consumer control device'
  0.16779|D|engine::DirectInputInputDeviceSystem::EnumDevicesProc| EnumDevicesProc() for device 'HID-compliant consumer control device' took 0.000s: conv:0.002ms, type:0.022ms
  0.16859|D|engine::DirectInputInputDeviceSystem::EnumDevicesProc| Ignoring unsuitable didevice_type 0x11 (17) for device 'HID-compliant system controller'
  0.16861|D|engine::DirectInputInputDeviceSystem::EnumDevicesProc| EnumDevicesProc() for device 'HID-compliant system controller' took 0.000s: conv:0.000ms, type:0.013ms
  0.16941|D|engine::DirectInputInputDeviceSystem::EnumDevicesProc| Ignoring unsuitable didevice_type 0x11 (17) for device 'Intel(R) HID Event Filter'
  0.16947|D|engine::DirectInputInputDeviceSystem::EnumDevicesProc| EnumDevicesProc() for device 'Intel(R) HID Event Filter' took 0.000s: conv:0.001ms, type:0.065ms
  0.17002|D|engine::DirectInputInputDeviceSystem::EnumDevicesProc| Direct Input device not registering, since its an XInput compatible device: 'Controller (Xbox One For Windows)', 'Controller (Xbox One For Windows)'
  0.17003|D|engine::DirectInputInputDeviceSystem::EnumDevicesProc| EnumDevicesProc() for device 'Controller (Xbox One For Windows)' took 0.000s: conv:0.000ms, type:0.000ms, xinp:0.010ms
  0.17079|D|engine::DirectInputInputDeviceSystem::EnumDevicesProc| Ignoring unsuitable didevice_type 0x11 (17) for device 'Converted Portable Device Control device'
  0.17080|D|engine::DirectInputInputDeviceSystem::EnumDevicesProc| EnumDevicesProc() for device 'Converted Portable Device Control device' took 0.000s: conv:0.001ms, type:0.011ms
  0.17151|D|engine::DirectInputInputDeviceSystem::EnumDevicesProc| Ignoring unsuitable didevice_type 0x11 (17) for device 'Converted Portable Device Control device'
  0.17153|D|engine::DirectInputInputDeviceSystem::EnumDevicesProc| EnumDevicesProc() for device 'Converted Portable Device Control device' took 0.000s: conv:0.000ms, type:0.011ms
  0.17193|D|engine::DirectInputInputDeviceSystem::EnumDevicesProc| Ignoring unsuitable didevice_type 0x11 (17) for device 'HIDI2C Device'
  0.17194|D|engine::DirectInputInputDeviceSystem::EnumDevicesProc| EnumDevicesProc() for device 'HIDI2C Device' took 0.000s: conv:0.000ms, type:0.009ms
  0.17228|D|engine::DirectInputInputDeviceSystem::EnumDevicesProc| Ignoring unsuitable didevice_type 0x11 (17) for device 'HIDI2C Device'
  0.17229|D|engine::DirectInputInputDeviceSystem::EnumDevicesProc| EnumDevicesProc() for device 'HIDI2C Device' took 0.000s: conv:0.001ms, type:0.008ms
  0.17230|D|engine::DirectInputInputDeviceSystem::enumerateDevices|  *** DirectInput device enumeration finished after 0.018s: DirectInput code:17.25ms, BeamNG code:0.694ms
  0.17235|D|engine::Platform::init| 11th Gen Intel(R) Core(TM) i7-11800H @ 2.30GHz GenuineIntel x64
  0.17240|D|engine::Platform::init| Microsoft Windows 11  (v10.0) (build 22631), 64-bit
  0.17241|D|engine::Platform::init| Physical memory: 31.73 GB
  0.17242|D|engine::Platform::init| Battery: state: 'high' - online
  0.17243|D|engine::Platform::init| Process Priority: Normal (0x20)
  0.17268|D|engine::ModuleManager::initializeSystem| initializing 109 modules (only displaying anything above 0.1 s)...
  0.18098|D|engine::SFXFMODProvider::init| SFXFMODProvider - FMOD API version: 2.02.17
  0.29275|D|engine::ModuleManager::initializeSystem|  - SFXModule in 0.1200534 seconds
  0.30978|D|engine::SFXSystem::createDevice| Using default audio device: Beyond TV (2- HD Audio Driver for Display Audio)
  0.41389|D|engine::SFXSystem::createDevice| Created FMOD device 'Beyond TV (2- HD Audio Driver for Display Audio)'
  0.41395|D|engine::SFXSystem::createDevice|    CAPS_VoiceManagement
  0.41421|D|engine::SFXSystem::finalizeInitialization|    Provider: FMOD
  0.41422|D|engine::SFXSystem::finalizeInitialization|    Hardware: false
  0.41422|D|engine::SFXSystem::finalizeInitialization|    Buffers: 16
  0.41425|D|engine::ModuleManager::initializeSystem|  - AFTER_MODULE_INIT( BeamEngine ) in D:\jenkins\workspace\gameengine\build\gameengine\engine\audio\audioSystem.cpp in 0.1046635 seconds
  0.42809|I|GELua.| ============== GELUA VM loading ===============
  0.49795|D|GELua.gameplay_missions_progress.| Loaded 0 condition types from 0 files.
  0.49926|D|GELua.gameplay_missions_missions.| Loaded 2 procedural Mission Generators from 2 files.
  0.50129|D|GELua.gameplay_missions_unlocks.| Loaded 9 condition types from 4 files.
  0.51956|D|engine::ModuleManager::initializeSystem|  - GameEngineLua in 0.1052084 seconds
  0.51965|D|engine::GFXInit::init| GFX Init:
  0.51967|D|engine::_GFXInitReportAdapters|    Null device found
  0.51978|D|engine::ModuleManager::initializeSystem| ... all modules loaded in 0.3471063 seconds
  0.51996|D|engine::MainLoop::init| OpenXR: Steam VR mode: disabled
  0.52050|D|CommandListener| CommandListener started
  0.53062|D|engine::GFXInit::createDevice| Available adapters: 2
  0.53064|D|engine::GFXInit::createDevice|  - name:NVIDIA GeForce RTX 3050 Ti Laptop GPU (D3D11), outputName:\\.\DISPLAY1, gfx:D3D11, gpu:NVIDIA GeForce RTX 3050 Ti Laptop GPU
  0.53065|D|engine::GFXInit::createDevice|  - name:GFX Null Device, outputName:, gfx:, gpu:
  0.53066|D|engine::GFXInit::createDevice| Attempting to create GFX device 0: NVIDIA GeForce RTX 3050 Ti Laptop GPU (D3D11) [with output \\.\DISPLAY1]
  0.53066|D|engine::GFXInit::createDevice| shader model: 5.0 , available video modes: 327
  0.53068|D|engine::GFXInit::createDevice| Device created, setting adapter and enumerating modes
  1.99480|D|engine::GFXD3D11Device::init| Hardware occlusion query detected: Yes
  1.99510|D|engine::GFXCardProfiler::init| D3D11 -  (NVIDIA GeForce RTX 3050 Ti Laptop GPU) [3965 MB] ver 
  1.99512|D|engine::GFXCardProfiler::setCapability| GFXCardProfiler (D3D11) - Setting capability 'maxTextureWidth' to 8192.
  1.99513|D|engine::GFXCardProfiler::setCapability| GFXCardProfiler (D3D11) - Setting capability 'maxTextureHeight' to 8192.
  1.99514|D|engine::GFXCardProfiler::setCapability| GFXCardProfiler (D3D11) - Setting capability 'maxTextureSize' to 8192.
  1.99514|D|engine::GFXCardProfiler::setCapability| GFXCardProfiler (D3D11) - Setting capability 'autoMipMapLevel' to 1.
  1.99515|D|engine::GFXCardProfiler::setCapability| GFXCardProfiler (D3D11) - Setting capability 'lerpDetailBlend' to 1.
  1.99515|D|engine::GFXCardProfiler::setCapability| GFXCardProfiler (D3D11) - Setting capability 'fourStageDetailBlend' to 1.
  1.99625|D|engine::ShaderGen::initShaderGen| Failed to remove file /temp/shaders/procedural/autogenConditioners.h
  1.99682|D|bng::VfsWrapper::sanitizePathAsStr| Empty path will be resolved to root but should not be used
  1.99706|D|bng::VfsWrapper::sanitizePathAsStr| Empty path will be resolved to root but should not be used
  1.99723|D|bng::VfsWrapper::sanitizePathAsStr| Empty path will be resolved to root but should not be used
  1.99741|D|bng::VfsWrapper::sanitizePathAsStr| Empty path will be resolved to root but should not be used
  1.99781|D|engine::GFXD3D11Device::init| GFXDevice 11 - SM 5
  1.99839|D|engine::GFXD3D11WindowTarget::init| setting video mode: Width 1280, Height 720, Format 28, Windowed 1
  1.99878|D|engine::Win32Window::setVideoMode| AntialiasLevel: 0, BitDepth: 32, DisplayMode: Window, RefreshRate: 60, Resolution: 3822x1893, wideScreen: false
  2.01794|D|engine::GFXD3D11WindowTarget::resetMode| setting video mode: Width 3822, Height 1893, Windowed 1, RefreshRate 60/1
  2.01817|D|engine::GFXD3D11WindowTarget::resetMode| D3D11Device::reset: resizing buffers: BufferCount 1, Width 3822, Height 1893, Format 28, Windowed 1
  2.01923|D|GELua.core_settings_graphic.graphic| Sanitizing display - //./DISPLAY1: Passed.
  2.01926|D|GELua.core_settings_graphic.graphic| Sanitizing display mode - Window: Passed.
  2.01927|D|GELua.core_settings_graphic.graphic| Sanitizing display resolution for Window mode - 3822 1893: Passed.
  2.03007|D|engine::GFXD3D11WindowTarget::resetMode| setting video mode: Width 3822, Height 1893, Windowed 1, RefreshRate 60/1
  2.03086|D|engine::GFXD3D11WindowTarget::resetMode| D3D11Device::reset: resizing buffers: BufferCount 1, Width 3822, Height 1893, Format 28, Windowed 1
  2.03727|D|engine::loadFonts| Loading 13 imgui fonts...
  2.03740|D|engine::imguiCreateContext| Adding fonts to imgui:
  2.03759|D|engine::imguiCreateContext| 	'cairo_bold'->'ui\common\Cairo-Bold.ttf' Scale: 1.3  RangeCount: 3
  2.03776|D|engine::imguiCreateContext| 	'cairo_regular'->'ui\common\Cairo-Regular.ttf' Scale: 1.3  RangeCount: 3
  2.03788|D|engine::imguiCreateContext| 	'cairo_regular_medium'->'ui\common\Cairo-Regular.ttf' Scale: 1.8  RangeCount: 3
  2.03803|D|engine::imguiCreateContext| 	'cairo_semibold_large'->'ui\common\Cairo-SemiBold.ttf' Scale: 2  RangeCount: 3
  2.03835|D|engine::imguiCreateContext| 	'consola_regular'->'C:\WINDOWS\Fonts\consola.ttf' Scale: 1  RangeCount: 4
  2.03870|D|engine::imguiCreateContext| 	'icons'->'ui\common\fa-solid-900.ttf' Scale: 3  RangeCount: 1
  2.04070|D|engine::imguiCreateContext| 	'notosans_jp_regular'->'ui\common\NotoSansJP-Regular.otf' Scale: 1  RangeCount: 3004
  2.04168|D|engine::imguiCreateContext| 	'notosans_kr_regular'->'ui\common\NotoSansKR-Regular.otf' Scale: 1  RangeCount: 3
  2.04496|D|engine::imguiCreateContext| 	'notosans_sc_regular'->'ui\common\NotoSansSC-Regular.otf' Scale: 1  RangeCount: 2506
  2.04725|D|engine::imguiCreateContext| 	'notosans_tc_regular'->'ui\common\NotoSansTC-Regular.otf' Scale: 1  RangeCount: 7
  2.04744|D|engine::imguiCreateContext| 	'prompt_regular'->'ui\common\Prompt-Regular.ttf' Scale: 1  RangeCount: 3
  2.04755|D|engine::imguiCreateContext| 	'robotomono_regular'->'ui\common\RobotoMono-Regular.ttf' Scale: 1  RangeCount: 4
  2.04817|D|engine::imguiCreateContext| 	'segoeui_regular'->'C:\WINDOWS\Fonts\segoeui.ttf' Scale: 1  RangeCount: 4
  3.14046|D|imgui.fonts| font texture contains 13 fonts. Atlas size: 4096x16384px
  3.14050|D|imgui.fonts|  - cairo_bold           [24.3 px]:    292 glyphs
  3.14050|D|imgui.fonts|  - cairo_regular        [24.3 px]:    292 glyphs
  3.14051|D|imgui.fonts|  - cairo_regular_medium [33.7 px]:    292 glyphs
  3.14051|D|imgui.fonts|  - cairo_semibold_large [37.4 px]:    292 glyphs
  3.14052|D|imgui.fonts|  - consola_regular      [18.7 px]:    465 glyphs
  3.14053|D|imgui.fonts|  - icons                [56.1 px]:     16 glyphs
  3.14053|D|imgui.fonts|  - notosans_jp_regular  [18.7 px]:   3685 glyphs
  3.14054|D|imgui.fonts|  - notosans_kr_regular  [18.7 px]:    388 glyphs
  3.14054|D|imgui.fonts|  - notosans_sc_regular  [18.7 px]:   3220 glyphs
  3.14054|D|imgui.fonts|  - notosans_tc_regular  [18.7 px]:  16064 glyphs
  3.14055|D|imgui.fonts|  - prompt_regular       [18.7 px]:    299 glyphs
  3.14055|D|imgui.fonts|  - robotomono_regular   [18.7 px]:    460 glyphs
  3.14056|D|imgui.fonts|  - segoeui_regular      [18.7 px]:    465 glyphs
  3.14056|D|imgui.fonts| 26230 glyphs totally
  3.27290|D|engine::SimObject::_setPersistentID| Setting a new persistent ID on an object that already has a persistent ID assigned: italy_guardrails [1532]. Old UUID: c11fd14b-8569-4389-8faa-502379c8dbab. New UUID: 5a6641e4-f09a-4d36-9dfa-a161d9a9bcaa
  3.40480|I|GELua.| ============== GELUA VM loaded ================
  3.48044|D|engine::run| Started up in 3.51 seconds: fs:30.23ms, crashrpt:16.79ms, fs:91.48ms, platform:58.82ms, modules:347.3ms, TScmdline:2921.ms, cef2:39.35ms
  3.48590|D|engine::DirectInputDevice::acquire| Succesfully acquired directinput device mouse0
  3.48635|D|engine::DirectInputDevice::acquire| Succesfully acquired directinput device keyboard0
  3.49959|W|GELua.core_levels.| info.json missing: /levels/GridMap/info.json
  3.50106|E|GELua.core_levels.| No entry point for level found: /levels/GridMap. Ignoring level.
  3.82123|D|GELua._lua_ge_extensions_gameplay_missions_proceduralMissionGenerators_timeTrialMissions.| Hid 0 prodecural TimeTrials missions because they were hidden by real missions.
  3.82169|D|GELua.gameplay_missions_missions.| Loaded 438 total missions: 399 from files, 39 from generators.
  4.08587|D|GELua.gameplay_missions_unlocks.| Processed unlock status of missions: 387/438 startable missions, 354/438 visible missions.
  4.09368|I|GELua.TechCom| Started listening on 127.0.0.1/64256.
  4.41969|D|engine::SFXFMODProject::acquire| SFXFMODProject: Opened project '/art/sound/fmod/desktop/main_preload.assets.bank' in 0.059419499999999736 seconds. Preload sample data = true.
  4.47905|D|engine::SFXFMODProject::acquire| SFXFMODProject: Opened project '/art/sound/fmod/desktop/main_preload.streams.bank' in 0.05894919999999981 seconds. Preload sample data = true.
  4.55092|D|engine::SFXFMODProject::acquire| SFXFMODProject: Opened project '/art/sound/fmod/desktop/vehicle_preload.assets.bank' in 0.07169809999999988 seconds. Preload sample data = true.
  4.60970|D|engine::SFXFMODProject::acquire| SFXFMODProject: Opened project '/art/sound/fmod/desktop/vehicle_preload.streams.bank' in 0.05845590000000023 seconds. Preload sample data = true.
  4.64890|D|engine::SFXFMODProject::acquire| SFXFMODProject: Opened project '/art/sound/fmod/desktop/ambient_maps.streams.bank' in 0.03900180000000031 seconds. Preload sample data = false.
  4.69899|D|engine::SFXFMODProject::acquire| SFXFMODProject: Opened project '/art/sound/fmod/desktop/music.assets.bank' in 0.04996970000000012 seconds. Preload sample data = false.
  4.73893|D|engine::SFXFMODProject::acquire| SFXFMODProject: Opened project '/art/sound/fmod/desktop/music.streams.bank' in 0.03977200000000014 seconds. Preload sample data = false.
  4.77907|D|engine::SFXFMODProject::acquire| SFXFMODProject: Opened project '/art/sound/fmod/desktop/ui.assets.bank' in 0.03998539999999995 seconds. Preload sample data = false.
  4.81884|D|engine::SFXFMODProject::acquire| SFXFMODProject: Opened project '/art/sound/fmod/desktop/ui.streams.bank' in 0.039641099999999874 seconds. Preload sample data = false.
  4.87004|D|engine::SFXFMODProject::acquire| SFXFMODProject: Opened project '/art/sound/fmod/desktop/vehicle.assets.bank' in 0.05093670000000028 seconds. Preload sample data = false.
  4.90902|D|engine::SFXFMODProject::acquire| SFXFMODProject: Opened project '/art/sound/fmod/desktop/vehicle.streams.bank' in 0.03880840000000063 seconds. Preload sample data = false.
  4.96907|D|engine::SFXFMODProject::acquire| SFXFMODProject: Opened project '/art/sound/fmod/desktop/main_preload.strings.bank' in 0.05984609999999968 seconds. Preload sample data = true.
  5.04499|D|engine::SFXFMODProject::acquire| SFXFMODProject: Opened project '/art/sound/fmod/desktop/main_preload.bank' in 0.07483109999999993 seconds. Preload sample data = true.
  5.30942|D|engine::SFXFMODProject::acquire| SFXFMODProject: Opened project '/art/sound/fmod/desktop/vehicle_preload.bank' in 0.26356230000000025 seconds. Preload sample data = true.
  5.33877|D|engine::SFXFMODProject::acquire| SFXFMODProject: Opened project '/art/sound/fmod/desktop/music.bank' in 0.028367999999999505 seconds. Preload sample data = false.
  5.37880|D|engine::SFXFMODProject::acquire| SFXFMODProject: Opened project '/art/sound/fmod/desktop/ui.bank' in 0.039805899999999284 seconds. Preload sample data = false.
  5.49551|D|engine::SFXFMODProject::acquire| SFXFMODProject: Opened project '/art/sound/fmod/desktop/vehicle.bank' in 0.1158159999999997 seconds. Preload sample data = false.
  5.53470|I|GELua.core_input_bindings.bindings| Controller connected: XBox Controller 1 (xinput0/0xXIDevice)
  5.55635|D|GELua.core_input_bindings.bindings| Loaded 291 bindings for device keyboard0
  5.55670|D|GELua.core_input_bindings.bindings| Loaded 19 bindings for device mouse0
  5.55756|D|GELua.core_input_bindings.bindings| Loaded 45 bindings for device xinput0
  5.66841|D|engine::SFXSystem::createDevice| Using default audio device: Beyond TV (2- HD Audio Driver for Display Audio)
  5.66868|D|GELua.gameplay_rawPois.| Raw Poi Lists Cleared. New Generation: 1
  5.66869|D|GELua.gameplay_rawPois.| Raw Poi Lists Cleared. New Generation: 2
  5.66876|D|GELua.gameplay_rawPois.| Raw Poi Lists Cleared. New Generation: 3
  5.66877|D|GELua.gameplay_rawPois.| Raw Poi Lists Cleared. New Generation: 4
  5.67019|D|GELua.core_settings_settings.| refreshLanguages(): oldLanguage = ""  appliedLanguage = "" userLanguage = ""
  5.67020|D|GELua.core_settings_settings.|        switching language.
  5.94549|D|engine::reloadLanguages| Switched to OS language: '' -> 'en-US' ('en-US')
  5.94682|D|GELua.core_settings_settings.| set font: segoeui_regular
  5.94846|D|GELua.core_settings_graphic.graphic| Applying graphic settings: \\.\DISPLAY1, Window, 3822 x 1893 60 Hz
  5.94848|D|engine::Win32Window::setVideoMode| AntialiasLevel: 0, BitDepth: 32, DisplayMode: Window, RefreshRate: 60, Resolution: 3822x1893, wideScreen: false
  5.96460|D|engine::GFXD3D11WindowTarget::resetMode| setting video mode: Width 3822, Height 1893, Windowed 1, RefreshRate 60/1
  5.96486|D|engine::GFXD3D11WindowTarget::resetMode| D3D11Device::reset: resizing buffers: BufferCount 1, Width 3822, Height 1893, Format 28, Windowed 1
  5.97051|D|engine::GFXD3D11WindowTarget::resetMode| setting video mode: Width 3822, Height 1893, Windowed 1, RefreshRate 60/1
  5.97087|D|engine::GFXD3D11WindowTarget::resetMode| D3D11Device::reset: resizing buffers: BufferCount 1, Width 3822, Height 1893, Format 28, Windowed 1
  5.97407|D|GELua.core_settings_graphic.graphic| Available Video Modes : { "4096 2160", "3840 2160", "2560 2048", "2560 1920", "2560 1600", "2560 1440", "2048 1536", "2048 1152", "1920 1440", "1920 1200", "1920 1080", "1856 1392", "1792 1344", "1680 1050", "1600 1200", "1600 900", "1440 900", "1400 1050", "1366 768", "1360 768", "1280 1024", "1280 960", "1280 800", "1280 768", "1280 720", "1280 600", "1152 864", "1024 768", "800 600", "720 576", "720 480", "640 480" }
  5.97417|D|engine::SFXSystem::createDevice| Using default audio device: Beyond TV (2- HD Audio Driver for Display Audio)
  6.47351|D|GELua.core_cameraModes_relative.core_camera.relative| No refNodes found, using default fallback
  6.48843|D|GELua.core_input_bindings.bindings| Loaded 291 bindings for device keyboard0
  6.48888|D|GELua.core_input_bindings.bindings| Loaded 19 bindings for device mouse0
  6.48991|D|GELua.core_input_bindings.bindings| Loaded 45 bindings for device xinput0
  6.73865|D|GELua.core_gamestate.gamestate| show main menu (true)
  6.75625|D|GELua.core_gamestate.gamestate| ui finished loading
  6.84621|D|CEF.MainGEUI#local://local/ui/modules/apps/app-container.js:168| Expected AppLayout but didn't get one :-( 
  6.88952|D|GELua.core_modmanager.initDB| Notification : took 0.019200000000552ms to reorganise 0 files
  6.97556|D|GELua.core_modmanager.initDB| Notification : took 86.0661ms to callback
  6.97846|D|GELua.gameplay_rawPois.| Raw Poi Lists Cleared. New Generation: 5
  7.17830|D|GELua._lua_ge_extensions_gameplay_missions_proceduralMissionGenerators_timeTrialMissions.| Hid 0 prodecural TimeTrials missions because they were hidden by real missions.
  7.17866|D|GELua.gameplay_missions_missions.| Loaded 438 total missions: 399 from files, 39 from generators.
  7.23623|D|GELua.gameplay_missions_unlocks.| Processed unlock status of missions: 387/438 startable missions, 354/438 visible missions.
 10.14523|I|GELua.tech_techCore.TechGE| Accepted new client: 127.0.0.1/55633
 10.27495|W|GELua.core_levels.| info.json missing: /levels/GridMap/info.json
 10.27584|E|GELua.core_levels.| No entry point for level found: /levels/GridMap. Ignoring level.
 10.33177|I|GELua.tech_techCore.TechGE| Loading scenario: /levels/automation_test_track/scenarios/Driving Analysis - Google Cloud Event.json
 10.33216|I|GELua.tech_techCore.TechGE| Scenario found...
 10.35527|W|GELua.extensions| Had to manually add the extension name to the list to unload. Auto resolution design did not work - gameplay_drift_stuntZones
 10.35647|W|GELua.extensions| Had to manually add the extension name to the list to unload. Auto resolution design did not work - gameplay_drift_display
 10.36610|D|GELua.scenario_scenarios.scenarios| loading level: /levels/automation_test_track/
 10.36612|D|GELua.core_gamestate.gamestate| loading screen request from: ; value before was: nil
 10.36612|D|GELua.core_gamestate.gamestate| sending show loading screen
 10.36615|D|GELua.core_gamestate.gamestate| ui initialised (true)
 10.36615|D|GELua.core_gamestate.gamestate| waiting for ui (false)
 10.36621|D|GELua.core_gamestate.gamestate| loading screen request from: server.lua; value before was: nil
 10.36622|D|GELua.core_gamestate.gamestate| ui initialised (true)
 10.36623|D|GELua.core_gamestate.gamestate| waiting for ui (false)
 10.36623|D|GELua.core_gamestate.gamestate| loading screen request from: worldReadyState; value before was: nil
 10.36624|D|GELua.core_gamestate.gamestate| ui initialised (true)
 10.36624|D|GELua.core_gamestate.gamestate| waiting for ui (false)
 10.36625|D|GELua.core_gamestate.gamestate| exiting : 
 10.72399|D|GELua.core_gamestate.gamestate| ui told us loading screen is now loaded
 10.72412|I|GELua.levelLoading| Level loading: '/levels/automation_test_track/'...
 10.75908|D|engine::SFXFMODProject::acquire| SFXFMODProject: Opened project '/art/sound/fmod/desktop/ambient_maps.assets.bank' in 0.03205949999999902 seconds. Preload sample data = false.
 10.84026|D|engine::SFXFMODProject::acquire| SFXFMODProject: Opened project '/art/sound/fmod/desktop/ambient_maps.bank' in 0.03909540000000078 seconds. Preload sample data = false.
 10.87997|D|GELua.core_vehicles.main| Loading default vehicle
 10.88003|D|GELua.core_vehicles.main| Loading the default vehicle pickup
 10.92911|D|engine::SimObject::_setPersistentID| Setting a new persistent ID on an object that already has a persistent ID assigned: m_line_white [1626]. Old UUID: e2345409-22a8-4baa-b3f5-b26aacff5cba. New UUID: c996ef66-d68a-4d4b-995f-f2b1ec99fe19
 10.92918|D|engine::SimObject::_setPersistentID| Setting a new persistent ID on an object that already has a persistent ID assigned: m_line_white_discontinue [1627]. Old UUID: fd47399b-2b07-46bd-b411-f79e4fb48c71. New UUID: 56dc23ba-c03d-4045-be52-9b658e08c7e6
 10.92923|D|engine::SimObject::_setPersistentID| Setting a new persistent ID on an object that already has a persistent ID assigned: m_line_yellow_double [1630]. Old UUID: a92ac7f1-f0a4-435d-8891-c5fa98d21edf. New UUID: 4db6866a-67c9-405c-8035-e76fafddf5d6
 10.93164|D|engine::SimObject::_setPersistentID| Setting a new persistent ID on an object that already has a persistent ID assigned: m_concrete_cinderblock_01 [1555]. Old UUID: 326f2115-9cbd-40c3-9d54-b34d9cd3967b. New UUID: 5f82888f-f24f-4e56-a15f-70e8a08bf49d
 10.93231|D|engine::SimObject::_setPersistentID| Setting a new persistent ID on an object that already has a persistent ID assigned: vertexColor_glow [1671]. Old UUID: 6244b732-a759-4704-8643-7d48cde33544. New UUID: 4bf9013f-5b89-4110-b073-404cf26524b3
 10.93369|D|engine::SimObject::_setPersistentID| Setting a new persistent ID on an object that already has a persistent ID assigned: sign_arrows [1662]. Old UUID: c80e9e3c-d18c-4ab1-ab02-a50b7485cded. New UUID: 5f51df4d-138f-4d52-9f14-3568473af5e7
 10.98136|D|engine::LoadingManager::loadLevelTile| Starting to load objects for /levels/automation_test_track/main/
 11.00620|D|engine::LoadingManager::loadLevelTile| * loading json took 0.025 s
 11.00656|D|engine::LoadingManager::loadLevelTile| * ordering json took 0.000 s
 11.19457|I|engine::TerrainCellMaterial::init| Loading TerrainMaterialTextureSet
 11.68046|D|LoadingManager| Loaded     1x    Terrain::TerrainBlock         in 0.652s (0.652s each; 0.652s total so far in this category)
 11.71070|D|LoadingManager| Loaded    14x Environment::GroundCover          in 0.017s (0.001s each; 0.030s total so far in this category)
 14.11339|D|LoadingManager| Loaded  3049x     Meshes::TSStatic             in 2.403s (0.001s each; 2.403s total so far in this category)
 14.15937|D|LoadingManager| Loaded   116x    Prefabs::Prefab               in 0.046s (0.000s each; 0.046s total so far in this category)
 14.67115|D|LoadingManager| Loaded  1466x      Roads::DecalRoad            in 0.512s (0.000s each; 0.512s total so far in this category)
 14.74441|D|engine::Forest::reloadData| Read 46339 forest items split into 53 different types
 15.41038|D|LoadingManager| Loaded     1x      Other::forest               in 0.729s (0.729s each; 0.737s total so far in this category)
 15.43904|I|engine::SceneStaticManagerRender::_onObjectsReady| *** Built static data in 0.026s
 15.44007|D|engine::LoadingManager::loadLevelTile| loadLevelTile took 4.434s
 15.44153|I|GELua.levelLoading| Level loaded: /levels/automation_test_track/info.json
 15.51137|I|engine::BeamNGPhysicsPlugin::reload| Physics collision reloading...
 16.25570|I|libbeamng.engine.staticCollision| *** Loaded Static Collision, containing 5111620 tris, in 0.370 s
 16.25651|I|engine::BeamNGPhysicsPlugin::reload| Physics collision reloaded in 0.745s (49285 entries generated in 0.374s, using  0.56mb)
 16.25882|D|GELua.spawn.lua| not spawning player upon request
 16.25900|D|GELua.core_gamestate.gamestate| exiting : server.lua
 16.25905|D|GELua.util_richPresence.Rich Presence| Playing Driving Analysis - Google Cloud Event
 16.25912|D|GELua.util_richPresence.Rich Presence| Playing Driving Analysis - Google Cloud Event on Automation Test Track
 16.25915|I|GELua.gameplay_speedTrapLeaderboards.| Loading leaderboards from settings/cloud/speedTrapLeaderboards/
 16.30655|D|GELua.clientStartMission| starting levelPath: /levels/automation_test_track/info.json
 16.30667|D|GELua.scenario_scenarios.scenarios| Starting scenario : Driving Analysis - Google Cloud Event
 16.30667|D|GELua.scenario_scenarios.scenarios| Scenario path : /levels/automation_test_track/scenarios/Driving Analysis - Google Cloud Event.json
 16.30678|D|GELua.scenario_scenarios.scenarios| spawning prefabs ...
 16.30682|D|GELua.lua| adding prefab driving analysis - google cloud event
 16.30688|D|GELua.lua| loading prefab driving analysis - google cloud event
 16.30738|I|engine::BeamNGVehicle::spawnObject| Spawning object 'pickup' with default config
 16.30981|W|engine::MaterialManager::mapMaterial| Warning, duplicate material. Overwriting. Old: /levels/automation_test_track/art/shapes/main.materials.json / pickup_orange / mapTo = orange vs new: /vehicles/pickup/main.materials.json / pickup_orange / mapTo = orange
 16.31843|D|engine::SimObject::_setPersistentID| Setting a new persistent ID on an object that already has a persistent ID assigned: van_taillight_R [16084]. Old UUID: 6f49a388-2db5-4dda-87ce-6ea675c7ac0e. New UUID: 80e6129d-5ec3-40ef-ac28-09fc043f8325
 16.37672|D|GELua.core_vehicle_manager.vehicleLoader| partConfigData [string] = ""
 16.37840|W|GELua.core_vehicle_partmgmt.| Problems reading requested configuration: ""
 16.38041|W|GELua.core_vehicle_partmgmt.main| Supplied config file:  not found. Using default config instead.
 17.17418|D|GELua.core_vehicle_manager.loader| GE load time: 0.8061958 s
 17.21516|D|libbeamng.default.init| spawning vehicle /vehicles/pickup/
 17.27266|D|libbeamng.loader| Vehicle loading took: 17300.5004 ms
 17.62346|D|GELua.core_cameraModes_relative.core_camera.relative| No refNodes found, using default fallback
 17.62425|D|GELua.core_camera.| Camera switched to "orbit"
 17.86797|D|GELua.util_richPresence.Rich Presence| Playing Driving Analysis - Google Cloud Event on Automation Test Track with Gavril D-Series
 17.88908|D|GELua.core_input_bindings.bindings| Loaded 297 bindings for device keyboard0
 17.88930|D|GELua.core_input_bindings.bindings| Loaded 19 bindings for device mouse0
 17.88977|D|GELua.core_input_bindings.bindings| Loaded 45 bindings for device xinput0
 17.88980|D|engine::InputHelper::getFFBID|           Found 1 FFB binding candidates to be assigned for action "steering" in vehicle 'pickup', vehicle ID 21934 (sorted by suitability)
 17.88981|D|engine::InputHelper::getFFBID|            * playerBinding: Player 0, devName "xinput0", control "thumblx"
 17.88982|D|engine::InputRegistry::logFFBInterfaces| Found 0 FFBInterface candidates (unsorted)
 17.88983|D|engine::InputHelper::getFFBID| Step 1: Wrong match found for player 0, device 'xinput0', control 'thumblx', ffbAxisIndex 0, ffbAxisName 'default' (has FFB disabled)
 17.88983|D|engine::InputHelper::getFFBID| Step 1: No matches found for player 0, device 'xinput0', control 'thumblx' (abandoning search on this device)
 17.88985|D|engine::InputHelper::getFFBID| Step 2: Wrong match found for player 0, device 'xinput0', ffbAxisIndex 0, ffbAxisName 'default' (has FFB disabled)
 17.88985|D|engine::InputHelper::getFFBID| Step 2: No matches found for player 0, device 'xinput0' (abandoning search on this device)
 17.88986|D|engine::InputHelper::getFFBID| Step 2: No matches found for player 0, device 'keyboard0' (abandoning search on this device)
 17.89142|E|GELua.scenario_scenarios.scenarios| Prefab: driving analysis - google cloud event already exist in level. Rejecting loading of duplicate.
 17.89290|I|engine::BeamNGPhysicsPlugin::reload| Physics collision