  0.00094|D|logging| -- Log started - v 0.33.3.0 - x64 - build 17209 - 2024-12-08 -- 12:13:06 -----
  0.00095|D|logging| -- buildbot build 17209 on winbuildbot3 - 04/10/2024 - 16:16:55
  0.00096|D|logging| -- Log Format: Time since startup | Message level: D(ebug), I(nfo), W(arning), E(rror), A(lways) | Message
  0.13433|I|engine::initFS| Virtual Filesystem: user path: D:\miracle\code\game\user\0.33\
  0.13435|D|engine::initFS|  - user path reason: Command argument -userpath
  0.13435|D|engine::initFS|  - user mods path: D:\miracle\code\game\user\0.33\mods/
  0.13435|D|engine::initFS|  - game mods path: D:/SteamLibrary/steamapps/common/BeamNG.drive/content/
  0.13444|I|engine::Processor::init| 11th Gen Intel(R) Core(TM) i7-11800H @ 2.30GHz ~2.30 GHz [HT,] 1 physical, 8 cores, 16 logical
  0.13446|D|main| H2 6B40197ECECCB9562E4FFE0290A495AA4209
  0.13720|D|engine::DirectInputInputDeviceSystem::initialize| Initializing DirectInput...
  0.14752|D|engine::DirectInputInputDeviceSystem::enumerateDevices|  *** DirectInput device enumeration about to begin
  0.15516|D|engine::DirectInputDevice::initialize| Mouse [instance: Mouse] detected, created as mouse0 (asynchronous)
  0.15519|D|engine::DirectInputDevice::initialize|  - devtype 0x112
  0.15520|D|engine::DirectInputDevice::initialize|  - A mouse or mouse-like device (such as a trackball)
  0.15521|D|engine::DirectInputDevice::initialize|  + 3 axes
  0.15521|D|engine::DirectInputDevice::initialize|  + 5 buttons
  0.15528|D|engine::DirectInputDevice::initialize| created device 'mouse0', took 0.000s: create:0.006ms, caps:0.000ms, txts:0.071ms, enum:0.024ms, fmt:0.005ms, buff:0.014ms, axis:0.000ms
  0.15531|D|engine::DirectInputInputDeviceSystem::EnumDevicesProc| EnumDevicesProc() for device 'Mouse' took 0.000s: conv:0.003ms, type:0.000ms, xinp:0.215ms, add/create:0.181ms, create():0.000ms
  0.15597|D|engine::DirectInputDevice::initialize| Keyboard [instance: Keyboard] detected, created as keyboard0 (asynchronous)
  0.15600|D|engine::DirectInputDevice::initialize|  - devtype 0x413
  0.15600|D|engine::DirectInputDevice::initialize|  - Keyboard or keyboard-like:
  0.15601|D|engine::DirectInputDevice::initialize|   - IBM PC Enhanced 101/102-key or Microsoft Natural keyboard.
  0.15602|D|engine::DirectInputDevice::initialize|  + 128 buttons
  0.16132|D|engine::DirectInputDevice::initialize| created device 'keyboard0', took 0.006s: create:0.246ms, caps:0.001ms, txts:0.069ms, enum:5.256ms, fmt:0.026ms, buff:0.000ms, axis:0.000ms
  0.16134|D|engine::DirectInputInputDeviceSystem::EnumDevicesProc| EnumDevicesProc() for device 'Keyboard' took 0.006s: conv:0.002ms, type:0.000ms, xinp:0.001ms, add/create:5.670ms, create():0.000ms
  0.17071|D|engine::DirectInputInputDeviceSystem::EnumDevicesProc| Ignoring unsuitable didevice_type 0x11 (17) for device 'HID-compliant consumer control device'
  0.17074|D|engine::DirectInputInputDeviceSystem::EnumDevicesProc| EnumDevicesProc() for device 'HID-compliant consumer control device' took 0.000s: conv:0.001ms, type:0.024ms
  0.17192|D|engine::DirectInputInputDeviceSystem::EnumDevicesProc| Ignoring unsuitable didevice_type 0x11 (17) for device 'HID-compliant system controller'
  0.17193|D|engine::DirectInputInputDeviceSystem::EnumDevicesProc| EnumDevicesProc() for device 'HID-compliant system controller' took 0.000s: conv:0.001ms, type:0.014ms
  0.17281|D|engine::DirectInputInputDeviceSystem::EnumDevicesProc| Ignoring unsuitable didevice_type 0x11 (17) for device 'Converted Portable Device Control device'
  0.17282|D|engine::DirectInputInputDeviceSystem::EnumDevicesProc| EnumDevicesProc() for device 'Converted Portable Device Control device' took 0.000s: conv:0.001ms, type:0.013ms
  0.17365|D|engine::DirectInputInputDeviceSystem::EnumDevicesProc| Ignoring unsuitable didevice_type 0x11 (17) for device 'Converted Portable Device Control device'
  0.17367|D|engine::DirectInputInputDeviceSystem::EnumDevicesProc| EnumDevicesProc() for device 'Converted Portable Device Control device' took 0.000s: conv:0.000ms, type:0.012ms
  0.17449|D|engine::DirectInputInputDeviceSystem::EnumDevicesProc| Ignoring unsuitable didevice_type 0x11 (17) for device 'Intel(R) HID Event Filter'
  0.17450|D|engine::DirectInputInputDeviceSystem::EnumDevicesProc| EnumDevicesProc() for device 'Intel(R) HID Event Filter' took 0.000s: conv:0.002ms, type:0.013ms
  0.17502|D|engine::DirectInputInputDeviceSystem::EnumDevicesProc| Ignoring unsuitable didevice_type 0x11 (17) for device 'HIDI2C Device'
  0.17706|D|engine::DirectInputInputDeviceSystem::EnumDevicesProc| EnumDevicesProc() for device 'HIDI2C Device' took 0.002s: conv:0.000ms, type:2.025ms
  0.17823|D|engine::DirectInputInputDeviceSystem::EnumDevicesProc| Ignoring unsuitable didevice_type 0x11 (17) for device 'Intel(R) HID Event Filter'
  0.17825|D|engine::DirectInputInputDeviceSystem::EnumDevicesProc| EnumDevicesProc() for device 'Intel(R) HID Event Filter' took 0.000s: conv:0.000ms, type:0.014ms
  0.17868|D|engine::DirectInputInputDeviceSystem::EnumDevicesProc| Ignoring unsuitable didevice_type 0x11 (17) for device 'HIDI2C Device'
  0.17870|D|engine::DirectInputInputDeviceSystem::EnumDevicesProc| EnumDevicesProc() for device 'HIDI2C Device' took 0.000s: conv:0.001ms, type:0.011ms
  0.17901|D|engine::DirectInputInputDeviceSystem::enumerateDevices|  *** DirectInput device enumeration finished after 0.031s: DirectInput code:23.13ms, BeamNG code:8.322ms
  0.17939|D|engine::DirectInputInputDeviceSystem::enumerateDevices|  *** DirectInput device enumeration about to begin
  0.18459|D|engine::DirectInputDevice::initialize| Mouse [instance: Mouse] detected, created as mouse0 (asynchronous)
  0.18461|D|engine::DirectInputDevice::initialize|  - devtype 0x112
  0.18461|D|engine::DirectInputDevice::initialize|  - A mouse or mouse-like device (such as a trackball)
  0.18462|D|engine::DirectInputDevice::initialize|  + 3 axes
  0.18462|D|engine::DirectInputDevice::initialize|  + 5 buttons
  0.18465|D|engine::DirectInputDevice::initialize| created device 'mouse0', took 0.000s: create:0.001ms, caps:0.000ms, txts:0.045ms, enum:0.010ms, fmt:0.002ms, buff:0.001ms, axis:0.000ms
  0.18467|D|engine::DirectInputInputDeviceSystem::EnumDevicesProc| EnumDevicesProc() for device 'Mouse' took 0.000s: conv:0.001ms, type:0.000ms, xinp:0.001ms, add/create:0.090ms, create():0.000ms
  0.18471|D|engine::DirectInputDevice::initialize| Keyboard [instance: Keyboard] detected, created as keyboard0 (asynchronous)
  0.18471|D|engine::DirectInputDevice::initialize|  - devtype 0x413
  0.18472|D|engine::DirectInputDevice::initialize|  - Keyboard or keyboard-like:
  0.18473|D|engine::DirectInputDevice::initialize|   - IBM PC Enhanced 101/102-key or Microsoft Natural keyboard.
  0.18473|D|engine::DirectInputDevice::initialize|  + 128 buttons
  0.18495|D|engine::DirectInputDevice::initialize| created device 'keyboard0', took 0.000s: create:0.007ms, caps:0.000ms, txts:0.027ms, enum:0.187ms, fmt:0.024ms, buff:0.000ms, axis:0.000ms
  0.18498|D|engine::DirectInputInputDeviceSystem::EnumDevicesProc| EnumDevicesProc() for device 'Keyboard' took 0.000s: conv:0.000ms, type:0.000ms, xinp:0.000ms, add/create:0.279ms, create():0.000ms
  0.19355|D|engine::DirectInputInputDeviceSystem::EnumDevicesProc| Ignoring unsuitable didevice_type 0x11 (17) for device 'HID-compliant consumer control device'
  0.19357|D|engine::DirectInputInputDeviceSystem::EnumDevicesProc| EnumDevicesProc() for device 'HID-compliant consumer control device' took 0.000s: conv:0.001ms, type:0.014ms
  0.19442|D|engine::DirectInputInputDeviceSystem::EnumDevicesProc| Ignoring unsuitable didevice_type 0x11 (17) for device 'HID-compliant system controller'
  0.19444|D|engine::DirectInputInputDeviceSystem::EnumDevicesProc| EnumDevicesProc() for device 'HID-compliant system controller' took 0.000s: conv:0.000ms, type:0.012ms
  0.19526|D|engine::DirectInputInputDeviceSystem::EnumDevicesProc| Ignoring unsuitable didevice_type 0x11 (17) for device 'Converted Portable Device Control device'
  0.19528|D|engine::DirectInputInputDeviceSystem::EnumDevicesProc| EnumDevicesProc() for device 'Converted Portable Device Control device' took 0.000s: conv:0.001ms, type:0.011ms
  0.19605|D|engine::DirectInputInputDeviceSystem::EnumDevicesProc| Ignoring unsuitable didevice_type 0x11 (17) for device 'Converted Portable Device Control device'
  0.19606|D|engine::DirectInputInputDeviceSystem::EnumDevicesProc| EnumDevicesProc() for device 'Converted Portable Device Control device' took 0.000s: conv:0.000ms, type:0.011ms
  0.19693|D|engine::DirectInputInputDeviceSystem::EnumDevicesProc| Ignoring unsuitable didevice_type 0x11 (17) for device 'Intel(R) HID Event Filter'
  0.19694|D|engine::DirectInputInputDeviceSystem::EnumDevicesProc| EnumDevicesProc() for device 'Intel(R) HID Event Filter' took 0.000s: conv:0.002ms, type:0.012ms
  0.19750|D|engine::DirectInputInputDeviceSystem::EnumDevicesProc| Ignoring unsuitable didevice_type 0x11 (17) for device 'HIDI2C Device'
  0.19751|D|engine::DirectInputInputDeviceSystem::EnumDevicesProc| EnumDevicesProc() for device 'HIDI2C Device' took 0.000s: conv:0.001ms, type:0.015ms
  0.19880|D|engine::DirectInputInputDeviceSystem::EnumDevicesProc| Ignoring unsuitable didevice_type 0x11 (17) for device 'Intel(R) HID Event Filter'
  0.19882|D|engine::DirectInputInputDeviceSystem::EnumDevicesProc| EnumDevicesProc() for device 'Intel(R) HID Event Filter' took 0.000s: conv:0.001ms, type:0.019ms
  0.19932|D|engine::DirectInputInputDeviceSystem::EnumDevicesProc| Ignoring unsuitable didevice_type 0x11 (17) for device 'HIDI2C Device'
  0.19934|D|engine::DirectInputInputDeviceSystem::EnumDevicesProc| EnumDevicesProc() for device 'HIDI2C Device' took 0.000s: conv:0.001ms, type:0.011ms
  0.19935|D|engine::DirectInputInputDeviceSystem::enumerateDevices|  *** DirectInput device enumeration finished after 0.020s: DirectInput code:19.32ms, BeamNG code:0.625ms
  0.19941|D|engine::Platform::init| 11th Gen Intel(R) Core(TM) i7-11800H @ 2.30GHz GenuineIntel x64
  0.19947|D|engine::Platform::init| Microsoft Windows 11  (v10.0) (build 26100), 64-bit
  0.19948|D|engine::Platform::init| Physical memory: 31.73 GB
  0.19949|D|engine::Platform::init| Battery: state: 'high' - online
  0.19950|D|engine::Platform::init| Process Priority: Normal (0x20)
  0.19974|D|engine::ModuleManager::initializeSystem| initializing 115 modules (only displaying anything above 0.1 s)...
  0.21003|D|engine::SFXFMODProvider::init| SFXFMODProvider - FMOD API version: 2.02.17
  0.34274|D|engine::ModuleManager::initializeSystem|  - SFXModule in 0.1429816 seconds
  0.34726|D|engine::SFXSystem::createDevice| Using default audio device: Headphones (2- AirPods Pro)
  0.43510|D|engine::SFXSystem::createDevice| Created FMOD device 'Headphones (2- AirPods Pro)'
  0.43513|D|engine::SFXSystem::createDevice|    CAPS_VoiceManagement
  0.43550|D|engine::SFXSystem::finalizeInitialization|    Provider: FMOD
  0.43551|D|engine::SFXSystem::finalizeInitialization|    Hardware: false
  0.43552|D|engine::SFXSystem::finalizeInitialization|    Buffers: 16
  0.45143|I|GELua.| ============== GELUA VM loading ===============
  0.54562|D|GELua.gameplay_missions_progress.| Loaded 0 condition types from 0 files.
  0.54752|D|GELua.gameplay_missions_missions.| Loaded 2 procedural Mission Generators from 2 files.
  0.55044|D|GELua.gameplay_missions_unlocks.| Loaded 9 condition types from 4 files.
  0.57627|D|engine::ModuleManager::initializeSystem|  - GameEngineLua in 0.1405224 seconds
  0.57636|D|engine::GFXInit::init| GFX Init:
  0.57638|D|engine::_GFXInitReportAdapters|    Null device found
  0.57648|D|engine::ModuleManager::initializeSystem| ... all modules loaded in 0.3767461000000001 seconds
  0.57663|D|engine::MainLoop::init| OpenXR: Steam VR mode: disabled
  0.57741|D|CommandListener| CommandListener started
  0.59214|D|engine::GFXInit::createDevice| Available adapters: 2
  0.59217|D|engine::GFXInit::createDevice|  - name:NVIDIA GeForce RTX 3050 Ti Laptop GPU (D3D11), outputName:\\.\DISPLAY1, gfx:D3D11, gpu:NVIDIA GeForce RTX 3050 Ti Laptop GPU
  0.59218|D|engine::GFXInit::createDevice|  - name:GFX Null Device, outputName:, gfx:, gpu:
  0.59219|D|engine::GFXInit::createDevice| Attempting to create GFX device 0: NVIDIA GeForce RTX 3050 Ti Laptop GPU (D3D11) [with output \\.\DISPLAY1]
  0.59220|D|engine::GFXInit::createDevice| shader model: 5.0 , available video modes: 74
  0.59222|D|engine::GFXInit::createDevice| Device created, setting adapter and enumerating modes
  1.48439|D|engine::GFXD3D11Device::init| Hardware occlusion query detected: Yes
  1.48484|D|engine::GFXCardProfiler::init| D3D11 -  (NVIDIA GeForce RTX 3050 Ti Laptop GPU) [3965 MB] ver 
  1.48485|D|engine::GFXCardProfiler::setCapability| GFXCardProfiler (D3D11) - Setting capability 'maxTextureWidth' to 8192.
  1.48486|D|engine::GFXCardProfiler::setCapability| GFXCardProfiler (D3D11) - Setting capability 'maxTextureHeight' to 8192.
  1.48487|D|engine::GFXCardProfiler::setCapability| GFXCardProfiler (D3D11) - Setting capability 'maxTextureSize' to 8192.
  1.48488|D|engine::GFXCardProfiler::setCapability| GFXCardProfiler (D3D11) - Setting capability 'autoMipMapLevel' to 1.
  1.48489|D|engine::GFXCardProfiler::setCapability| GFXCardProfiler (D3D11) - Setting capability 'lerpDetailBlend' to 1.
  1.48490|D|engine::GFXCardProfiler::setCapability| GFXCardProfiler (D3D11) - Setting capability 'fourStageDetailBlend' to 1.
  1.48620|D|engine::ShaderGen::initShaderGen| Failed to remove file /temp/shaders/procedural/autogenConditioners.h
  1.48744|D|bng::VfsWrapper::sanitizePathAsStr| Empty path will be resolved to root but should not be used
  1.48805|D|bng::VfsWrapper::sanitizePathAsStr| Empty path will be resolved to root but should not be used
  1.48829|D|bng::VfsWrapper::sanitizePathAsStr| Empty path will be resolved to root but should not be used
  1.48852|D|bng::VfsWrapper::sanitizePathAsStr| Empty path will be resolved to root but should not be used
  1.48893|D|engine::GFXD3D11Device::init| GFXDevice 11 - SM 5
  1.52831|D|engine::GFXD3D11WindowTarget::init| setting video mode: Width 1280, Height 720, Format 28, Windowed 1
  1.52918|D|engine::Win32Window::setVideoMode| AntialiasLevel: 0, BitDepth: 32, DisplayMode: Window, RefreshRate: 60, Resolution: 1280x720, wideScreen: false
  1.52920|D|engine::Win32Window::setVideoMode| Win32Window::setVideoMode - invoking curtain
  1.54824|D|engine::GFXD3D11WindowTarget::resetMode| setting video mode: Width 1280, Height 720, Windowed 1, RefreshRate 60/1
  1.54865|D|engine::GFXD3D11WindowTarget::resetMode| D3D11Device::reset: resizing buffers: BufferCount 1, Width 1280, Height 720, Format 28, Windowed 1
  1.55711|D|GELua.core_settings_graphic.graphic| Sanitizing display - //./DISPLAY1: Passed.
  1.55716|D|GELua.core_settings_graphic.graphic| Sanitizing display mode - Window: Passed.
  1.55718|D|GELua.core_settings_graphic.graphic| Sanitizing display resolution for Window mode - 1280 720: Passed.
  1.56682|D|engine::GFXD3D11WindowTarget::resetMode| setting video mode: Width 1280, Height 720, Windowed 1, RefreshRate 60/1
  1.56729|D|engine::GFXD3D11WindowTarget::resetMode| D3D11Device::reset: resizing buffers: BufferCount 1, Width 1280, Height 720, Format 28, Windowed 1
  1.57865|D|engine::loadFonts| Loading 13 imgui fonts...
  1.57877|D|engine::imguiCreateContext| Adding fonts to imgui:
  1.57896|D|engine::imguiCreateContext| 	'cairo_bold'->'ui\common\Cairo-Bold.ttf' Scale: 1.3  RangeCount: 3
  1.57913|D|engine::imguiCreateContext| 	'cairo_regular'->'ui\common\Cairo-Regular.ttf' Scale: 1.3  RangeCount: 3
  1.57926|D|engine::imguiCreateContext| 	'cairo_regular_medium'->'ui\common\Cairo-Regular.ttf' Scale: 1.8  RangeCount: 3
  1.57942|D|engine::imguiCreateContext| 	'cairo_semibold_large'->'ui\common\Cairo-SemiBold.ttf' Scale: 2  RangeCount: 3
  1.57970|D|engine::imguiCreateContext| 	'consola_regular'->'C:\WINDOWS\Fonts\consola.ttf' Scale: 1  RangeCount: 4
  1.57995|D|engine::imguiCreateContext| 	'icons'->'ui\common\fa-solid-900.ttf' Scale: 3  RangeCount: 1
  1.58235|D|engine::imguiCreateContext| 	'notosans_jp_regular'->'ui\common\NotoSansJP-Regular.otf' Scale: 1  RangeCount: 3004
  1.58320|D|engine::imguiCreateContext| 	'notosans_kr_regular'->'ui\common\NotoSansKR-Regular.otf' Scale: 1  RangeCount: 3
  1.58585|D|engine::imguiCreateContext| 	'notosans_sc_regular'->'ui\common\NotoSansSC-Regular.otf' Scale: 1  RangeCount: 2506
  1.58776|D|engine::imguiCreateContext| 	'notosans_tc_regular'->'ui\common\NotoSansTC-Regular.otf' Scale: 1  RangeCount: 7
  1.58800|D|engine::imguiCreateContext| 	'prompt_regular'->'ui\common\Prompt-Regular.ttf' Scale: 1  RangeCount: 3
  1.58813|D|engine::imguiCreateContext| 	'robotomono_regular'->'ui\common\RobotoMono-Regular.ttf' Scale: 1  RangeCount: 4
  1.58853|D|engine::imguiCreateContext| 	'segoeui_regular'->'C:\WINDOWS\Fonts\segoeui.ttf' Scale: 1  RangeCount: 4
  2.72386|D|imgui.fonts| font texture contains 13 fonts. Atlas size: 4096x16384px
  2.72390|D|imgui.fonts|  - cairo_bold           [24.3 px]:    292 glyphs
  2.72390|D|imgui.fonts|  - cairo_regular        [24.3 px]:    292 glyphs
  2.72391|D|imgui.fonts|  - cairo_regular_medium [33.7 px]:    292 glyphs
  2.72391|D|imgui.fonts|  - cairo_semibold_large [37.4 px]:    292 glyphs
  2.72392|D|imgui.fonts|  - consola_regular      [18.7 px]:    465 glyphs
  2.72392|D|imgui.fonts|  - icons                [56.1 px]:     16 glyphs
  2.72393|D|imgui.fonts|  - notosans_jp_regular  [18.7 px]:   3685 glyphs
  2.72393|D|imgui.fonts|  - notosans_kr_regular  [18.7 px]:    388 glyphs
  2.72394|D|imgui.fonts|  - notosans_sc_regular  [18.7 px]:   3220 glyphs
  2.72394|D|imgui.fonts|  - notosans_tc_regular  [18.7 px]:  16064 glyphs
  2.72395|D|imgui.fonts|  - prompt_regular       [18.7 px]:    299 glyphs
  2.72395|D|imgui.fonts|  - robotomono_regular   [18.7 px]:    460 glyphs
  2.72396|D|imgui.fonts|  - segoeui_regular      [18.7 px]:    465 glyphs
  2.72396|D|imgui.fonts| 26230 glyphs totally
  2.76381|D|engine::Material::_mapMaterial| [Material::mapMaterial] - Cannot map unnamed Material - settings/game-settings.cs
  2.96640|I|GELua.| ============== GELUA VM loaded ================
  3.01452|D|engine::run| Started up in 3.04 seconds: fs:32.09ms, crashrpt:23.91ms, fs:105.7ms, platform:63.86ms, modules:376.9ms, TScmdline:2399.ms, cef2:38.33ms
  3.01836|D|engine::DirectInputDevice::acquire| Succesfully acquired directinput device mouse0
  3.01891|D|engine::DirectInputDevice::acquire| Succesfully acquired directinput device keyboard0
  3.03211|W|GELua.core_levels.| info.json missing: /levels/GridMap/info.json
  3.03421|E|GELua.core_levels.| No entry point for level found: /levels/GridMap. Ignoring level.
  3.33019|D|GELua._lua_ge_extensions_gameplay_missions_proceduralMissionGenerators_timeTrialMissions.| Hid 0 prodecural TimeTrials missions because they were hidden by real missions.
  3.33054|D|GELua.gameplay_missions_missions.| Loaded 494 total missions: 455 from files, 39 from generators.
  3.63757|D|GELua.gameplay_missions_unlocks.| Processed unlock status of missions: 443/494 startable missions, 406/494 visible missions.
  3.65744|I|GELua.TechCom| Started listening on 127.0.0.1/64256.
  3.90246|D|engine::SFXFMODProject::acquire| SFXFMODProject: Opened project '/art/sound/fmod/desktop/main_preload.assets.bank' in 0.0631301999999998 seconds. Preload sample data = true.
  3.99106|D|engine::SFXFMODProject::acquire| SFXFMODProject: Opened project '/art/sound/fmod/desktop/main_preload.streams.bank' in 0.08822729999999979 seconds. Preload sample data = true.
  4.07187|D|engine::SFXFMODProject::acquire| SFXFMODProject: Opened project '/art/sound/fmod/desktop/vehicle_preload.assets.bank' in 0.08058150000000008 seconds. Preload sample data = true.
  4.16093|D|engine::SFXFMODProject::acquire| SFXFMODProject: Opened project '/art/sound/fmod/desktop/vehicle_preload.streams.bank' in 0.08879560000000009 seconds. Preload sample data = true.
  4.20232|D|engine::SFXFMODProject::acquire| SFXFMODProject: Opened project '/art/sound/fmod/desktop/ambient_maps.streams.bank' in 0.041155500000000345 seconds. Preload sample data = false.
  4.24283|D|engine::SFXFMODProject::acquire| SFXFMODProject: Opened project '/art/sound/fmod/desktop/music.assets.bank' in 0.040300900000000084 seconds. Preload sample data = false.
  4.29237|D|engine::SFXFMODProject::acquire| SFXFMODProject: Opened project '/art/sound/fmod/desktop/music.streams.bank' in 0.049311900000000186 seconds. Preload sample data = false.
  4.33230|D|engine::SFXFMODProject::acquire| SFXFMODProject: Opened project '/art/sound/fmod/desktop/speech.assets.bank' in 0.039739800000000436 seconds. Preload sample data = false.
  4.37349|D|engine::SFXFMODProject::acquire| SFXFMODProject: Opened project '/art/sound/fmod/desktop/speech.streams.bank' in 0.0409670000000002 seconds. Preload sample data = false.
  4.41338|D|engine::SFXFMODProject::acquire| SFXFMODProject: Opened project '/art/sound/fmod/desktop/ui.assets.bank' in 0.039405900000000216 seconds. Preload sample data = false.
  4.46355|D|engine::SFXFMODProject::acquire| SFXFMODProject: Opened project '/art/sound/fmod/desktop/ui.streams.bank' in 0.049955699999999936 seconds. Preload sample data = false.
  4.50387|D|engine::SFXFMODProject::acquire| SFXFMODProject: Opened project '/art/sound/fmod/desktop/vehicle.assets.bank' in 0.04007930000000037 seconds. Preload sample data = false.
  4.54258|D|engine::SFXFMODProject::acquire| SFXFMODProject: Opened project '/art/sound/fmod/desktop/vehicle.streams.bank' in 0.03848289999999999 seconds. Preload sample data = false.
  4.63231|D|engine::SFXFMODProject::acquire| SFXFMODProject: Opened project '/art/sound/fmod/desktop/main_preload.strings.bank' in 0.08939179999999958 seconds. Preload sample data = true.
  4.71107|D|engine::SFXFMODProject::acquire| SFXFMODProject: Opened project '/art/sound/fmod/desktop/main_preload.bank' in 0.07643799999999956 seconds. Preload sample data = true.
  5.07073|D|engine::SFXFMODProject::acquire| SFXFMODProject: Opened project '/art/sound/fmod/desktop/vehicle_preload.bank' in 0.3584649999999998 seconds. Preload sample data = true.
  5.12370|D|engine::SFXFMODProject::acquire| SFXFMODProject: Opened project '/art/sound/fmod/desktop/music.bank' in 0.05168900000000054 seconds. Preload sample data = false.
  5.16347|D|engine::SFXFMODProject::acquire| SFXFMODProject: Opened project '/art/sound/fmod/desktop/speech.bank' in 0.03934190000000015 seconds. Preload sample data = false.
  5.20339|D|engine::SFXFMODProject::acquire| SFXFMODProject: Opened project '/art/sound/fmod/desktop/ui.bank' in 0.03959379999999957 seconds. Preload sample data = false.
  5.33967|D|engine::SFXFMODProject::acquire| SFXFMODProject: Opened project '/art/sound/fmod/desktop/vehicle.bank' in 0.1351502 seconds. Preload sample data = false.
  5.41192|D|GELua.core_input_bindings.bindings| Loaded 280 bindings for device keyboard0
  5.41234|D|GELua.core_input_bindings.bindings| Loaded 19 bindings for device mouse0
  5.54190|D|engine::SFXSystem::createDevice| Using default audio device: Headphones (2- AirPods Pro)
  5.54308|D|GELua.gameplay_rawPois.| Raw Poi Lists Cleared. New Generation: 1
  5.54313|D|GELua.gameplay_rawPois.| Raw Poi Lists Cleared. New Generation: 2
  5.54347|D|GELua.gameplay_rawPois.| Raw Poi Lists Cleared. New Generation: 3
  5.54349|D|GELua.gameplay_rawPois.| Raw Poi Lists Cleared. New Generation: 4
  5.54483|D|GELua.core_settings_settings.| refreshLanguages(): oldLanguage = ""  appliedLanguage = "" userLanguage = ""
  5.54487|D|GELua.core_settings_settings.|        switching language.
  5.91519|D|engine::reloadLanguages| Switched to OS language: '' -> 'en-US' ('en-US')
  5.91709|D|GELua.core_settings_settings.| set font: segoeui_regular
  5.91795|D|GELua.core_settings_graphic.graphic| Applying graphic settings: \\.\DISPLAY1, Window, 1280 x 720 60 Hz
  5.91801|D|engine::Win32Window::setVideoMode| AntialiasLevel: 0, BitDepth: 32, DisplayMode: Window, RefreshRate: 60, Resolution: 1280x720, wideScreen: false
  5.92200|D|engine::GFXD3D11WindowTarget::resetMode| setting video mode: Width 1280, Height 720, Windowed 1, RefreshRate 60/1
  5.92205|D|engine::GFXD3D11WindowTarget::resetMode| D3D11Device::reset: resizing buffers: BufferCount 1, Width 1280, Height 720, Format 28, Windowed 1
  5.93383|D|engine::GFXD3D11WindowTarget::resetMode| setting video mode: Width 1280, Height 720, Windowed 1, RefreshRate 60/1
  5.93395|D|engine::GFXD3D11WindowTarget::resetMode| D3D11Device::reset: resizing buffers: BufferCount 1, Width 1280, Height 720, Format 28, Windowed 1
  5.94137|D|GELua.core_settings_graphic.graphic| Available Video Modes : { "1920 1200", "1920 1080", "1680 1050", "1600 1200", "1600 900", "1440 900", "1400 1050", "1366 768", "1360 768", "1280 1024", "1280 960", "1280 800", "1280 768", "1280 720", "1280 600", "1152 864", "1024 768", "800 600", "640 480" }
  5.94154|D|engine::SFXSystem::createDevice| Using default audio device: Headphones (2- AirPods Pro)
  6.47348|D|GELua.core_cameraModes_relative.core_camera.relative| No refNodes found, using default fallback
  6.48598|D|GELua.core_input_bindings.bindings| Loaded 280 bindings for device keyboard0
  6.48619|D|GELua.core_input_bindings.bindings| Loaded 19 bindings for device mouse0
  6.84191|D|GELua.core_gamestate.gamestate| show main menu (true)
  6.84325|D|GELua.core_gamestate.gamestate| ui finished loading
  6.89019|D|CEF.MainGEUI#local://local/ui/modules/apps/app-container.js:168| Expected AppLayout but didn't get one :-( 
  7.02086|D|GELua.core_modmanager.initDB| Notification : took 0.0084000000004636ms to reorganise 0 files
  7.06340|D|GELua.core_modmanager.initDB| Notification : took 42.5425ms to callback
  7.06706|D|GELua.gameplay_rawPois.| Raw Poi Lists Cleared. New Generation: 5
  7.33104|D|GELua._lua_ge_extensions_gameplay_missions_proceduralMissionGenerators_timeTrialMissions.| Hid 0 prodecural TimeTrials missions because they were hidden by real missions.
  7.33157|D|GELua.gameplay_missions_missions.| Loaded 494 total missions: 455 from files, 39 from generators.
  7.42092|D|GELua.gameplay_missions_unlocks.| Processed unlock status of missions: 443/494 startable missions, 406/494 visible missions.
  9.11873|I|GELua.tech_techCore.TechGE| Accepted new client: 127.0.0.1/60722
  9.23256|W|GELua.core_levels.| info.json missing: /levels/GridMap/info.json
  9.23748|E|GELua.core_levels.| No entry point for level found: /levels/GridMap. Ignoring level.
  9.28031|W|GELua.core_levels.| info.json missing: /levels/GridMap/info.json
  9.28480|E|GELua.core_levels.| No entry point for level found: /levels/GridMap. Ignoring level.
  9.32959|I|GELua.tech_techCore.TechGE| Loading scenario: /levels/west_coast_usa/scenarios/ai_sine.json
  9.33136|I|GELua.tech_techCore.TechGE| Scenario found...
  9.36582|D|GELua.gameplay_achievement.LD| reg cb
  9.37812|D|GELua.scenario_scenarios.scenarios| loading level: /levels/west_coast_usa/
  9.37815|D|GELua.core_gamestate.gamestate| loading screen request from: ; value before was: nil
  9.37816|D|GELua.core_gamestate.gamestate| sending show loading screen
  9.37819|D|GELua.core_gamestate.gamestate| ui initialised (true)
  9.37820|D|GELua.core_gamestate.gamestate| waiting for ui (false)
  9.37825|D|GELua.core_gamestate.gamestate| loading screen request from: server.lua; value before was: nil
  9.37826|D|GELua.core_gamestate.gamestate| ui initialised (true)
  9.37827|D|GELua.core_gamestate.gamestate| waiting for ui (false)
  9.37827|D|GELua.core_gamestate.gamestate| loading screen request from: worldReadyState; value before was: nil
  9.37829|D|GELua.core_gamestate.gamestate| ui initialised (true)
  9.37830|D|GELua.core_gamestate.gamestate| waiting for ui (false)
  9.37831|D|GELua.core_gamestate.gamestate| exiting : 
  9.74453|D|GELua.core_gamestate.gamestate| ui told us loading screen is now loaded
  9.74458|I|GELua.levelLoading| Level loading: '/levels/west_coast_usa/'...
  9.78216|D|engine::SFXFMODProject::acquire| SFXFMODProject: Opened project '/art/sound/fmod/desktop/ambient_maps.assets.bank' in 0.03589399999999898 seconds. Preload sample data = false.
  9.87504|D|engine::SFXFMODProject::acquire| SFXFMODProject: Opened project '/art/sound/fmod/desktop/ambient_maps.bank' in 0.04102899999999998 seconds. Preload sample data = false.
  9.91520|D|GELua.core_vehicles.main| Loading default vehicle
  9.91529|D|GELua.core_vehicles.main| Loading the default vehicle pickup
 10.44590|D|engine::GFXD3D11Shader::_loadCompiledShaderStage| shader compiled with warning(s): D:\SteamLibrary\steamapps\common\BeamNG.drive\shaders\common\material\shadergen\v0\defaultMatV0.hlsl(118,5-75): warning X3557: loop only executes for 1 iteration(s), forcing loop to unroll
 11.18666|D|engine::LoadingManager::loadLevelTile| Starting to load objects for /levels/west_coast_usa/main/
 11.35975|D|engine::LoadingManager::loadLevelTile| * loading json took 0.173 s
 11.36302|D|engine::LoadingManager::loadLevelTile| * ordering json took 0.003 s
 11.53030|D|engine::GFXD3D11Shader::_loadCompiledShaderStage| shader compiled with warning(s): D:\SteamLibrary\steamapps\common\BeamNG.drive\shaders\common\material\shadergen\v0\defaultMatV0.hlsl(118,5-75): warning X3557: loop only executes for 1 iteration(s), forcing loop to unroll
 11.53427|D|LoadingManager| Loaded    13x       Base::SpawnSphere          in 0.158s (0.012s each; 0.171s total so far in this category)
 11.56980|D|LoadingManager| Loaded   838x       Base::BeamNGWaypoint       in 0.025s (0.000s each; 0.207s total so far in this category)
 11.79463|D|engine::GFXD3D11Shader::_loadCompiledShaderStage| shader compiled with warning(s): D:\SteamLibrary\steamapps\common\BeamNG.drive\shaders\common\material\shadergen\v0\defaultMatV0.hlsl(118,5-75): warning X3557: loop only executes for 1 iteration(s), forcing loop to unroll
 11.80219|D|LoadingManager| Loaded    32x       Base::CameraBookmark       in 0.232s (0.007s each; 0.439s total so far in this category)
 11.85661|I|engine::TerrainCellMaterial::init| Loading TerrainMaterialTextureSet
 11.86220|I|engine::`anonymous-namespace'::getPackTexture| Texture added for packing, because cache [/temp/art/terrainMaterialCache/0B2D31053D04A85D.dds] not found.
 12.36379|I|TextureCooker| Texture[/temp/art/terrainMaterialCache/0B2D31053D04A85D.dds] started importing
 13.68064|I|TextureCooker| Texture[/temp/art/terrainMaterialCache/0B2D31053D04A85D.dds] imported in 1.3 secs
 13.71304|I|engine::`anonymous-namespace'::getPackTexture| Texture added for packing, because cache [/temp/art/terrainMaterialCache/0915CC4FF7DE7169.dds] not found.
 13.76019|I|TextureCooker| Texture[/temp/art/terrainMaterialCache/0915CC4FF7DE7169.dds] started importing
 13.97497|I|TextureCooker| Texture[/temp/art/terrainMaterialCache/0915CC4FF7DE7169.dds] imported in 0.21 secs
 13.98417|I|engine::`anonymous-namespace'::getPackTexture| Texture added for packing, because cache [/temp/art/terrainMaterialCache/744E7E9730A806A6.dds] not found.
 14.03001|I|TextureCooker| Texture[/temp/art/terrainMaterialCache/744E7E9730A806A6.dds] started importing
 14.23050|I|TextureCooker| Texture[/temp/art/terrainMaterialCache/744E7E9730A806A6.dds] imported in 0.2 secs
 14.23913|I|engine::`anonymous-namespace'::getPackTexture| Texture added for packing, because cache [/temp/art/terrainMaterialCache/5B65CBCE5A696F02.dds] not found.
 14.65309|I|TextureCooker| Texture[/temp/art/terrainMaterialCache/5B65CBCE5A696F02.dds] started importing
 16.03158|I|TextureCooker| Texture[/temp/art/terrainMaterialCache/5B65CBCE5A696F02.dds] imported in 1.4 secs
 16.06211|I|engine::`anonymous-namespace'::getPackTexture| Texture added for packing, because cache [/temp/art/terrainMaterialCache/14217F31F9A3E7A5.dds] not found.
 16.09210|I|TextureCooker| Texture[/temp/art/terrainMaterialCache/14217F31F9A3E7A5.dds] started importing
 16.29540|I|TextureCooker| Texture[/temp/art/terrainMaterialCache/14217F31F9A3E7A5.dds] imported in 0.2 secs
 16.30568|I|engine::`anonymous-namespace'::getPackTexture| Texture added for packing, because cache [/temp/art/terrainMaterialCache/9BC7E314316396A5.dds] not found.
 16.34364|I|TextureCooker| Texture[/temp/art/terrainMaterialCache/9BC7E314316396A5.dds] started importing
 16.54512|I|TextureCooker| Texture[/temp/art/terrainMaterialCache/9BC7E314316396A5.dds] imported in 0.2 secs
 16.55399|I|engine::`anonymous-namespace'::getPackTexture| Texture added for packing, because cache [/temp/art/terrainMaterialCache/CCF21A5111DC8E3E.dds] not found.
 16.59844|I|TextureCooker| Texture[/temp/art/terrainMaterialCache/CCF21A5111DC8E3E.dds] started importing
 16.79546|I|TextureCooker| Texture[/temp/art/terrainMaterialCache/CCF21A5111DC8E3E.dds] imported in 0.19 secs
 16.80591|I|engine::`anonymous-namespace'::getPackTexture| Texture added for packing, because cache [/temp/art/terrainMaterialCache/8F43EFEAF3A8FE73.dds] not found.
 16.83479|I|TextureCooker| Texture[/temp/art/terrainMaterialCache/8F43EFEAF3A8FE73.dds] started importing
 17.03551|I|TextureCooker| Texture[/temp/art/terrainMaterialCache/8F43EFEAF3A8FE73.dds] imported in 0.2 secs
 17.04599|I|engine::`anonymous-namespace'::getPackTexture| Texture added for packing, because cache [/temp/art/terrainMaterialCache/85B8CF4BD150F6BC.dds] not found.
 17.09144|I|TextureCooker| Texture[/temp/art/terrainMaterialCache/85B8CF4BD150F6BC.dds] started importing
 17.30064|I|TextureCooker| Texture[/temp/art/terrainMaterialCache/85B8CF4BD150F6BC.dds] imported in 0.21 secs
 17.30976|I|engine::`anonymous-namespace'::getPackTexture| Texture added for packing, because cache [/temp/art/terrainMaterialCache/7B00F90BFAF7D572.dds] not found.
 17.34571|I|TextureCooker| Texture[/temp/art/terrainMaterialCache/7B00F90BFAF7D572.dds] started importing
 17.56132|I|TextureCooker| Texture[/temp/art/terrainMaterialCache/7B00F90BFAF7D572.dds] imported in 0.21 secs
 17.56993|I|engine::`anonymous-namespace'::getPackTexture| Texture added for packing, because cache [/temp/art/terrainMaterialCache/092F5F8606406240.dds] not found.
 17.61339|I|TextureCooker| Texture[/temp/art/terrainMaterialCache/092F5F8606406240.dds] started importing
 17.81498|I|TextureCooker| Texture[/temp/art/terrainMaterialCache/092F5F8606406240.dds] imported in 0.2 secs
 17.82386|I|engine::`anonymous-namespace'::getPackTexture| Texture added for packing, because cache [/temp/art/terrainMaterialCache/0C60D8442E776FE0.dds] not found.
 17.85360|I|TextureCooker| Texture[/temp/art/terrainMaterialCache/0C60D8442E776FE0.dds] started importing
 18.07107|I|TextureCooker| Texture[/temp/art/terrainMaterialCache/0C60D8442E776FE0.dds] imported in 0.21 secs
 18.08046|I|engine::`anonymous-namespace'::getPackTexture| Texture added for packing, because cache [/temp/art/terrainMaterialCache/B62CE9C0AE7DAF56.dds] not found.
 18.11898|I|TextureCooker| Texture[/temp/art/terrainMaterialCache/B62CE9C0AE7DAF56.dds] started importing
 18.33343|I|TextureCooker| Texture[/temp/art/terrainMaterialCache/B62CE9C0AE7DAF56.dds] imported in 0.21 secs
 18.34196|I|engine::`anonymous-namespace'::getPackTexture| Texture added for packing, because cache [/temp/art/terrainMaterialCache/5F9D207FE5B8FF53.dds] not found.
 18.38215|I|TextureCooker| Texture[/temp/art/terrainMaterialCache/5F9D207FE5B8FF53.dds] started importing
 18.60227|I|TextureCooker| Texture[/temp/art/terrainMaterialCache/5F9D207FE5B8FF53.dds] imported in 0.22 secs
 18.61103|I|engine::`anonymous-namespace'::getPackTexture| Texture added for packing, because cache [/temp/art/terrainMaterialCache/05B81ED381748800.dds] not found.
 18.63697|I|TextureCooker| Texture[/temp/art/terrainMaterialCache/05B81ED381748800.dds] started importing
 18.84961|I|TextureCooker| Texture[/temp/art/terrainMaterialCache/05B81ED381748800.dds] imported in 0.21 secs
 18.85842|I|engine::`anonymous-namespace'::getPackTexture| Texture added for packing, because cache [/temp/art/terrainMaterialCache/281C388FA38CAA4A.dds] not found.
 18.89002|I|TextureCooker| Texture[/temp/art/terrainMaterialCache/281C388FA38CAA4A.dds] started importing
 19.12566|I|TextureCooker| Texture[/temp/art/terrainMaterialCache/281C388FA38CAA4A.dds] imported in 0.23 secs
 19.13500|I|engine::`anonymous-namespace'::getPackTexture| Texture added for packing, because cache [/temp/art/terrainMaterialCache/D2437CC9DB2946BE.dds] not found.
 19.17736|I|TextureCooker| Texture[/temp/art/terrainMaterialCache/D2437CC9DB2946BE.dds] started importing
 19.39082|I|TextureCooker| Texture[/temp/art/terrainMaterialCache/D2437CC9DB2946BE.dds] imported in 0.21 secs
 19.39992|I|engine::`anonymous-namespace'::getPackTexture| Texture added for packing, because cache [/temp/art/terrainMaterialCache/7C7E9476171F7017.dds] not found.
 19.44667|I|TextureCooker| Texture[/temp/art/terrainMaterialCache/7C7E9476171F7017.dds] started importing
 19.67320|I|TextureCooker| Texture[/temp/art/terrainMaterialCache/7C7E9476171F7017.dds] imported in 0.22 secs
 19.68176|I|engine::`anonymous-namespace'::getPackTexture| Texture added for packing, because cache [/temp/art/terrainMaterialCache/BBBA0B0E49D18D4C.dds] not found.
 19.72716|I|TextureCooker| Texture[/temp/art/terrainMaterialCache/BBBA0B0E49D18D4C.dds] started importing
 19.94542|I|TextureCooker| Texture[/temp/art/terrainMaterialCache/BBBA0B0E49D18D4C.dds] imported in 0.22 secs
 19.95472|I|engine::`anonymous-namespace'::getPackTexture| Texture added for packing, because cache [/temp/art/terrainMaterialCache/236BE8605DA43D22.dds] not found.
 19.98766|I|TextureCooker| Texture[/temp/art/terrainMaterialCache/236BE8605DA43D22.dds] started importing
 20.21859|I|TextureCooker| Texture[/temp/art/terrainMaterialCache/236BE8605DA43D22.dds] imported in 0.23 secs
 20.22816|I|engine::`anonymous-namespace'::getPackTexture| Texture added for packing, because cache [/temp/art/terrainMaterialCache/F9B84FF6AD6F6C0A.dds] not found.
 20.25816|I|TextureCooker| Texture[/temp/art/terrainMaterialCache/F9B84FF6AD6F6C0A.dds] started importing
 20.47617|I|TextureCooker| Texture[/temp/art/terrainMaterialCache/F9B84FF6AD6F6C0A.dds] imported in 0.22 secs
 20.48451|I|engine::`anonymous-namespace'::getPackTexture| Texture added for packing, because cache [/temp/art/terrainMaterialCache/B716BB8CDE912A46.dds] not found.
 20.52124|I|TextureCooker| Texture[/temp/art/terrainMaterialCache/B716BB8CDE912A46.dds] started importing
 20.74109|I|TextureCooker| Texture[/temp/art/terrainMaterialCache/B716BB8CDE912A46.dds] imported in 0.22 secs
 20.74992|I|engine::`anonymous-namespace'::getPackTexture| Texture added for packing, because cache [/temp/art/terrainMaterialCache/EF27A78EDA32318B.dds] not found.
 20.79463|I|TextureCooker| Texture[/temp/art/terrainMaterialCache/EF27A78EDA32318B.dds] started importing
 21.01323|I|TextureCooker| Texture[/temp/art/terrainMaterialCache/EF27A78EDA32318B.dds] imported in 0.22 secs
 21.02258|I|engine::`anonymous-namespace'::getPackTexture| Texture added for packing, because cache [/temp/art/terrainMaterialCache/84EDE2943A635994.dds] not found.
 21.04985|I|TextureCooker| Texture[/temp/art/terrainMaterialCache/84EDE2943A635994.dds] started importing
 21.26610|I|TextureCooker| Texture[/temp/art/terrainMaterialCache/84EDE2943A635994.dds] imported in 0.21 secs
 21.27517|I|engine::`anonymous-namespace'::getPackTexture| Texture added for packing, because cache [/temp/art/terrainMaterialCache/48C1B0B9C9913545.dds] not found.
 21.31106|I|TextureCooker| Texture[/temp/art/terrainMaterialCache/48C1B0B9C9913545.dds] started importing
 21.52265|I|TextureCooker| Texture[/temp/art/terrainMaterialCache/48C1B0B9C9913545.dds] imported in 0.21 secs
 21.53107|I|engine::`anonymous-namespace'::getPackTexture| Texture added for packing, because cache [/temp/art/terrainMaterialCache/C3377F0DAA288774.dds] not found.
 21.57759|I|TextureCooker| Texture[/temp/art/terrainMaterialCache/C3377F0DAA288774.dds] started importing
 21.79486|I|TextureCooker| Texture[/temp/art/terrainMaterialCache/C3377F0DAA288774.dds] imported in 0.22 secs
 21.81013|I|engine::`anonymous-namespace'::getPackTexture| Texture added for packing, because cache [/temp/art/terrainMaterialCache/CD2C8C7A0B17864E.dds] not found.
 21.86027|I|TextureCooker| Texture[/temp/art/terrainMaterialCache/CD2C8C7A0B17864E.dds] started importing
 22.07513|I|TextureCooker| Texture[/temp/art/terrainMaterialCache/CD2C8C7A0B17864E.dds] imported in 0.21 secs
 22.08957|I|engine::`anonymous-namespace'::getPackTexture| Texture added for packing, because cache [/temp/art/terrainMaterialCache/65F08D63A53B3026.dds] not found.
 22.12309|I|TextureCooker| Texture[/temp/art/terrainMaterialCache/65F08D63A53B3026.dds] started importing
 22.34161|I|TextureCooker| Texture[/temp/art/terrainMaterialCache/65F08D63A53B3026.dds] imported in 0.22 secs
 22.34978|I|engine::`anonymous-namespace'::getPackTexture| Texture added for packing, because cache [/temp/art/terrainMaterialCache/32AF102C16A9F7EF.dds] not found.
 22.38753|I|TextureCooker| Texture[/temp/art/terrainMaterialCache/32AF102C16A9F7EF.dds] started importing
 22.60363|I|TextureCooker| Texture[/temp/art/terrainMaterialCache/32AF102C16A9F7EF.dds] imported in 0.21 secs
 22.61238|I|engine::TerrainCellMaterial::init| Loading TerrainMaterialTextureSet done.
 23.06220|D|engine::GFXD3D11Shader::_loadCompiledShaderStage| shader compiled with warning(s): shaders/common/terrain/terrain.h.hlsl(306,17-31): warning X3550: array reference cannot be used as an l-value; not natively addressable, forcing loop to unroll
shaders/common/terrain/terrain.h.hlsl(305,17-29): warning X3550: array reference cannot be used as an l-value; not natively addressable, forcing loop to unroll
 23.37237|D|engine::GFXD3D11Shader::_loadCompiledShaderStage| shader compiled with warning(s): shaders/common/terrain/terrain.h.hlsl(306,17-31): warning X3550: array reference cannot be used as an l-value; not natively addressable, forcing loop to unroll
shaders/common/terrain/terrain.h.hlsl(305,17-29): warning X3550: array reference cannot be used as an l-value; not natively addressable, forcing loop to unroll
 23.82675|D|engine::GFXD3D11Shader::_loadCompiledShaderStage| shader compiled with warning(s): shaders/common/terrain/terrain.h.hlsl(306,17-31): warning X3550: array reference cannot be used as an l-value; not natively addressable, forcing loop to unroll
shaders/common/terrain/terrain.h.hlsl(305,17-29): warning X3550: array reference cannot be used as an l-value; not natively addressable, forcing loop to unroll
 24.06636|D|engine::GFXD3D11Shader::_loadCompiledShaderStage| shader compiled with warning(s): shaders/common/terrain/terrain.h.hlsl(306,17-31): warning X3550: array reference cannot be used as an l-value; not natively addressable, forcing loop to unroll
shaders/common/terrain/terrain.h.hlsl(305,17-29): warning X3550: array reference cannot be used as an l-value; not natively addressable, forcing loop to unroll
 24.21145|D|engine::GFXD3D11Shader::_loadCompiledShaderStage| shader compiled with warning(s): shaders/common/terrain/terrain.h.hlsl(306,17-31): warning X3550: array reference cannot be used as an l-value; not natively addressable, forcing loop to unroll
shaders/common/terrain/terrain.h.hlsl(305,17-29): warning X3550: array reference cannot be used as an l-value; not natively addressable, forcing loop to unroll
 24.35252|D|engine::GFXD3D11Shader::_loadCompiledShaderStage| shader compiled with warning(s): shaders/common/terrain/terrain.h.hlsl(306,17-31): warning X3550: array reference cannot be used as an l-value; not natively addressable, forcing loop to unroll
shaders/common/terrain/terrain.h.hlsl(305,17-29): warning X3550: array reference cannot be used as an l-value; not natively addressable, forcing loop to unroll
 24.64679|D|engine::GFXD3D11Shader::_loadCompiledShaderStage| shader compiled with warning(s): shaders/common/terrain/terrain.h.hlsl(306,17-31): warning X3550: array reference cannot be used as an l-value; not natively addressable, forcing loop to unroll
shaders/common/terrain/terrain.h.hlsl(305,17-29): warning X3550: array reference cannot be used as an l-value; not natively addressable, forcing loop to unroll
 25.11060|D|engine::GFXD3D11Shader::_loadCompiledShaderStage| shader compiled with warning(s): shaders/common/terrain/terrain.h.hlsl(306,17-31): warning X3550: array reference cannot be used as an l-value; not natively addressable, forcing loop to unroll
shaders/common/terrain/terrain.h.hlsl(305,17-29): warning X3550: array reference cannot be used as an l-value; not natively addressable, forcing loop to unroll
 25.25151|D|LoadingManager| Loaded     1x    Terrain::TerrainBlock         in 13.449s (13.449s each; 13.449s total so far in this category)
 25.32106|D|LoadingManager| Loaded     2x Environment::CloudLayer           in 0.069s (0.035s each; 0.069s total so far in this category)
 25.47238|D|engine::GFXD3D11Shader::_loadCompiledShaderStage| shader compiled with warning(s): D:\SteamLibrary\steamapps\common\BeamNG.drive\shaders\common\material\shadergen\v0\defaultMatV0.hlsl(118,5-75): warning X3557: loop only executes for 1 iteration(s), forcing loop to unroll
 25.47288|D|LoadingManager| Loaded     1x Environment::ScatterSky           in 0.152s (0.152s each; 0.221s total so far in this category)
 25.69584|D|engine::GFXD3D11Shader::_loadCompiledShaderStage| shader compiled with warning(s): D:\SteamLibrary\steamapps\common\BeamNG.drive\shaders\common\material\shadergen\v0\defaultMatV0.hlsl(118,5-75): warning X3557: loop only executes for 1 iteration(s), forcing loop to unroll
 25.90206|D|engine::GFXD3D11Shader::_loadCompiledShaderStage| shader compiled with warning(s): D:\SteamLibrary\steamapps\common\BeamNG.drive\shaders\common\material\shadergen\v0\defaultMatV0.hlsl(118,5-75): warning X3557: loop only executes for 1 iteration(s), forcing loop to unroll
 26.09739|D|engine::GFXD3D11Shader::_loadCompiledShaderStage| shader compiled with warning(s): D:\SteamLibrary\steamapps\common\BeamNG.drive\shaders\common\material\shadergen\v0\defaultMatV0.hlsl(118,5-75): warning X3557: loop only executes for 1 iteration(s), forcing loop to unroll
 26.09969|D|LoadingManager| Loaded    10x Environment::GroundCover          in 0.622s (0.062s each; 0.848s total so far in this category)
 26.31776|D|engine::Forest::reloadData| Read 136959 forest items split into 153 different types
 26.77521|D|engine::GFXD3D11Shader::_loadCompiledShaderStage| shader compiled with warning(s): D:\SteamLibrary\steamapps\common\BeamNG.drive\shaders\common\material\shadergen\v0\defaultMatV0.hlsl(118,5-75): warning X3557: loop only executes for 1 iteration(s), forcing loop to unroll
 26.97477|D|engine::GFXD3D11Shader::_loadCompiledShaderStage| shader compiled with warning(s): D:\SteamLibrary\steamapps\common\BeamNG.drive\shaders\common\material\shadergen\v0\defaultMatV0.hlsl(118,5-75): warning X3557: loop only executes for 1 iteration(s), forcing loop to unroll
 27.56334|D|engine::GFXD3D11Shader::_loadCompiledShaderStage| shader compiled with warning(s): D:\SteamLibrary\steamapps\common\BeamNG.drive\shaders\common\material\shadergen\v0\defaultMatV0.hlsl(118,5-75): warning X3557: loop only executes for 1 iteration(s), forcing loop to unroll
 28.40879|D|engine::GFXD3D11Shader::_loadCompiledShaderStage| shader compiled with warning(s): D:\SteamLibrary\steamapps\common\BeamNG.drive\shaders\common\material\shadergen\v0\defaultMatV0.hlsl(118,5-75): warning X3557: loop only executes for 1 iteration(s), forcing loop to unroll
 28.65630|D|engine::GFXD3D11Shader::_loadCompiledShaderStage| shader compiled with warning(s): D:\SteamLibrary\steamapps\common\BeamNG.drive\shaders\common\material\shadergen\v0\defaultMatV0.hlsl(118,5-75): warning X3557: loop only executes for 1 iteration(s), forcing loop to unroll
 29.30106|D|engine::GFXD3D11Shader::_loadCompiledShaderStage| shader compiled with warning(s): D:\SteamLibrary\steamapps\common\BeamNG.drive\shaders\common\material\shadergen\v0\defaultMatV0.hlsl(118,5-75): warning X3557: loop only executes for 1 iteration(s), forcing loop to unroll
 30.32753|D|engine::GFXD3D11Shader::_loadCompiledShaderStage| shader compiled with warning(s): D:\SteamLibrary\steamapps\common\BeamNG.drive\shaders\common\material\shadergen\v0\defaultMatV0.hlsl(118,5-75): warning X3557: loop only executes for 1 iteration(s), forcing loop to unroll
 30.60609|D|engine::GFXD3D11Shader::_loadCompiledShaderStage| shader compiled with warning(s): D:\SteamLibrary\steamapps\common\BeamNG.drive\shaders\common\material\shadergen\v0\defaultMatV0.hlsl(118,5-75): warning X3557: loop only executes for 1 iteration(s), forcing loop to unroll
 31.11033|D|engine::GFXD3D11Shader::_loadCompiledShaderStage| shader compiled with warning(s): D:\SteamLibrary\steamapps\common\BeamNG.drive\shaders\common\material\shadergen\v0\defaultMatV0.hlsl(118,5-75): warning X3557: loop only executes for 1 iteration(s), forcing loop to unroll
 31.26155|D|engine::GFXD3D11Shader::_loadCompiledShaderStage| shader compiled with warning(s): D:\SteamLibrary\steamapps\common\BeamNG.drive\shaders\common\material\shadergen\v0\defaultMatV0.hlsl(118,5-75): warning X3557: loop only executes for 1 iteration(s), forcing loop to unroll
 32.10884|D|engine::GFXD3D11Shader::_loadCompiledShaderStage| shader compiled with warning(s): D:\SteamLibrary\steamapps\common\BeamNG.drive\shaders\common\material\shadergen\v0\defaultMatV0.hlsl(118,5-75): warning X3557: loop only executes for 1 iteration(s), forcing loop to unroll
 32.32149|D|engine::GFXD3D11Shader::_loadCompiledShaderStage| shader compiled with warning(s): D:\SteamLibrary\steamapps\common\BeamNG.drive\shaders\common\material\shadergen\v0\defaultMatV0.hlsl(118,5-75): warning X3557: loop only executes for 1 iteration(s), forcing loop to unroll
 33.01972|D|engine::GFXD3D11Shader::_loadCompiledShaderStage| shader compiled with warning(s): D:\SteamLibrary\steamapps\common\BeamNG.drive\shaders\common\material\shadergen\v0\defaultMatV0.hlsl(118,5-75): warning X3557: loop only executes for 1 iteration(s), forcing loop to unroll
 33.25702|D|engine::GFXD3D11Shader::_loadCompiledShaderStage| shader compiled with warning(s): D:\SteamLibrary\steamapps\common\BeamNG.drive\shaders\common\material\shadergen\v0\defaultMatV0.hlsl(118,5-75): warning X3557: loop only executes for 1 iteration(s), forcing loop to unroll
 33.48241|D|engine::GFXD3D11Shader::_loadCompiledShaderStage| shader compiled with warning(s): D:\SteamLibrary\steamapps\common\BeamNG.drive\shaders\common\material\shadergen\v0\defaultMatV0.hlsl(118,5-75): warning X3557: loop only executes for 1 iteration(s), forcing loop to unroll
 34.40927|D|engine::GFXD3D11Shader::_loadCompiledShaderStage| shader compiled with warning(s): D:\SteamLibrary\steamapps\common\BeamNG.drive\shaders\common\material\shadergen\v0\defaultMatV0.hlsl(118,5-75): warning X3557: loop only executes for 1 iteration(s), forcing loop to unroll
 34.80752|D|engine::GFXD3D11Shader::_loadCompiledShaderStage| shader compiled with warning(s): D:\SteamLibrary\steamapps\common\BeamNG.drive\shaders\common\material\shadergen\v0\defaultMatV0.hlsl(118,5-75): warning X3557: loop only executes for 1 iteration(s), forcing loop to unroll
 35.36184|D|engine::GFXD3D11Shader::_loadCompiledShaderStage| shader compiled with warning(s): D:\SteamLibrary\steamapps\common\BeamNG.drive\shaders\common\material\shadergen\v0\defaultMatV0.hlsl(47,51-72): warning X3550: sampler array index must be a literal expression, forcing loop to unroll
 35.63796|D|engine::GFXD3D11Shader::_loadCompiledShaderStage| shader compiled with warning(s): D:\SteamLibrary\steamapps\common\BeamNG.drive\shaders\common\material\shadergen\v0\defaultMatV0.hlsl(118,5-75): warning X3557: loop only executes for 1 iteration(s), forcing loop to unroll
 36.10264|D|engine::GFXD3D11Shader::_loadCompiledShaderStage| shader compiled with warning(s): D:\SteamLibrary\steamapps\common\BeamNG.drive\shaders\common\material\shadergen\v0\defaultMatV0.hlsl(47,51-72): warning X3550: sampler array index must be a literal expression, forcing loop to unroll
 36.41311|D|engine::GFXD3D11Shader::_loadCompiledShaderStage| shader compiled with warning(s): D:\SteamLibrary\steamapps\common\BeamNG.drive\shaders\common\material\shadergen\v0\defaultMatV0.hlsl(47,51-72): warning X3550: sampler array index must be a literal expression, forcing loop to unroll
 36.78743|D|LoadingManager| Loaded     1x     Forest::Forest               in 10.687s (10.687s each; 10.687s total so far in this category)
 37.55401|D|engine::GFXD3D11Shader::_loadCompiledShaderStage| shader compiled with warning(s): D:\SteamLibrary\steamapps\common\BeamNG.drive\shaders\common\material\shadergen\v0\defaultMatV0.hlsl(118,5-75): warning X3557: loop only executes for 1 iteration(s), forcing loop to unroll
 39.12883|D|engine::GFXD3D11Shader::_loadCompiledShaderStage| shader compiled with warning(s): D:\SteamLibrary\steamapps\common\BeamNG.drive\shaders\common\material\shadergen\v0\defaultMatV0.hlsl(118,5-75): warning X3557: loop only executes for 1 iteration(s), forcing loop to unroll
 39.36289|D|engine::GFXD3D11Shader::_loadCompiledShaderStage| shader compiled with warning(s): D:\SteamLibrary\stea